06 26, 2020 11:01:56 上午 cn.kayleh.diyTomcat.catalina.Context <init>
INFO : Deploying web application directory D:\project\diyTomcat\webapps\a
06 26, 2020 11:01:57 上午 cn.kayleh.diyTomcat.catalina.Context <init>
INFO : Deployment of web application directory D:\project\diyTomcat\webapps\a has finished in 595 ms
06 26, 2020 11:01:57 上午 cn.kayleh.diyTomcat.catalina.Context <init>
INFO : Deploying web application directory D:\project\diyTomcat\webapps\j2ee
06 26, 2020 11:01:57 上午 cn.kayleh.diyTomcat.catalina.Context <init>
INFO : Deployment of web application directory D:\project\diyTomcat\webapps\j2ee has finished in 60 ms
06 26, 2020 11:01:57 上午 cn.kayleh.diyTomcat.catalina.Context <init>
INFO : Deploying web application directory D:\project\diyTomcat\webapps\javaweb0
06 26, 2020 11:01:57 上午 cn.kayleh.diyTomcat.catalina.Context <init>
INFO : Deployment of web application directory D:\project\diyTomcat\webapps\javaweb0 has finished in 123 ms
06 26, 2020 11:01:57 上午 cn.kayleh.diyTomcat.catalina.Context <init>
INFO : Deploying web application directory D:\project\diyTomcat\webapps\javaweb1
06 26, 2020 11:01:57 上午 cn.kayleh.diyTomcat.catalina.Context <init>
INFO : Deployment of web application directory D:\project\diyTomcat\webapps\javaweb1 has finished in 153 ms
06 26, 2020 11:01:57 上午 cn.kayleh.diyTomcat.catalina.Context <init>
INFO : Deploying web application directory D:\project\diyTomcat\webapps\ROOT
06 26, 2020 11:01:57 上午 cn.kayleh.diyTomcat.catalina.Context <init>
INFO : Deployment of web application directory D:\project\diyTomcat\webapps\ROOT has finished in 12 ms
06 26, 2020 11:01:57 上午 cn.kayleh.diyTomcat.catalina.Context <init>
INFO : Deploying web application directory d:/project/diyTomcat/b
06 26, 2020 11:01:57 上午 cn.kayleh.diyTomcat.catalina.Context <init>
INFO : Deployment of web application directory d:/project/diyTomcat/b has finished in 6 ms
06 26, 2020 11:01:57 上午 cn.kayleh.diyTomcat.catalina.Context <init>
INFO : Deploying web application directory d:/project/javaee/web
06 26, 2020 11:01:57 上午 cn.kayleh.diyTomcat.catalina.Context <init>
INFO : Deployment of web application directory d:/project/javaee/web has finished in 89 ms
06 26, 2020 11:01:57 上午 cn.kayleh.diyTomcat.catalina.Server logJVM
INFO : Server version:		Kayleh DiyTomcat/1.0.1
06 26, 2020 11:01:57 上午 cn.kayleh.diyTomcat.catalina.Server logJVM
INFO : Server built:		2020-06-11 15:55:01
06 26, 2020 11:01:57 上午 cn.kayleh.diyTomcat.catalina.Server logJVM
INFO : Server number:		1.0.1
06 26, 2020 11:01:57 上午 cn.kayleh.diyTomcat.catalina.Server logJVM
INFO : OS Name	:		Windows 10
06 26, 2020 11:01:57 上午 cn.kayleh.diyTomcat.catalina.Server logJVM
INFO : OS Version:		10.0
06 26, 2020 11:01:57 上午 cn.kayleh.diyTomcat.catalina.Server logJVM
INFO : Architecture:		amd64
06 26, 2020 11:01:57 上午 cn.kayleh.diyTomcat.catalina.Server logJVM
INFO : Java Home:		D:\jdk\jre
06 26, 2020 11:01:57 上午 cn.kayleh.diyTomcat.catalina.Server logJVM
INFO : JVM Version:		1.8.0_181-b13
06 26, 2020 11:01:57 上午 cn.kayleh.diyTomcat.catalina.Server logJVM
INFO : JVM Vendor:		Oracle Corporation
06 26, 2020 11:01:57 上午 cn.kayleh.diyTomcat.catalina.Connector init
INFO : Initializing ProtocolHandler [http-bio-8888]
06 26, 2020 11:01:57 上午 cn.kayleh.diyTomcat.catalina.Connector init
INFO : Initializing ProtocolHandler [http-bio-7777]
06 26, 2020 11:01:57 上午 cn.kayleh.diyTomcat.catalina.Connector init
INFO : Initializing ProtocolHandler [http-bio-6666]
06 26, 2020 11:01:57 上午 cn.kayleh.diyTomcat.catalina.Service init
INFO : Initialization processed in 1 ms
06 26, 2020 11:01:57 上午 cn.kayleh.diyTomcat.catalina.Connector start
INFO : Starting ProtocolHandler [http-bio-8888]
06 26, 2020 11:01:57 上午 cn.kayleh.diyTomcat.catalina.Connector start
INFO : Starting ProtocolHandler [http-bio-7777]
06 26, 2020 11:01:57 上午 cn.kayleh.diyTomcat.catalina.Connector start
INFO : Starting ProtocolHandler [http-bio-6666]
06 26, 2020 11:01:57 上午 cn.kayleh.diyTomcat.catalina.Server start
INFO : Server startup in 9 ms
06 26, 2020 11:02:11 上午 cn.kayleh.diyTomcat.watcher.ContextFileChangeWatcher$1 dealWith
INFO : cn.kayleh.diyTomcat.watcher.ContextFileChangeWatcher@379fcb18 检测到了Web应用下的重要文件变化 URLFilter.class 
06 26, 2020 11:02:11 上午 cn.kayleh.diyTomcat.catalina.Host reload
INFO : Reloading Context with name [/javaee] has started
06 26, 2020 11:02:11 上午 cn.kayleh.diyTomcat.catalina.Context <init>
INFO : Deploying web application directory d:/project/javaee/web
06 26, 2020 11:03:37 上午 cn.kayleh.diyTomcat.catalina.Context <init>
INFO : Deploying web application directory D:\project\diyTomcat\webapps\a
06 26, 2020 11:03:37 上午 cn.kayleh.diyTomcat.catalina.Context <init>
INFO : Deployment of web application directory D:\project\diyTomcat\webapps\a has finished in 221 ms
06 26, 2020 11:03:37 上午 cn.kayleh.diyTomcat.catalina.Context <init>
INFO : Deploying web application directory D:\project\diyTomcat\webapps\j2ee
06 26, 2020 11:03:37 上午 cn.kayleh.diyTomcat.catalina.Context <init>
INFO : Deployment of web application directory D:\project\diyTomcat\webapps\j2ee has finished in 17 ms
06 26, 2020 11:03:37 上午 cn.kayleh.diyTomcat.catalina.Context <init>
INFO : Deploying web application directory D:\project\diyTomcat\webapps\javaweb0
06 26, 2020 11:03:37 上午 cn.kayleh.diyTomcat.catalina.Context <init>
INFO : Deployment of web application directory D:\project\diyTomcat\webapps\javaweb0 has finished in 57 ms
06 26, 2020 11:03:37 上午 cn.kayleh.diyTomcat.catalina.Context <init>
INFO : Deploying web application directory D:\project\diyTomcat\webapps\javaweb1
06 26, 2020 11:03:37 上午 cn.kayleh.diyTomcat.catalina.Context <init>
INFO : Deployment of web application directory D:\project\diyTomcat\webapps\javaweb1 has finished in 30 ms
06 26, 2020 11:03:37 上午 cn.kayleh.diyTomcat.catalina.Context <init>
INFO : Deploying web application directory D:\project\diyTomcat\webapps\ROOT
06 26, 2020 11:03:37 上午 cn.kayleh.diyTomcat.catalina.Context <init>
INFO : Deployment of web application directory D:\project\diyTomcat\webapps\ROOT has finished in 5 ms
06 26, 2020 11:03:37 上午 cn.kayleh.diyTomcat.catalina.Context <init>
INFO : Deploying web application directory d:/project/diyTomcat/b
06 26, 2020 11:03:37 上午 cn.kayleh.diyTomcat.catalina.Context <init>
INFO : Deployment of web application directory d:/project/diyTomcat/b has finished in 3 ms
06 26, 2020 11:03:37 上午 cn.kayleh.diyTomcat.catalina.Context <init>
INFO : Deploying web application directory d:/project/javaee/web
06 26, 2020 11:03:37 上午 cn.kayleh.diyTomcat.catalina.Context <init>
INFO : Deployment of web application directory d:/project/javaee/web has finished in 18 ms
06 26, 2020 11:03:37 上午 cn.kayleh.diyTomcat.catalina.Server logJVM
INFO : Server version:		Kayleh DiyTomcat/1.0.1
06 26, 2020 11:03:37 上午 cn.kayleh.diyTomcat.catalina.Server logJVM
INFO : Server built:		2020-06-11 15:55:01
06 26, 2020 11:03:37 上午 cn.kayleh.diyTomcat.catalina.Server logJVM
INFO : Server number:		1.0.1
06 26, 2020 11:03:37 上午 cn.kayleh.diyTomcat.catalina.Server logJVM
INFO : OS Name	:		Windows 10
06 26, 2020 11:03:37 上午 cn.kayleh.diyTomcat.catalina.Server logJVM
INFO : OS Version:		10.0
06 26, 2020 11:03:37 上午 cn.kayleh.diyTomcat.catalina.Server logJVM
INFO : Architecture:		amd64
06 26, 2020 11:03:37 上午 cn.kayleh.diyTomcat.catalina.Server logJVM
INFO : Java Home:		D:\jdk\jre
06 26, 2020 11:03:37 上午 cn.kayleh.diyTomcat.catalina.Server logJVM
INFO : JVM Version:		1.8.0_181-b13
06 26, 2020 11:03:37 上午 cn.kayleh.diyTomcat.catalina.Server logJVM
INFO : JVM Vendor:		Oracle Corporation
06 26, 2020 11:03:37 上午 cn.kayleh.diyTomcat.catalina.Connector init
INFO : Initializing ProtocolHandler [http-bio-8888]
06 26, 2020 11:03:37 上午 cn.kayleh.diyTomcat.catalina.Connector init
INFO : Initializing ProtocolHandler [http-bio-7777]
06 26, 2020 11:03:37 上午 cn.kayleh.diyTomcat.catalina.Connector init
INFO : Initializing ProtocolHandler [http-bio-6666]
06 26, 2020 11:03:37 上午 cn.kayleh.diyTomcat.catalina.Service init
INFO : Initialization processed in 1 ms
06 26, 2020 11:03:37 上午 cn.kayleh.diyTomcat.catalina.Connector start
INFO : Starting ProtocolHandler [http-bio-8888]
06 26, 2020 11:03:37 上午 cn.kayleh.diyTomcat.catalina.Connector start
INFO : Starting ProtocolHandler [http-bio-7777]
06 26, 2020 11:03:37 上午 cn.kayleh.diyTomcat.catalina.Connector start
INFO : Starting ProtocolHandler [http-bio-6666]
06 26, 2020 11:03:37 上午 cn.kayleh.diyTomcat.catalina.Server start
INFO : Server startup in 10 ms
06 26, 2020 11:04:12 上午 cn.kayleh.diyTomcat.watcher.ContextFileChangeWatcher$1 dealWith
INFO : cn.kayleh.diyTomcat.watcher.ContextFileChangeWatcher@38da025f 检测到了Web应用下的重要文件变化 ParamServlet.class 
06 26, 2020 11:04:12 上午 cn.kayleh.diyTomcat.catalina.Host reload
INFO : Reloading Context with name [/javaee] has started
06 26, 2020 11:04:12 上午 cn.kayleh.diyTomcat.catalina.Context <init>
INFO : Deploying web application directory d:/project/javaee/web
06 26, 2020 11:05:55 上午 cn.kayleh.diyTomcat.catalina.HttpProcessor error
ERROR: this is a deliberately created exception
java.lang.RuntimeException: this is a deliberately created exception
	at cn.kayleh.diyTomcat.servlets.DefaultServlet.service(DefaultServlet.java:44)
	at javax.servlet.http.HttpServlet.service(HttpServlet.java:731)
	at cn.kayleh.diyTomcat.catalina.ApplicationFilterChain.doFilter(ApplicationFilterChain.java:29)
	at cn.kayleh.diyTomcat.catalina.HttpProcessor.execute(HttpProcessor.java:51)
	at cn.kayleh.diyTomcat.catalina.Connector$1.run(Connector.java:54)
	at java.util.concurrent.ThreadPoolExecutor.runWorker(ThreadPoolExecutor.java:1149)
	at java.util.concurrent.ThreadPoolExecutor$Worker.run(ThreadPoolExecutor.java:624)
	at java.lang.Thread.run(Thread.java:748)
06 26, 2020 11:06:15 上午 cn.kayleh.diyTomcat.catalina.HttpProcessor error
ERROR: this is a deliberately created exception
java.lang.RuntimeException: this is a deliberately created exception
	at cn.kayleh.diyTomcat.servlets.DefaultServlet.service(DefaultServlet.java:44)
	at javax.servlet.http.HttpServlet.service(HttpServlet.java:731)
	at cn.kayleh.diyTomcat.catalina.ApplicationFilterChain.doFilter(ApplicationFilterChain.java:29)
	at cn.kayleh.diyTomcat.catalina.HttpProcessor.execute(HttpProcessor.java:51)
	at cn.kayleh.diyTomcat.catalina.Connector$1.run(Connector.java:54)
	at java.util.concurrent.ThreadPoolExecutor.runWorker(ThreadPoolExecutor.java:1149)
	at java.util.concurrent.ThreadPoolExecutor$Worker.run(ThreadPoolExecutor.java:624)
	at java.lang.Thread.run(Thread.java:748)
06 26, 2020 11:19:51 上午 cn.kayleh.diyTomcat.catalina.HttpProcessor error
ERROR: this is a deliberately created exception
java.lang.RuntimeException: this is a deliberately created exception
	at cn.kayleh.diyTomcat.servlets.DefaultServlet.service(DefaultServlet.java:44)
	at javax.servlet.http.HttpServlet.service(HttpServlet.java:731)
	at cn.kayleh.diyTomcat.catalina.ApplicationFilterChain.doFilter(ApplicationFilterChain.java:29)
	at cn.kayleh.diyTomcat.catalina.HttpProcessor.execute(HttpProcessor.java:51)
	at cn.kayleh.diyTomcat.catalina.Connector$1.run(Connector.java:54)
	at java.util.concurrent.ThreadPoolExecutor.runWorker(ThreadPoolExecutor.java:1149)
	at java.util.concurrent.ThreadPoolExecutor$Worker.run(ThreadPoolExecutor.java:624)
	at java.lang.Thread.run(Thread.java:748)
06 26, 2020 11:19:57 上午 cn.kayleh.diyTomcat.catalina.HttpProcessor error
ERROR: this is a deliberately created exception
java.lang.RuntimeException: this is a deliberately created exception
	at cn.kayleh.diyTomcat.servlets.DefaultServlet.service(DefaultServlet.java:44)
	at javax.servlet.http.HttpServlet.service(HttpServlet.java:731)
	at cn.kayleh.diyTomcat.catalina.ApplicationFilterChain.doFilter(ApplicationFilterChain.java:29)
	at cn.kayleh.diyTomcat.catalina.HttpProcessor.execute(HttpProcessor.java:51)
	at cn.kayleh.diyTomcat.catalina.Connector$1.run(Connector.java:54)
	at java.util.concurrent.ThreadPoolExecutor.runWorker(ThreadPoolExecutor.java:1149)
	at java.util.concurrent.ThreadPoolExecutor$Worker.run(ThreadPoolExecutor.java:624)
	at java.lang.Thread.run(Thread.java:748)
06 26, 2020 11:20:16 上午 cn.kayleh.diyTomcat.catalina.Context <init>
INFO : Deploying web application directory D:\project\diyTomcat\webapps\a
06 26, 2020 11:20:16 上午 cn.kayleh.diyTomcat.catalina.Context <init>
INFO : Deployment of web application directory D:\project\diyTomcat\webapps\a has finished in 130 ms
06 26, 2020 11:20:16 上午 cn.kayleh.diyTomcat.catalina.Context <init>
INFO : Deploying web application directory D:\project\diyTomcat\webapps\j2ee
06 26, 2020 11:20:16 上午 cn.kayleh.diyTomcat.catalina.Context <init>
INFO : Deployment of web application directory D:\project\diyTomcat\webapps\j2ee has finished in 11 ms
06 26, 2020 11:20:16 上午 cn.kayleh.diyTomcat.catalina.Context <init>
INFO : Deploying web application directory D:\project\diyTomcat\webapps\javaweb0
06 26, 2020 11:20:16 上午 cn.kayleh.diyTomcat.catalina.Context <init>
INFO : Deployment of web application directory D:\project\diyTomcat\webapps\javaweb0 has finished in 37 ms
06 26, 2020 11:20:16 上午 cn.kayleh.diyTomcat.catalina.Context <init>
INFO : Deploying web application directory D:\project\diyTomcat\webapps\javaweb1
06 26, 2020 11:20:16 上午 cn.kayleh.diyTomcat.catalina.Context <init>
INFO : Deployment of web application directory D:\project\diyTomcat\webapps\javaweb1 has finished in 18 ms
06 26, 2020 11:20:16 上午 cn.kayleh.diyTomcat.catalina.Context <init>
INFO : Deploying web application directory D:\project\diyTomcat\webapps\ROOT
06 26, 2020 11:20:16 上午 cn.kayleh.diyTomcat.catalina.Context <init>
INFO : Deployment of web application directory D:\project\diyTomcat\webapps\ROOT has finished in 1 ms
06 26, 2020 11:20:16 上午 cn.kayleh.diyTomcat.catalina.Context <init>
INFO : Deploying web application directory d:/project/diyTomcat/b
06 26, 2020 11:20:16 上午 cn.kayleh.diyTomcat.catalina.Context <init>
INFO : Deployment of web application directory d:/project/diyTomcat/b has finished in 2 ms
06 26, 2020 11:20:16 上午 cn.kayleh.diyTomcat.catalina.Context <init>
INFO : Deploying web application directory d:/project/javaee/web
06 26, 2020 11:20:16 上午 cn.kayleh.diyTomcat.catalina.Context <init>
INFO : Deployment of web application directory d:/project/javaee/web has finished in 15 ms
06 26, 2020 11:20:16 上午 cn.kayleh.diyTomcat.catalina.Server logJVM
INFO : Server version:		Kayleh DiyTomcat/1.0.1
06 26, 2020 11:20:16 上午 cn.kayleh.diyTomcat.catalina.Server logJVM
INFO : Server built:		2020-06-11 15:55:01
06 26, 2020 11:20:16 上午 cn.kayleh.diyTomcat.catalina.Server logJVM
INFO : Server number:		1.0.1
06 26, 2020 11:20:16 上午 cn.kayleh.diyTomcat.catalina.Server logJVM
INFO : OS Name	:		Windows 10
06 26, 2020 11:20:16 上午 cn.kayleh.diyTomcat.catalina.Server logJVM
INFO : OS Version:		10.0
06 26, 2020 11:20:16 上午 cn.kayleh.diyTomcat.catalina.Server logJVM
INFO : Architecture:		amd64
06 26, 2020 11:20:16 上午 cn.kayleh.diyTomcat.catalina.Server logJVM
INFO : Java Home:		D:\jdk\jre
06 26, 2020 11:20:16 上午 cn.kayleh.diyTomcat.catalina.Server logJVM
INFO : JVM Version:		1.8.0_181-b13
06 26, 2020 11:20:16 上午 cn.kayleh.diyTomcat.catalina.Server logJVM
INFO : JVM Vendor:		Oracle Corporation
06 26, 2020 11:20:16 上午 cn.kayleh.diyTomcat.catalina.Connector init
INFO : Initializing ProtocolHandler [http-bio-8888]
06 26, 2020 11:20:16 上午 cn.kayleh.diyTomcat.catalina.Connector init
INFO : Initializing ProtocolHandler [http-bio-7777]
06 26, 2020 11:20:16 上午 cn.kayleh.diyTomcat.catalina.Connector init
INFO : Initializing ProtocolHandler [http-bio-6666]
06 26, 2020 11:20:16 上午 cn.kayleh.diyTomcat.catalina.Service init
INFO : Initialization processed in 1 ms
06 26, 2020 11:20:16 上午 cn.kayleh.diyTomcat.catalina.Connector start
INFO : Starting ProtocolHandler [http-bio-8888]
06 26, 2020 11:20:16 上午 cn.kayleh.diyTomcat.catalina.Connector start
INFO : Starting ProtocolHandler [http-bio-7777]
06 26, 2020 11:20:16 上午 cn.kayleh.diyTomcat.catalina.Connector start
INFO : Starting ProtocolHandler [http-bio-6666]
06 26, 2020 11:20:16 上午 cn.kayleh.diyTomcat.catalina.Server start
INFO : Server startup in 7 ms
06 26, 2020 11:20:16 上午 cn.kayleh.diyTomcat.catalina.Connector error
ERROR: Address already in use: JVM_Bind
java.net.BindException: Address already in use: JVM_Bind
	at java.net.DualStackPlainSocketImpl.bind0(Native Method)
	at java.net.DualStackPlainSocketImpl.socketBind(DualStackPlainSocketImpl.java:106)
	at java.net.AbstractPlainSocketImpl.bind(AbstractPlainSocketImpl.java:387)
	at java.net.PlainSocketImpl.bind(PlainSocketImpl.java:190)
	at java.net.ServerSocket.bind(ServerSocket.java:375)
	at java.net.ServerSocket.<init>(ServerSocket.java:237)
	at java.net.ServerSocket.<init>(ServerSocket.java:128)
	at cn.kayleh.diyTomcat.catalina.Connector.run(Connector.java:41)
	at java.lang.Thread.run(Thread.java:748)
06 26, 2020 11:20:16 上午 cn.kayleh.diyTomcat.catalina.Connector error
ERROR: Address already in use: JVM_Bind
java.net.BindException: Address already in use: JVM_Bind
	at java.net.DualStackPlainSocketImpl.bind0(Native Method)
	at java.net.DualStackPlainSocketImpl.socketBind(DualStackPlainSocketImpl.java:106)
	at java.net.AbstractPlainSocketImpl.bind(AbstractPlainSocketImpl.java:387)
	at java.net.PlainSocketImpl.bind(PlainSocketImpl.java:190)
	at java.net.ServerSocket.bind(ServerSocket.java:375)
	at java.net.ServerSocket.<init>(ServerSocket.java:237)
	at java.net.ServerSocket.<init>(ServerSocket.java:128)
	at cn.kayleh.diyTomcat.catalina.Connector.run(Connector.java:41)
	at java.lang.Thread.run(Thread.java:748)
06 26, 2020 11:20:16 上午 cn.kayleh.diyTomcat.catalina.Connector error
ERROR: Address already in use: JVM_Bind
java.net.BindException: Address already in use: JVM_Bind
	at java.net.DualStackPlainSocketImpl.bind0(Native Method)
	at java.net.DualStackPlainSocketImpl.socketBind(DualStackPlainSocketImpl.java:106)
	at java.net.AbstractPlainSocketImpl.bind(AbstractPlainSocketImpl.java:387)
	at java.net.PlainSocketImpl.bind(PlainSocketImpl.java:190)
	at java.net.ServerSocket.bind(ServerSocket.java:375)
	at java.net.ServerSocket.<init>(ServerSocket.java:237)
	at java.net.ServerSocket.<init>(ServerSocket.java:128)
	at cn.kayleh.diyTomcat.catalina.Connector.run(Connector.java:41)
	at java.lang.Thread.run(Thread.java:748)
06 26, 2020 11:20:29 上午 cn.kayleh.diyTomcat.catalina.Context <init>
INFO : Deploying web application directory D:\project\diyTomcat\webapps\a
06 26, 2020 11:20:29 上午 cn.kayleh.diyTomcat.catalina.Context <init>
INFO : Deployment of web application directory D:\project\diyTomcat\webapps\a has finished in 134 ms
06 26, 2020 11:20:29 上午 cn.kayleh.diyTomcat.catalina.Context <init>
INFO : Deploying web application directory D:\project\diyTomcat\webapps\j2ee
06 26, 2020 11:20:29 上午 cn.kayleh.diyTomcat.catalina.Context <init>
INFO : Deployment of web application directory D:\project\diyTomcat\webapps\j2ee has finished in 14 ms
06 26, 2020 11:20:29 上午 cn.kayleh.diyTomcat.catalina.Context <init>
INFO : Deploying web application directory D:\project\diyTomcat\webapps\javaweb0
06 26, 2020 11:20:29 上午 cn.kayleh.diyTomcat.catalina.Context <init>
INFO : Deployment of web application directory D:\project\diyTomcat\webapps\javaweb0 has finished in 35 ms
06 26, 2020 11:20:29 上午 cn.kayleh.diyTomcat.catalina.Context <init>
INFO : Deploying web application directory D:\project\diyTomcat\webapps\javaweb1
06 26, 2020 11:20:29 上午 cn.kayleh.diyTomcat.catalina.Context <init>
INFO : Deployment of web application directory D:\project\diyTomcat\webapps\javaweb1 has finished in 28 ms
06 26, 2020 11:20:29 上午 cn.kayleh.diyTomcat.catalina.Context <init>
INFO : Deploying web application directory D:\project\diyTomcat\webapps\ROOT
06 26, 2020 11:20:29 上午 cn.kayleh.diyTomcat.catalina.Context <init>
INFO : Deployment of web application directory D:\project\diyTomcat\webapps\ROOT has finished in 2 ms
06 26, 2020 11:20:29 上午 cn.kayleh.diyTomcat.catalina.Context <init>
INFO : Deploying web application directory d:/project/diyTomcat/b
06 26, 2020 11:20:29 上午 cn.kayleh.diyTomcat.catalina.Context <init>
INFO : Deployment of web application directory d:/project/diyTomcat/b has finished in 3 ms
06 26, 2020 11:20:29 上午 cn.kayleh.diyTomcat.catalina.Context <init>
INFO : Deploying web application directory d:/project/javaee/web
06 26, 2020 11:20:29 上午 cn.kayleh.diyTomcat.catalina.Context <init>
INFO : Deployment of web application directory d:/project/javaee/web has finished in 12 ms
06 26, 2020 11:20:29 上午 cn.kayleh.diyTomcat.catalina.Server logJVM
INFO : Server version:		Kayleh DiyTomcat/1.0.1
06 26, 2020 11:20:29 上午 cn.kayleh.diyTomcat.catalina.Server logJVM
INFO : Server built:		2020-06-11 15:55:01
06 26, 2020 11:20:29 上午 cn.kayleh.diyTomcat.catalina.Server logJVM
INFO : Server number:		1.0.1
06 26, 2020 11:20:29 上午 cn.kayleh.diyTomcat.catalina.Server logJVM
INFO : OS Name	:		Windows 10
06 26, 2020 11:20:29 上午 cn.kayleh.diyTomcat.catalina.Server logJVM
INFO : OS Version:		10.0
06 26, 2020 11:20:29 上午 cn.kayleh.diyTomcat.catalina.Server logJVM
INFO : Architecture:		amd64
06 26, 2020 11:20:29 上午 cn.kayleh.diyTomcat.catalina.Server logJVM
INFO : Java Home:		D:\jdk\jre
06 26, 2020 11:20:29 上午 cn.kayleh.diyTomcat.catalina.Server logJVM
INFO : JVM Version:		1.8.0_181-b13
06 26, 2020 11:20:29 上午 cn.kayleh.diyTomcat.catalina.Server logJVM
INFO : JVM Vendor:		Oracle Corporation
06 26, 2020 11:20:29 上午 cn.kayleh.diyTomcat.catalina.Connector init
INFO : Initializing ProtocolHandler [http-bio-8888]
06 26, 2020 11:20:29 上午 cn.kayleh.diyTomcat.catalina.Connector init
INFO : Initializing ProtocolHandler [http-bio-7777]
06 26, 2020 11:20:29 上午 cn.kayleh.diyTomcat.catalina.Connector init
INFO : Initializing ProtocolHandler [http-bio-6666]
06 26, 2020 11:20:29 上午 cn.kayleh.diyTomcat.catalina.Service init
INFO : Initialization processed in 1 ms
06 26, 2020 11:20:29 上午 cn.kayleh.diyTomcat.catalina.Connector start
INFO : Starting ProtocolHandler [http-bio-8888]
06 26, 2020 11:20:29 上午 cn.kayleh.diyTomcat.catalina.Connector start
INFO : Starting ProtocolHandler [http-bio-7777]
06 26, 2020 11:20:29 上午 cn.kayleh.diyTomcat.catalina.Connector start
INFO : Starting ProtocolHandler [http-bio-6666]
06 26, 2020 11:20:29 上午 cn.kayleh.diyTomcat.catalina.Server start
INFO : Server startup in 7 ms
06 26, 2020 11:20:32 上午 cn.kayleh.diyTomcat.catalina.HttpProcessor error
ERROR: this is a deliberately created exception
java.lang.RuntimeException: this is a deliberately created exception
	at cn.kayleh.diyTomcat.servlets.DefaultServlet.service(DefaultServlet.java:44)
	at javax.servlet.http.HttpServlet.service(HttpServlet.java:731)
	at cn.kayleh.diyTomcat.catalina.ApplicationFilterChain.doFilter(ApplicationFilterChain.java:29)
	at cn.kayleh.diyTomcat.catalina.HttpProcessor.execute(HttpProcessor.java:51)
	at cn.kayleh.diyTomcat.catalina.Connector$1.run(Connector.java:54)
	at java.util.concurrent.ThreadPoolExecutor.runWorker(ThreadPoolExecutor.java:1149)
	at java.util.concurrent.ThreadPoolExecutor$Worker.run(ThreadPoolExecutor.java:624)
	at java.lang.Thread.run(Thread.java:748)
06 26, 2020 11:20:55 上午 cn.kayleh.diyTomcat.watcher.ContextFileChangeWatcher$1 dealWith
INFO : cn.kayleh.diyTomcat.watcher.ContextFileChangeWatcher@61647cd6 检测到了Web应用下的重要文件变化 ParamServlet.class 
06 26, 2020 11:20:55 上午 cn.kayleh.diyTomcat.catalina.Host reload
INFO : Reloading Context with name [/javaee] has started
06 26, 2020 11:20:55 上午 cn.kayleh.diyTomcat.catalina.Context <init>
INFO : Deploying web application directory d:/project/javaee/web
06 26, 2020 11:20:55 上午 cn.kayleh.diyTomcat.catalina.Context <init>
INFO : Deployment of web application directory d:/project/javaee/web has finished in 7 ms
06 26, 2020 11:20:55 上午 cn.kayleh.diyTomcat.catalina.Host reload
INFO : Reloading Context with name [/javaee] has completed
06 26, 2020 11:20:55 上午 cn.kayleh.diyTomcat.watcher.ContextFileChangeWatcher$1 dealWith
INFO : cn.kayleh.diyTomcat.watcher.ContextFileChangeWatcher@e8f9779 检测到了Web应用下的重要文件变化 ParamServlet.class 
06 26, 2020 11:20:55 上午 cn.kayleh.diyTomcat.catalina.Host reload
INFO : Reloading Context with name [/javaee] has started
06 26, 2020 11:20:55 上午 cn.kayleh.diyTomcat.catalina.Context <init>
INFO : Deploying web application directory d:/project/javaee/web
06 26, 2020 11:20:55 上午 cn.kayleh.diyTomcat.catalina.Context <init>
INFO : Deployment of web application directory d:/project/javaee/web has finished in 17 ms
06 26, 2020 11:20:55 上午 cn.kayleh.diyTomcat.catalina.Host reload
INFO : Reloading Context with name [/javaee] has completed
06 26, 2020 11:21:33 上午 cn.kayleh.diyTomcat.watcher.ContextFileChangeWatcher$1 dealWith
INFO : cn.kayleh.diyTomcat.watcher.ContextFileChangeWatcher@18f8b8a9 检测到了Web应用下的重要文件变化 ParamServlet.class 
06 26, 2020 11:21:33 上午 cn.kayleh.diyTomcat.catalina.Host reload
INFO : Reloading Context with name [/javaee] has started
06 26, 2020 11:21:33 上午 cn.kayleh.diyTomcat.catalina.Context <init>
INFO : Deploying web application directory d:/project/javaee/web
06 26, 2020 11:21:33 上午 cn.kayleh.diyTomcat.catalina.Context <init>
INFO : Deployment of web application directory d:/project/javaee/web has finished in 11 ms
06 26, 2020 11:21:33 上午 cn.kayleh.diyTomcat.catalina.Host reload
INFO : Reloading Context with name [/javaee] has completed
06 26, 2020 11:21:33 上午 cn.kayleh.diyTomcat.watcher.ContextFileChangeWatcher$1 dealWith
INFO : cn.kayleh.diyTomcat.watcher.ContextFileChangeWatcher@31ce5a20 检测到了Web应用下的重要文件变化 ParamServlet.class 
06 26, 2020 11:21:33 上午 cn.kayleh.diyTomcat.catalina.Host reload
INFO : Reloading Context with name [/javaee] has started
06 26, 2020 11:21:33 上午 cn.kayleh.diyTomcat.catalina.Context <init>
INFO : Deploying web application directory d:/project/javaee/web
06 26, 2020 11:21:33 上午 cn.kayleh.diyTomcat.catalina.Context <init>
INFO : Deployment of web application directory d:/project/javaee/web has finished in 8 ms
06 26, 2020 11:21:33 上午 cn.kayleh.diyTomcat.catalina.Host reload
INFO : Reloading Context with name [/javaee] has completed
06 26, 2020 11:22:06 上午 cn.kayleh.diyTomcat.catalina.Context <init>
INFO : Deploying web application directory D:\project\diyTomcat\webapps\a
06 26, 2020 11:22:06 上午 cn.kayleh.diyTomcat.catalina.Context <init>
INFO : Deployment of web application directory D:\project\diyTomcat\webapps\a has finished in 297 ms
06 26, 2020 11:22:06 上午 cn.kayleh.diyTomcat.catalina.Context <init>
INFO : Deploying web application directory D:\project\diyTomcat\webapps\j2ee
06 26, 2020 11:22:06 上午 cn.kayleh.diyTomcat.catalina.Context <init>
INFO : Deployment of web application directory D:\project\diyTomcat\webapps\j2ee has finished in 68 ms
06 26, 2020 11:22:06 上午 cn.kayleh.diyTomcat.catalina.Context <init>
INFO : Deploying web application directory D:\project\diyTomcat\webapps\javaweb0
06 26, 2020 11:22:07 上午 cn.kayleh.diyTomcat.catalina.Context <init>
INFO : Deployment of web application directory D:\project\diyTomcat\webapps\javaweb0 has finished in 98 ms
06 26, 2020 11:22:07 上午 cn.kayleh.diyTomcat.catalina.Context <init>
INFO : Deploying web application directory D:\project\diyTomcat\webapps\javaweb1
06 26, 2020 11:22:07 上午 cn.kayleh.diyTomcat.catalina.Context <init>
INFO : Deployment of web application directory D:\project\diyTomcat\webapps\javaweb1 has finished in 41 ms
06 26, 2020 11:22:07 上午 cn.kayleh.diyTomcat.catalina.Context <init>
INFO : Deploying web application directory D:\project\diyTomcat\webapps\ROOT
06 26, 2020 11:22:07 上午 cn.kayleh.diyTomcat.catalina.Context <init>
INFO : Deployment of web application directory D:\project\diyTomcat\webapps\ROOT has finished in 2 ms
06 26, 2020 11:22:07 上午 cn.kayleh.diyTomcat.catalina.Context <init>
INFO : Deploying web application directory d:/project/diyTomcat/b
06 26, 2020 11:22:07 上午 cn.kayleh.diyTomcat.catalina.Context <init>
INFO : Deployment of web application directory d:/project/diyTomcat/b has finished in 6 ms
06 26, 2020 11:22:07 上午 cn.kayleh.diyTomcat.catalina.Context <init>
INFO : Deploying web application directory d:/project/javaee/web
06 26, 2020 11:22:07 上午 cn.kayleh.diyTomcat.catalina.Context <init>
INFO : Deployment of web application directory d:/project/javaee/web has finished in 17 ms
06 26, 2020 11:22:07 上午 cn.kayleh.diyTomcat.catalina.Server logJVM
INFO : Server version:		Kayleh DiyTomcat/1.0.1
06 26, 2020 11:22:07 上午 cn.kayleh.diyTomcat.catalina.Server logJVM
INFO : Server built:		2020-06-11 15:55:01
06 26, 2020 11:22:07 上午 cn.kayleh.diyTomcat.catalina.Server logJVM
INFO : Server number:		1.0.1
06 26, 2020 11:22:07 上午 cn.kayleh.diyTomcat.catalina.Server logJVM
INFO : OS Name	:		Windows 10
06 26, 2020 11:22:07 上午 cn.kayleh.diyTomcat.catalina.Server logJVM
INFO : OS Version:		10.0
06 26, 2020 11:22:07 上午 cn.kayleh.diyTomcat.catalina.Server logJVM
INFO : Architecture:		amd64
06 26, 2020 11:22:07 上午 cn.kayleh.diyTomcat.catalina.Server logJVM
INFO : Java Home:		D:\jdk\jre
06 26, 2020 11:22:07 上午 cn.kayleh.diyTomcat.catalina.Server logJVM
INFO : JVM Version:		1.8.0_181-b13
06 26, 2020 11:22:07 上午 cn.kayleh.diyTomcat.catalina.Server logJVM
INFO : JVM Vendor:		Oracle Corporation
06 26, 2020 11:22:07 上午 cn.kayleh.diyTomcat.catalina.Connector init
INFO : Initializing ProtocolHandler [http-bio-8888]
06 26, 2020 11:22:07 上午 cn.kayleh.diyTomcat.catalina.Connector init
INFO : Initializing ProtocolHandler [http-bio-7777]
06 26, 2020 11:22:07 上午 cn.kayleh.diyTomcat.catalina.Connector init
INFO : Initializing ProtocolHandler [http-bio-6666]
06 26, 2020 11:22:07 上午 cn.kayleh.diyTomcat.catalina.Service init
INFO : Initialization processed in 1 ms
06 26, 2020 11:22:07 上午 cn.kayleh.diyTomcat.catalina.Connector start
INFO : Starting ProtocolHandler [http-bio-8888]
06 26, 2020 11:22:07 上午 cn.kayleh.diyTomcat.catalina.Connector start
INFO : Starting ProtocolHandler [http-bio-7777]
06 26, 2020 11:22:07 上午 cn.kayleh.diyTomcat.catalina.Connector start
INFO : Starting ProtocolHandler [http-bio-6666]
06 26, 2020 11:22:07 上午 cn.kayleh.diyTomcat.catalina.Server start
INFO : Server startup in 11 ms
06 26, 2020 11:22:18 上午 cn.kayleh.diyTomcat.watcher.ContextFileChangeWatcher$1 dealWith
INFO : cn.kayleh.diyTomcat.watcher.ContextFileChangeWatcher@47579e2f 检测到了Web应用下的重要文件变化 ParamServlet.class 
06 26, 2020 11:22:18 上午 cn.kayleh.diyTomcat.catalina.Host reload
INFO : Reloading Context with name [/javaee] has started
06 26, 2020 11:22:18 上午 cn.kayleh.diyTomcat.catalina.Context <init>
INFO : Deploying web application directory d:/project/javaee/web
06 26, 2020 11:22:18 上午 cn.kayleh.diyTomcat.catalina.Context <init>
INFO : Deployment of web application directory d:/project/javaee/web has finished in 7 ms
06 26, 2020 11:22:18 上午 cn.kayleh.diyTomcat.catalina.Host reload
INFO : Reloading Context with name [/javaee] has completed
06 26, 2020 11:22:19 上午 cn.kayleh.diyTomcat.watcher.ContextFileChangeWatcher$1 dealWith
INFO : cn.kayleh.diyTomcat.watcher.ContextFileChangeWatcher@ebfb5d2 检测到了Web应用下的重要文件变化 ParamServlet.class 
06 26, 2020 11:22:19 上午 cn.kayleh.diyTomcat.catalina.Host reload
INFO : Reloading Context with name [/javaee] has started
06 26, 2020 11:22:19 上午 cn.kayleh.diyTomcat.catalina.Context <init>
INFO : Deploying web application directory d:/project/javaee/web
06 26, 2020 11:22:19 上午 cn.kayleh.diyTomcat.catalina.Context <init>
INFO : Deployment of web application directory d:/project/javaee/web has finished in 17 ms
06 26, 2020 11:22:19 上午 cn.kayleh.diyTomcat.catalina.Host reload
INFO : Reloading Context with name [/javaee] has completed
06 26, 2020 11:24:29 上午 cn.kayleh.diyTomcat.catalina.Context <init>
INFO : Deploying web application directory D:\project\diyTomcat\webapps\a
06 26, 2020 11:24:29 上午 cn.kayleh.diyTomcat.catalina.Context <init>
INFO : Deployment of web application directory D:\project\diyTomcat\webapps\a has finished in 132 ms
06 26, 2020 11:24:29 上午 cn.kayleh.diyTomcat.catalina.Context <init>
INFO : Deploying web application directory D:\project\diyTomcat\webapps\j2ee
06 26, 2020 11:24:29 上午 cn.kayleh.diyTomcat.catalina.Context <init>
INFO : Deployment of web application directory D:\project\diyTomcat\webapps\j2ee has finished in 15 ms
06 26, 2020 11:24:29 上午 cn.kayleh.diyTomcat.catalina.Context <init>
INFO : Deploying web application directory D:\project\diyTomcat\webapps\javaweb0
06 26, 2020 11:24:29 上午 cn.kayleh.diyTomcat.catalina.Context <init>
INFO : Deployment of web application directory D:\project\diyTomcat\webapps\javaweb0 has finished in 41 ms
06 26, 2020 11:24:29 上午 cn.kayleh.diyTomcat.catalina.Context <init>
INFO : Deploying web application directory D:\project\diyTomcat\webapps\javaweb1
06 26, 2020 11:24:29 上午 cn.kayleh.diyTomcat.catalina.Context <init>
INFO : Deployment of web application directory D:\project\diyTomcat\webapps\javaweb1 has finished in 31 ms
06 26, 2020 11:24:29 上午 cn.kayleh.diyTomcat.catalina.Context <init>
INFO : Deploying web application directory D:\project\diyTomcat\webapps\ROOT
06 26, 2020 11:24:29 上午 cn.kayleh.diyTomcat.catalina.Context <init>
INFO : Deployment of web application directory D:\project\diyTomcat\webapps\ROOT has finished in 2 ms
06 26, 2020 11:24:29 上午 cn.kayleh.diyTomcat.catalina.Context <init>
INFO : Deploying web application directory d:/project/diyTomcat/b
06 26, 2020 11:24:29 上午 cn.kayleh.diyTomcat.catalina.Context <init>
INFO : Deployment of web application directory d:/project/diyTomcat/b has finished in 3 ms
06 26, 2020 11:24:29 上午 cn.kayleh.diyTomcat.catalina.Context <init>
INFO : Deploying web application directory d:/project/javaee/web
06 26, 2020 11:24:30 上午 cn.kayleh.diyTomcat.catalina.Context <init>
INFO : Deployment of web application directory d:/project/javaee/web has finished in 16 ms
06 26, 2020 11:24:30 上午 cn.kayleh.diyTomcat.catalina.Server logJVM
INFO : Server version:		Kayleh DiyTomcat/1.0.1
06 26, 2020 11:24:30 上午 cn.kayleh.diyTomcat.catalina.Server logJVM
INFO : Server built:		2020-06-11 15:55:01
06 26, 2020 11:24:30 上午 cn.kayleh.diyTomcat.catalina.Server logJVM
INFO : Server number:		1.0.1
06 26, 2020 11:24:30 上午 cn.kayleh.diyTomcat.catalina.Server logJVM
INFO : OS Name	:		Windows 10
06 26, 2020 11:24:30 上午 cn.kayleh.diyTomcat.catalina.Server logJVM
INFO : OS Version:		10.0
06 26, 2020 11:24:30 上午 cn.kayleh.diyTomcat.catalina.Server logJVM
INFO : Architecture:		amd64
06 26, 2020 11:24:30 上午 cn.kayleh.diyTomcat.catalina.Server logJVM
INFO : Java Home:		D:\jdk\jre
06 26, 2020 11:24:30 上午 cn.kayleh.diyTomcat.catalina.Server logJVM
INFO : JVM Version:		1.8.0_181-b13
06 26, 2020 11:24:30 上午 cn.kayleh.diyTomcat.catalina.Server logJVM
INFO : JVM Vendor:		Oracle Corporation
06 26, 2020 11:24:30 上午 cn.kayleh.diyTomcat.catalina.Connector init
INFO : Initializing ProtocolHandler [http-bio-8888]
06 26, 2020 11:24:30 上午 cn.kayleh.diyTomcat.catalina.Connector init
INFO : Initializing ProtocolHandler [http-bio-7777]
06 26, 2020 11:24:30 上午 cn.kayleh.diyTomcat.catalina.Connector init
INFO : Initializing ProtocolHandler [http-bio-6666]
06 26, 2020 11:24:30 上午 cn.kayleh.diyTomcat.catalina.Service init
INFO : Initialization processed in 1 ms
06 26, 2020 11:24:30 上午 cn.kayleh.diyTomcat.catalina.Connector start
INFO : Starting ProtocolHandler [http-bio-8888]
06 26, 2020 11:24:30 上午 cn.kayleh.diyTomcat.catalina.Connector start
INFO : Starting ProtocolHandler [http-bio-7777]
06 26, 2020 11:24:30 上午 cn.kayleh.diyTomcat.catalina.Connector start
INFO : Starting ProtocolHandler [http-bio-6666]
06 26, 2020 11:24:30 上午 cn.kayleh.diyTomcat.catalina.Server start
INFO : Server startup in 5 ms
06 26, 2020 11:24:39 上午 cn.kayleh.diyTomcat.watcher.ContextFileChangeWatcher$1 dealWith
INFO : cn.kayleh.diyTomcat.watcher.ContextFileChangeWatcher@53a5a76b 检测到了Web应用下的重要文件变化 ParamServlet.class 
06 26, 2020 11:24:39 上午 cn.kayleh.diyTomcat.catalina.Host reload
INFO : Reloading Context with name [/javaee] has started
06 26, 2020 11:24:39 上午 cn.kayleh.diyTomcat.catalina.Context <init>
INFO : Deploying web application directory d:/project/javaee/web
06 26, 2020 11:24:39 上午 cn.kayleh.diyTomcat.catalina.Context <init>
INFO : Deployment of web application directory d:/project/javaee/web has finished in 12 ms
06 26, 2020 11:24:39 上午 cn.kayleh.diyTomcat.catalina.Host reload
INFO : Reloading Context with name [/javaee] has completed
06 26, 2020 11:24:39 上午 cn.kayleh.diyTomcat.watcher.ContextFileChangeWatcher$1 dealWith
INFO : cn.kayleh.diyTomcat.watcher.ContextFileChangeWatcher@120c0b97 检测到了Web应用下的重要文件变化 ParamServlet.class 
06 26, 2020 11:24:39 上午 cn.kayleh.diyTomcat.catalina.Host reload
INFO : Reloading Context with name [/javaee] has started
06 26, 2020 11:24:39 上午 cn.kayleh.diyTomcat.catalina.Context <init>
INFO : Deploying web application directory d:/project/javaee/web
06 26, 2020 11:24:39 上午 cn.kayleh.diyTomcat.catalina.Context <init>
INFO : Deployment of web application directory d:/project/javaee/web has finished in 14 ms
06 26, 2020 11:24:39 上午 cn.kayleh.diyTomcat.catalina.Host reload
INFO : Reloading Context with name [/javaee] has completed
06 26, 2020 11:25:00 上午 cn.kayleh.diyTomcat.catalina.Context <init>
INFO : Deploying web application directory D:\project\diyTomcat\webapps\a
06 26, 2020 11:25:00 上午 cn.kayleh.diyTomcat.catalina.Context <init>
INFO : Deployment of web application directory D:\project\diyTomcat\webapps\a has finished in 170 ms
06 26, 2020 11:25:00 上午 cn.kayleh.diyTomcat.catalina.Context <init>
INFO : Deploying web application directory D:\project\diyTomcat\webapps\j2ee
06 26, 2020 11:25:00 上午 cn.kayleh.diyTomcat.catalina.Context <init>
INFO : Deployment of web application directory D:\project\diyTomcat\webapps\j2ee has finished in 15 ms
06 26, 2020 11:25:00 上午 cn.kayleh.diyTomcat.catalina.Context <init>
INFO : Deploying web application directory D:\project\diyTomcat\webapps\javaweb0
06 26, 2020 11:25:00 上午 cn.kayleh.diyTomcat.catalina.Context <init>
INFO : Deployment of web application directory D:\project\diyTomcat\webapps\javaweb0 has finished in 35 ms
06 26, 2020 11:25:00 上午 cn.kayleh.diyTomcat.catalina.Context <init>
INFO : Deploying web application directory D:\project\diyTomcat\webapps\javaweb1
06 26, 2020 11:25:00 上午 cn.kayleh.diyTomcat.catalina.Context <init>
INFO : Deployment of web application directory D:\project\diyTomcat\webapps\javaweb1 has finished in 24 ms
06 26, 2020 11:25:00 上午 cn.kayleh.diyTomcat.catalina.Context <init>
INFO : Deploying web application directory D:\project\diyTomcat\webapps\ROOT
06 26, 2020 11:25:00 上午 cn.kayleh.diyTomcat.catalina.Context <init>
INFO : Deployment of web application directory D:\project\diyTomcat\webapps\ROOT has finished in 2 ms
06 26, 2020 11:25:00 上午 cn.kayleh.diyTomcat.catalina.Context <init>
INFO : Deploying web application directory d:/project/diyTomcat/b
06 26, 2020 11:25:00 上午 cn.kayleh.diyTomcat.catalina.Context <init>
INFO : Deployment of web application directory d:/project/diyTomcat/b has finished in 2 ms
06 26, 2020 11:25:00 上午 cn.kayleh.diyTomcat.catalina.Context <init>
INFO : Deploying web application directory d:/project/javaee/web
06 26, 2020 11:25:00 上午 cn.kayleh.diyTomcat.catalina.Context <init>
INFO : Deployment of web application directory d:/project/javaee/web has finished in 16 ms
06 26, 2020 11:25:00 上午 cn.kayleh.diyTomcat.catalina.Server logJVM
INFO : Server version:		Kayleh DiyTomcat/1.0.1
06 26, 2020 11:25:00 上午 cn.kayleh.diyTomcat.catalina.Server logJVM
INFO : Server built:		2020-06-11 15:55:01
06 26, 2020 11:25:00 上午 cn.kayleh.diyTomcat.catalina.Server logJVM
INFO : Server number:		1.0.1
06 26, 2020 11:25:00 上午 cn.kayleh.diyTomcat.catalina.Server logJVM
INFO : OS Name	:		Windows 10
06 26, 2020 11:25:00 上午 cn.kayleh.diyTomcat.catalina.Server logJVM
INFO : OS Version:		10.0
06 26, 2020 11:25:00 上午 cn.kayleh.diyTomcat.catalina.Server logJVM
INFO : Architecture:		amd64
06 26, 2020 11:25:00 上午 cn.kayleh.diyTomcat.catalina.Server logJVM
INFO : Java Home:		D:\jdk\jre
06 26, 2020 11:25:00 上午 cn.kayleh.diyTomcat.catalina.Server logJVM
INFO : JVM Version:		1.8.0_181-b13
06 26, 2020 11:25:00 上午 cn.kayleh.diyTomcat.catalina.Server logJVM
INFO : JVM Vendor:		Oracle Corporation
06 26, 2020 11:25:00 上午 cn.kayleh.diyTomcat.catalina.Connector init
INFO : Initializing ProtocolHandler [http-bio-8888]
06 26, 2020 11:25:00 上午 cn.kayleh.diyTomcat.catalina.Connector init
INFO : Initializing ProtocolHandler [http-bio-7777]
06 26, 2020 11:25:00 上午 cn.kayleh.diyTomcat.catalina.Connector init
INFO : Initializing ProtocolHandler [http-bio-6666]
06 26, 2020 11:25:00 上午 cn.kayleh.diyTomcat.catalina.Service init
INFO : Initialization processed in 1 ms
06 26, 2020 11:25:00 上午 cn.kayleh.diyTomcat.catalina.Connector start
INFO : Starting ProtocolHandler [http-bio-8888]
06 26, 2020 11:25:00 上午 cn.kayleh.diyTomcat.catalina.Connector start
INFO : Starting ProtocolHandler [http-bio-7777]
06 26, 2020 11:25:00 上午 cn.kayleh.diyTomcat.catalina.Connector start
INFO : Starting ProtocolHandler [http-bio-6666]
06 26, 2020 11:25:00 上午 cn.kayleh.diyTomcat.catalina.Server start
INFO : Server startup in 6 ms
06 26, 2020 11:25:21 上午 cn.kayleh.diyTomcat.watcher.ContextFileChangeWatcher$1 dealWith
INFO : cn.kayleh.diyTomcat.watcher.ContextFileChangeWatcher@51de1670 检测到了Web应用下的重要文件变化 ParamServlet.class 
06 26, 2020 11:25:21 上午 cn.kayleh.diyTomcat.catalina.Host reload
INFO : Reloading Context with name [/javaee] has started
06 26, 2020 11:25:21 上午 cn.kayleh.diyTomcat.catalina.Context <init>
INFO : Deploying web application directory d:/project/javaee/web
06 26, 2020 11:25:21 上午 cn.kayleh.diyTomcat.catalina.Context <init>
INFO : Deployment of web application directory d:/project/javaee/web has finished in 10 ms
06 26, 2020 11:25:21 上午 cn.kayleh.diyTomcat.catalina.Host reload
INFO : Reloading Context with name [/javaee] has completed
06 26, 2020 11:25:21 上午 cn.kayleh.diyTomcat.watcher.ContextFileChangeWatcher$1 dealWith
INFO : cn.kayleh.diyTomcat.watcher.ContextFileChangeWatcher@412febac 检测到了Web应用下的重要文件变化 ParamServlet.class 
06 26, 2020 11:25:21 上午 cn.kayleh.diyTomcat.catalina.Host reload
INFO : Reloading Context with name [/javaee] has started
06 26, 2020 11:25:21 上午 cn.kayleh.diyTomcat.catalina.Context <init>
INFO : Deploying web application directory d:/project/javaee/web
06 26, 2020 11:25:21 上午 cn.kayleh.diyTomcat.catalina.Context <init>
INFO : Deployment of web application directory d:/project/javaee/web has finished in 25 ms
06 26, 2020 11:25:21 上午 cn.kayleh.diyTomcat.catalina.Host reload
INFO : Reloading Context with name [/javaee] has completed
06 26, 2020 11:26:11 上午 cn.kayleh.diyTomcat.catalina.Context <init>
INFO : Deploying web application directory D:\project\diyTomcat\webapps\a
06 26, 2020 11:26:11 上午 cn.kayleh.diyTomcat.catalina.Context <init>
INFO : Deployment of web application directory D:\project\diyTomcat\webapps\a has finished in 241 ms
06 26, 2020 11:26:11 上午 cn.kayleh.diyTomcat.catalina.Context <init>
INFO : Deploying web application directory D:\project\diyTomcat\webapps\j2ee
06 26, 2020 11:26:11 上午 cn.kayleh.diyTomcat.catalina.Context <init>
INFO : Deployment of web application directory D:\project\diyTomcat\webapps\j2ee has finished in 26 ms
06 26, 2020 11:26:11 上午 cn.kayleh.diyTomcat.catalina.Context <init>
INFO : Deploying web application directory D:\project\diyTomcat\webapps\javaweb0
06 26, 2020 11:26:11 上午 cn.kayleh.diyTomcat.catalina.Context <init>
INFO : Deployment of web application directory D:\project\diyTomcat\webapps\javaweb0 has finished in 72 ms
06 26, 2020 11:26:11 上午 cn.kayleh.diyTomcat.catalina.Context <init>
INFO : Deploying web application directory D:\project\diyTomcat\webapps\javaweb1
06 26, 2020 11:26:11 上午 cn.kayleh.diyTomcat.catalina.Context <init>
INFO : Deployment of web application directory D:\project\diyTomcat\webapps\javaweb1 has finished in 31 ms
06 26, 2020 11:26:11 上午 cn.kayleh.diyTomcat.catalina.Context <init>
INFO : Deploying web application directory D:\project\diyTomcat\webapps\ROOT
06 26, 2020 11:26:11 上午 cn.kayleh.diyTomcat.catalina.Context <init>
INFO : Deployment of web application directory D:\project\diyTomcat\webapps\ROOT has finished in 4 ms
06 26, 2020 11:26:11 上午 cn.kayleh.diyTomcat.catalina.Context <init>
INFO : Deploying web application directory d:/project/diyTomcat/b
06 26, 2020 11:26:11 上午 cn.kayleh.diyTomcat.catalina.Context <init>
INFO : Deployment of web application directory d:/project/diyTomcat/b has finished in 4 ms
06 26, 2020 11:26:11 上午 cn.kayleh.diyTomcat.catalina.Context <init>
INFO : Deploying web application directory d:/project/javaee/web
06 26, 2020 11:26:11 上午 cn.kayleh.diyTomcat.catalina.Context <init>
INFO : Deployment of web application directory d:/project/javaee/web has finished in 35 ms
06 26, 2020 11:26:11 上午 cn.kayleh.diyTomcat.catalina.Server logJVM
INFO : Server version:		Kayleh DiyTomcat/1.0.1
06 26, 2020 11:26:11 上午 cn.kayleh.diyTomcat.catalina.Server logJVM
INFO : Server built:		2020-06-11 15:55:01
06 26, 2020 11:26:11 上午 cn.kayleh.diyTomcat.catalina.Server logJVM
INFO : Server number:		1.0.1
06 26, 2020 11:26:11 上午 cn.kayleh.diyTomcat.catalina.Server logJVM
INFO : OS Name	:		Windows 10
06 26, 2020 11:26:11 上午 cn.kayleh.diyTomcat.catalina.Server logJVM
INFO : OS Version:		10.0
06 26, 2020 11:26:11 上午 cn.kayleh.diyTomcat.catalina.Server logJVM
INFO : Architecture:		amd64
06 26, 2020 11:26:11 上午 cn.kayleh.diyTomcat.catalina.Server logJVM
INFO : Java Home:		D:\jdk\jre
06 26, 2020 11:26:11 上午 cn.kayleh.diyTomcat.catalina.Server logJVM
INFO : JVM Version:		1.8.0_181-b13
06 26, 2020 11:26:11 上午 cn.kayleh.diyTomcat.catalina.Server logJVM
INFO : JVM Vendor:		Oracle Corporation
06 26, 2020 11:26:11 上午 cn.kayleh.diyTomcat.catalina.Connector init
INFO : Initializing ProtocolHandler [http-bio-8888]
06 26, 2020 11:26:11 上午 cn.kayleh.diyTomcat.catalina.Connector init
INFO : Initializing ProtocolHandler [http-bio-7777]
06 26, 2020 11:26:11 上午 cn.kayleh.diyTomcat.catalina.Connector init
INFO : Initializing ProtocolHandler [http-bio-6666]
06 26, 2020 11:26:11 上午 cn.kayleh.diyTomcat.catalina.Service init
INFO : Initialization processed in 2 ms
06 26, 2020 11:26:11 上午 cn.kayleh.diyTomcat.catalina.Connector start
INFO : Starting ProtocolHandler [http-bio-8888]
06 26, 2020 11:26:11 上午 cn.kayleh.diyTomcat.catalina.Connector start
INFO : Starting ProtocolHandler [http-bio-7777]
06 26, 2020 11:26:11 上午 cn.kayleh.diyTomcat.catalina.Connector start
INFO : Starting ProtocolHandler [http-bio-6666]
06 26, 2020 11:26:11 上午 cn.kayleh.diyTomcat.catalina.Server start
INFO : Server startup in 21 ms
06 26, 2020 11:26:23 上午 cn.kayleh.diyTomcat.watcher.ContextFileChangeWatcher$1 dealWith
INFO : cn.kayleh.diyTomcat.watcher.ContextFileChangeWatcher@53a5a76b 检测到了Web应用下的重要文件变化 ParamServlet.class 
06 26, 2020 11:26:23 上午 cn.kayleh.diyTomcat.catalina.Host reload
INFO : Reloading Context with name [/javaee] has started
06 26, 2020 11:26:23 上午 cn.kayleh.diyTomcat.catalina.Context <init>
INFO : Deploying web application directory d:/project/javaee/web
06 26, 2020 11:26:23 上午 cn.kayleh.diyTomcat.catalina.Context <init>
INFO : Deployment of web application directory d:/project/javaee/web has finished in 10 ms
06 26, 2020 11:26:23 上午 cn.kayleh.diyTomcat.catalina.Host reload
INFO : Reloading Context with name [/javaee] has completed
06 26, 2020 11:26:23 上午 cn.kayleh.diyTomcat.watcher.ContextFileChangeWatcher$1 dealWith
INFO : cn.kayleh.diyTomcat.watcher.ContextFileChangeWatcher@6101894b 检测到了Web应用下的重要文件变化 ParamServlet.class 
06 26, 2020 11:26:23 上午 cn.kayleh.diyTomcat.catalina.Host reload
INFO : Reloading Context with name [/javaee] has started
06 26, 2020 11:26:23 上午 cn.kayleh.diyTomcat.catalina.Context <init>
INFO : Deploying web application directory d:/project/javaee/web
06 26, 2020 11:26:23 上午 cn.kayleh.diyTomcat.catalina.Context <init>
INFO : Deployment of web application directory d:/project/javaee/web has finished in 18 ms
06 26, 2020 11:26:23 上午 cn.kayleh.diyTomcat.catalina.Host reload
INFO : Reloading Context with name [/javaee] has completed
