06 24, 2020 12:21:16 下午 cn.kayleh.diyTomcat.catalina.Context <init>
INFO : Deploying web application directory D:\project\diyTomcat\webapps\a
06 24, 2020 12:21:16 下午 cn.kayleh.diyTomcat.catalina.Context <init>
INFO : Deployment of web application directory D:\project\diyTomcat\webapps\a has finished in 401 ms
06 24, 2020 12:21:16 下午 cn.kayleh.diyTomcat.catalina.Context <init>
INFO : Deploying web application directory D:\project\diyTomcat\webapps\j2ee
06 24, 2020 12:21:16 下午 cn.kayleh.diyTomcat.catalina.Context <init>
INFO : Deployment of web application directory D:\project\diyTomcat\webapps\j2ee has finished in 72 ms
06 24, 2020 12:21:16 下午 cn.kayleh.diyTomcat.catalina.Context <init>
INFO : Deploying web application directory D:\project\diyTomcat\webapps\ROOT
06 24, 2020 12:21:16 下午 cn.kayleh.diyTomcat.catalina.Context <init>
INFO : Deployment of web application directory D:\project\diyTomcat\webapps\ROOT has finished in 2 ms
06 24, 2020 12:21:16 下午 cn.kayleh.diyTomcat.catalina.Context <init>
INFO : Deploying web application directory d:/project/diyTomcat/b
06 24, 2020 12:21:16 下午 cn.kayleh.diyTomcat.catalina.Context <init>
INFO : Deployment of web application directory d:/project/diyTomcat/b has finished in 3 ms
06 24, 2020 12:21:16 下午 cn.kayleh.diyTomcat.catalina.Context <init>
INFO : Deploying web application directory d:/project/javaee/web
06 24, 2020 12:21:16 下午 cn.kayleh.diyTomcat.catalina.Context <init>
INFO : Deployment of web application directory d:/project/javaee/web has finished in 42 ms
06 24, 2020 12:21:16 下午 cn.kayleh.diyTomcat.catalina.Server logJVM
INFO : Server version:		Kayleh DiyTomcat/1.0.1
06 24, 2020 12:21:16 下午 cn.kayleh.diyTomcat.catalina.Server logJVM
INFO : Server built:		2020-06-11 15:55:01
06 24, 2020 12:21:16 下午 cn.kayleh.diyTomcat.catalina.Server logJVM
INFO : Server number:		1.0.1
06 24, 2020 12:21:16 下午 cn.kayleh.diyTomcat.catalina.Server logJVM
INFO : OS Name	:		Windows 10
06 24, 2020 12:21:16 下午 cn.kayleh.diyTomcat.catalina.Server logJVM
INFO : OS Version:		10.0
06 24, 2020 12:21:16 下午 cn.kayleh.diyTomcat.catalina.Server logJVM
INFO : Architecture:		amd64
06 24, 2020 12:21:16 下午 cn.kayleh.diyTomcat.catalina.Server logJVM
INFO : Java Home:		D:\jdk\jre
06 24, 2020 12:21:16 下午 cn.kayleh.diyTomcat.catalina.Server logJVM
INFO : JVM Version:		1.8.0_181-b13
06 24, 2020 12:21:16 下午 cn.kayleh.diyTomcat.catalina.Server logJVM
INFO : JVM Vendor:		Oracle Corporation
06 24, 2020 12:21:16 下午 cn.kayleh.diyTomcat.catalina.Connector init
INFO : Initializing ProtocolHandler [http-bio-8888]
06 24, 2020 12:21:16 下午 cn.kayleh.diyTomcat.catalina.Connector init
INFO : Initializing ProtocolHandler [http-bio-7777]
06 24, 2020 12:21:16 下午 cn.kayleh.diyTomcat.catalina.Connector init
INFO : Initializing ProtocolHandler [http-bio-6666]
06 24, 2020 12:21:16 下午 cn.kayleh.diyTomcat.catalina.Service init
INFO : Initialization processed in 1 ms
06 24, 2020 12:21:16 下午 cn.kayleh.diyTomcat.catalina.Connector start
INFO : Starting ProtocolHandler [http-bio-8888]
06 24, 2020 12:21:16 下午 cn.kayleh.diyTomcat.catalina.Connector start
INFO : Starting ProtocolHandler [http-bio-7777]
06 24, 2020 12:21:16 下午 cn.kayleh.diyTomcat.catalina.Connector start
INFO : Starting ProtocolHandler [http-bio-6666]
06 24, 2020 12:21:16 下午 cn.kayleh.diyTomcat.catalina.Server start
INFO : Server startup in 6 ms
06 24, 2020 12:21:33 下午 cn.kayleh.diyTomcat.catalina.HttpProcessor error
ERROR: cn.hutool.core.exceptions.UtilException: InvocationTargetException: null
java.lang.RuntimeException: cn.hutool.core.exceptions.UtilException: InvocationTargetException: null
	at cn.kayleh.diyTomcat.servlets.InvokerServlet.service(InvokerServlet.java:55)
	at cn.kayleh.diyTomcat.catalina.HttpProcessor.execute(HttpProcessor.java:39)
	at cn.kayleh.diyTomcat.catalina.Connector$1.run(Connector.java:48)
	at java.util.concurrent.ThreadPoolExecutor.runWorker(ThreadPoolExecutor.java:1149)
	at java.util.concurrent.ThreadPoolExecutor$Worker.run(ThreadPoolExecutor.java:624)
	at java.lang.Thread.run(Thread.java:748)
Caused by: cn.hutool.core.exceptions.UtilException: InvocationTargetException: null
	at cn.hutool.core.util.ReflectUtil.invoke(ReflectUtil.java:750)
	at cn.hutool.core.util.ReflectUtil.invoke(ReflectUtil.java:770)
	at cn.kayleh.diyTomcat.servlets.InvokerServlet.service(InvokerServlet.java:49)
	... 5 more
Caused by: java.lang.reflect.InvocationTargetException
	at sun.reflect.NativeMethodAccessorImpl.invoke0(Native Method)
	at sun.reflect.NativeMethodAccessorImpl.invoke(NativeMethodAccessorImpl.java:62)
	at sun.reflect.DelegatingMethodAccessorImpl.invoke(DelegatingMethodAccessorImpl.java:43)
	at java.lang.reflect.Method.invoke(Method.java:498)
	at cn.hutool.core.util.ReflectUtil.invoke(ReflectUtil.java:748)
	... 7 more
Caused by: java.lang.NullPointerException
	at cn.kayleh.javaweb.SetSessionServlet.doGet(SetSessionServlet.java:20)
	at javax.servlet.http.HttpServlet.service(HttpServlet.java:624)
	... 12 more
06 24, 2020 12:21:39 下午 cn.kayleh.diyTomcat.catalina.HttpProcessor error
ERROR: cn.hutool.core.exceptions.UtilException: InvocationTargetException: null
java.lang.RuntimeException: cn.hutool.core.exceptions.UtilException: InvocationTargetException: null
	at cn.kayleh.diyTomcat.servlets.InvokerServlet.service(InvokerServlet.java:55)
	at cn.kayleh.diyTomcat.catalina.HttpProcessor.execute(HttpProcessor.java:39)
	at cn.kayleh.diyTomcat.catalina.Connector$1.run(Connector.java:48)
	at java.util.concurrent.ThreadPoolExecutor.runWorker(ThreadPoolExecutor.java:1149)
	at java.util.concurrent.ThreadPoolExecutor$Worker.run(ThreadPoolExecutor.java:624)
	at java.lang.Thread.run(Thread.java:748)
Caused by: cn.hutool.core.exceptions.UtilException: InvocationTargetException: null
	at cn.hutool.core.util.ReflectUtil.invoke(ReflectUtil.java:750)
	at cn.hutool.core.util.ReflectUtil.invoke(ReflectUtil.java:770)
	at cn.kayleh.diyTomcat.servlets.InvokerServlet.service(InvokerServlet.java:49)
	... 5 more
Caused by: java.lang.reflect.InvocationTargetException
	at sun.reflect.NativeMethodAccessorImpl.invoke0(Native Method)
	at sun.reflect.NativeMethodAccessorImpl.invoke(NativeMethodAccessorImpl.java:62)
	at sun.reflect.DelegatingMethodAccessorImpl.invoke(DelegatingMethodAccessorImpl.java:43)
	at java.lang.reflect.Method.invoke(Method.java:498)
	at cn.hutool.core.util.ReflectUtil.invoke(ReflectUtil.java:748)
	... 7 more
Caused by: java.lang.NullPointerException
	at cn.kayleh.javaweb.SetSessionServlet.doGet(SetSessionServlet.java:20)
	at javax.servlet.http.HttpServlet.service(HttpServlet.java:624)
	... 12 more
06 24, 2020 12:22:10 下午 cn.kayleh.diyTomcat.catalina.HttpProcessor error
ERROR: cn.hutool.core.exceptions.UtilException: InvocationTargetException: null
java.lang.RuntimeException: cn.hutool.core.exceptions.UtilException: InvocationTargetException: null
	at cn.kayleh.diyTomcat.servlets.InvokerServlet.service(InvokerServlet.java:55)
	at cn.kayleh.diyTomcat.catalina.HttpProcessor.execute(HttpProcessor.java:39)
	at cn.kayleh.diyTomcat.catalina.Connector$1.run(Connector.java:48)
	at java.util.concurrent.ThreadPoolExecutor.runWorker(ThreadPoolExecutor.java:1149)
	at java.util.concurrent.ThreadPoolExecutor$Worker.run(ThreadPoolExecutor.java:624)
	at java.lang.Thread.run(Thread.java:748)
Caused by: cn.hutool.core.exceptions.UtilException: InvocationTargetException: null
	at cn.hutool.core.util.ReflectUtil.invoke(ReflectUtil.java:750)
	at cn.hutool.core.util.ReflectUtil.invoke(ReflectUtil.java:770)
	at cn.kayleh.diyTomcat.servlets.InvokerServlet.service(InvokerServlet.java:49)
	... 5 more
Caused by: java.lang.reflect.InvocationTargetException
	at sun.reflect.NativeMethodAccessorImpl.invoke0(Native Method)
	at sun.reflect.NativeMethodAccessorImpl.invoke(NativeMethodAccessorImpl.java:62)
	at sun.reflect.DelegatingMethodAccessorImpl.invoke(DelegatingMethodAccessorImpl.java:43)
	at java.lang.reflect.Method.invoke(Method.java:498)
	at cn.hutool.core.util.ReflectUtil.invoke(ReflectUtil.java:748)
	... 7 more
Caused by: java.lang.NullPointerException
	at cn.kayleh.javaweb.SetSessionServlet.doGet(SetSessionServlet.java:20)
	at javax.servlet.http.HttpServlet.service(HttpServlet.java:624)
	... 12 more
06 24, 2020 12:24:41 下午 cn.kayleh.diyTomcat.catalina.HttpProcessor error
ERROR: cn.hutool.core.exceptions.UtilException: InvocationTargetException: null
java.lang.RuntimeException: cn.hutool.core.exceptions.UtilException: InvocationTargetException: null
	at cn.kayleh.diyTomcat.servlets.InvokerServlet.service(InvokerServlet.java:55)
	at cn.kayleh.diyTomcat.catalina.HttpProcessor.execute(HttpProcessor.java:39)
	at cn.kayleh.diyTomcat.catalina.Connector$1.run(Connector.java:48)
	at java.util.concurrent.ThreadPoolExecutor.runWorker(ThreadPoolExecutor.java:1149)
	at java.util.concurrent.ThreadPoolExecutor$Worker.run(ThreadPoolExecutor.java:624)
	at java.lang.Thread.run(Thread.java:748)
Caused by: cn.hutool.core.exceptions.UtilException: InvocationTargetException: null
	at cn.hutool.core.util.ReflectUtil.invoke(ReflectUtil.java:750)
	at cn.hutool.core.util.ReflectUtil.invoke(ReflectUtil.java:770)
	at cn.kayleh.diyTomcat.servlets.InvokerServlet.service(InvokerServlet.java:49)
	... 5 more
Caused by: java.lang.reflect.InvocationTargetException
	at sun.reflect.NativeMethodAccessorImpl.invoke0(Native Method)
	at sun.reflect.NativeMethodAccessorImpl.invoke(NativeMethodAccessorImpl.java:62)
	at sun.reflect.DelegatingMethodAccessorImpl.invoke(DelegatingMethodAccessorImpl.java:43)
	at java.lang.reflect.Method.invoke(Method.java:498)
	at cn.hutool.core.util.ReflectUtil.invoke(ReflectUtil.java:748)
	... 7 more
Caused by: java.lang.NullPointerException
	at cn.kayleh.javaweb.SetSessionServlet.doGet(SetSessionServlet.java:20)
	at javax.servlet.http.HttpServlet.service(HttpServlet.java:624)
	... 12 more
06 24, 2020 12:24:59 下午 cn.kayleh.diyTomcat.catalina.HttpProcessor error
ERROR: cn.hutool.core.exceptions.UtilException: InvocationTargetException: null
java.lang.RuntimeException: cn.hutool.core.exceptions.UtilException: InvocationTargetException: null
	at cn.kayleh.diyTomcat.servlets.InvokerServlet.service(InvokerServlet.java:55)
	at cn.kayleh.diyTomcat.catalina.HttpProcessor.execute(HttpProcessor.java:39)
	at cn.kayleh.diyTomcat.catalina.Connector$1.run(Connector.java:48)
	at java.util.concurrent.ThreadPoolExecutor.runWorker(ThreadPoolExecutor.java:1149)
	at java.util.concurrent.ThreadPoolExecutor$Worker.run(ThreadPoolExecutor.java:624)
	at java.lang.Thread.run(Thread.java:748)
Caused by: cn.hutool.core.exceptions.UtilException: InvocationTargetException: null
	at cn.hutool.core.util.ReflectUtil.invoke(ReflectUtil.java:750)
	at cn.hutool.core.util.ReflectUtil.invoke(ReflectUtil.java:770)
	at cn.kayleh.diyTomcat.servlets.InvokerServlet.service(InvokerServlet.java:49)
	... 5 more
Caused by: java.lang.reflect.InvocationTargetException
	at sun.reflect.NativeMethodAccessorImpl.invoke0(Native Method)
	at sun.reflect.NativeMethodAccessorImpl.invoke(NativeMethodAccessorImpl.java:62)
	at sun.reflect.DelegatingMethodAccessorImpl.invoke(DelegatingMethodAccessorImpl.java:43)
	at java.lang.reflect.Method.invoke(Method.java:498)
	at cn.hutool.core.util.ReflectUtil.invoke(ReflectUtil.java:748)
	... 7 more
Caused by: java.lang.NullPointerException
	at cn.kayleh.javaweb.SetSessionServlet.doGet(SetSessionServlet.java:20)
	at javax.servlet.http.HttpServlet.service(HttpServlet.java:624)
	... 12 more
06 24, 2020 12:26:03 下午 cn.kayleh.diyTomcat.catalina.HttpProcessor error
ERROR: cn.hutool.core.exceptions.UtilException: InvocationTargetException: null
java.lang.RuntimeException: cn.hutool.core.exceptions.UtilException: InvocationTargetException: null
	at cn.kayleh.diyTomcat.servlets.InvokerServlet.service(InvokerServlet.java:55)
	at cn.kayleh.diyTomcat.catalina.HttpProcessor.execute(HttpProcessor.java:39)
	at cn.kayleh.diyTomcat.catalina.Connector$1.run(Connector.java:48)
	at java.util.concurrent.ThreadPoolExecutor.runWorker(ThreadPoolExecutor.java:1149)
	at java.util.concurrent.ThreadPoolExecutor$Worker.run(ThreadPoolExecutor.java:624)
	at java.lang.Thread.run(Thread.java:748)
Caused by: cn.hutool.core.exceptions.UtilException: InvocationTargetException: null
	at cn.hutool.core.util.ReflectUtil.invoke(ReflectUtil.java:750)
	at cn.hutool.core.util.ReflectUtil.invoke(ReflectUtil.java:770)
	at cn.kayleh.diyTomcat.servlets.InvokerServlet.service(InvokerServlet.java:49)
	... 5 more
Caused by: java.lang.reflect.InvocationTargetException
	at sun.reflect.NativeMethodAccessorImpl.invoke0(Native Method)
	at sun.reflect.NativeMethodAccessorImpl.invoke(NativeMethodAccessorImpl.java:62)
	at sun.reflect.DelegatingMethodAccessorImpl.invoke(DelegatingMethodAccessorImpl.java:43)
	at java.lang.reflect.Method.invoke(Method.java:498)
	at cn.hutool.core.util.ReflectUtil.invoke(ReflectUtil.java:748)
	... 7 more
Caused by: java.lang.NullPointerException
	at cn.kayleh.javaweb.SetSessionServlet.doGet(SetSessionServlet.java:20)
	at javax.servlet.http.HttpServlet.service(HttpServlet.java:624)
	... 12 more
06 24, 2020 12:26:09 下午 cn.kayleh.diyTomcat.catalina.HttpProcessor error
ERROR: cn.hutool.core.exceptions.UtilException: InvocationTargetException: null
java.lang.RuntimeException: cn.hutool.core.exceptions.UtilException: InvocationTargetException: null
	at cn.kayleh.diyTomcat.servlets.InvokerServlet.service(InvokerServlet.java:55)
	at cn.kayleh.diyTomcat.catalina.HttpProcessor.execute(HttpProcessor.java:39)
	at cn.kayleh.diyTomcat.catalina.Connector$1.run(Connector.java:48)
	at java.util.concurrent.ThreadPoolExecutor.runWorker(ThreadPoolExecutor.java:1149)
	at java.util.concurrent.ThreadPoolExecutor$Worker.run(ThreadPoolExecutor.java:624)
	at java.lang.Thread.run(Thread.java:748)
Caused by: cn.hutool.core.exceptions.UtilException: InvocationTargetException: null
	at cn.hutool.core.util.ReflectUtil.invoke(ReflectUtil.java:750)
	at cn.hutool.core.util.ReflectUtil.invoke(ReflectUtil.java:770)
	at cn.kayleh.diyTomcat.servlets.InvokerServlet.service(InvokerServlet.java:49)
	... 5 more
Caused by: java.lang.reflect.InvocationTargetException
	at sun.reflect.NativeMethodAccessorImpl.invoke0(Native Method)
	at sun.reflect.NativeMethodAccessorImpl.invoke(NativeMethodAccessorImpl.java:62)
	at sun.reflect.DelegatingMethodAccessorImpl.invoke(DelegatingMethodAccessorImpl.java:43)
	at java.lang.reflect.Method.invoke(Method.java:498)
	at cn.hutool.core.util.ReflectUtil.invoke(ReflectUtil.java:748)
	... 7 more
Caused by: java.lang.NullPointerException
	at cn.kayleh.javaweb.SetSessionServlet.doGet(SetSessionServlet.java:20)
	at javax.servlet.http.HttpServlet.service(HttpServlet.java:624)
	... 12 more
06 24, 2020 12:26:15 下午 cn.kayleh.diyTomcat.catalina.Context <init>
INFO : Deploying web application directory D:\project\diyTomcat\webapps\a
06 24, 2020 12:26:15 下午 cn.kayleh.diyTomcat.catalina.Context <init>
INFO : Deployment of web application directory D:\project\diyTomcat\webapps\a has finished in 325 ms
06 24, 2020 12:26:15 下午 cn.kayleh.diyTomcat.catalina.Context <init>
INFO : Deploying web application directory D:\project\diyTomcat\webapps\j2ee
06 24, 2020 12:26:15 下午 cn.kayleh.diyTomcat.catalina.Context <init>
INFO : Deployment of web application directory D:\project\diyTomcat\webapps\j2ee has finished in 21 ms
06 24, 2020 12:26:15 下午 cn.kayleh.diyTomcat.catalina.Context <init>
INFO : Deploying web application directory D:\project\diyTomcat\webapps\ROOT
06 24, 2020 12:26:15 下午 cn.kayleh.diyTomcat.catalina.Context <init>
INFO : Deployment of web application directory D:\project\diyTomcat\webapps\ROOT has finished in 2 ms
06 24, 2020 12:26:15 下午 cn.kayleh.diyTomcat.catalina.Context <init>
INFO : Deploying web application directory d:/project/diyTomcat/b
06 24, 2020 12:26:15 下午 cn.kayleh.diyTomcat.catalina.Context <init>
INFO : Deployment of web application directory d:/project/diyTomcat/b has finished in 2 ms
06 24, 2020 12:26:15 下午 cn.kayleh.diyTomcat.catalina.Context <init>
INFO : Deploying web application directory d:/project/javaee/web
06 24, 2020 12:26:15 下午 cn.kayleh.diyTomcat.catalina.Context <init>
INFO : Deployment of web application directory d:/project/javaee/web has finished in 13 ms
06 24, 2020 12:26:15 下午 cn.kayleh.diyTomcat.catalina.Server logJVM
INFO : Server version:		Kayleh DiyTomcat/1.0.1
06 24, 2020 12:26:15 下午 cn.kayleh.diyTomcat.catalina.Server logJVM
INFO : Server built:		2020-06-11 15:55:01
06 24, 2020 12:26:15 下午 cn.kayleh.diyTomcat.catalina.Server logJVM
INFO : Server number:		1.0.1
06 24, 2020 12:26:15 下午 cn.kayleh.diyTomcat.catalina.Server logJVM
INFO : OS Name	:		Windows 10
06 24, 2020 12:26:15 下午 cn.kayleh.diyTomcat.catalina.Server logJVM
INFO : OS Version:		10.0
06 24, 2020 12:26:15 下午 cn.kayleh.diyTomcat.catalina.Server logJVM
INFO : Architecture:		amd64
06 24, 2020 12:26:15 下午 cn.kayleh.diyTomcat.catalina.Server logJVM
INFO : Java Home:		D:\jdk\jre
06 24, 2020 12:26:15 下午 cn.kayleh.diyTomcat.catalina.Server logJVM
INFO : JVM Version:		1.8.0_181-b13
06 24, 2020 12:26:15 下午 cn.kayleh.diyTomcat.catalina.Server logJVM
INFO : JVM Vendor:		Oracle Corporation
06 24, 2020 12:26:15 下午 cn.kayleh.diyTomcat.catalina.Connector init
INFO : Initializing ProtocolHandler [http-bio-8888]
06 24, 2020 12:26:15 下午 cn.kayleh.diyTomcat.catalina.Connector init
INFO : Initializing ProtocolHandler [http-bio-7777]
06 24, 2020 12:26:15 下午 cn.kayleh.diyTomcat.catalina.Connector init
INFO : Initializing ProtocolHandler [http-bio-6666]
06 24, 2020 12:26:15 下午 cn.kayleh.diyTomcat.catalina.Service init
INFO : Initialization processed in 2 ms
06 24, 2020 12:26:15 下午 cn.kayleh.diyTomcat.catalina.Connector start
INFO : Starting ProtocolHandler [http-bio-8888]
06 24, 2020 12:26:15 下午 cn.kayleh.diyTomcat.catalina.Connector start
INFO : Starting ProtocolHandler [http-bio-7777]
06 24, 2020 12:26:15 下午 cn.kayleh.diyTomcat.catalina.Connector start
INFO : Starting ProtocolHandler [http-bio-6666]
06 24, 2020 12:26:15 下午 cn.kayleh.diyTomcat.catalina.Server start
INFO : Server startup in 11 ms
06 24, 2020 14:05:33 下午 cn.kayleh.diyTomcat.catalina.Context <init>
INFO : Deploying web application directory D:\project\diyTomcat\webapps\a
06 24, 2020 14:05:33 下午 cn.kayleh.diyTomcat.catalina.Context <init>
INFO : Deployment of web application directory D:\project\diyTomcat\webapps\a has finished in 447 ms
06 24, 2020 14:05:33 下午 cn.kayleh.diyTomcat.catalina.Context <init>
INFO : Deploying web application directory D:\project\diyTomcat\webapps\j2ee
06 24, 2020 14:05:33 下午 cn.kayleh.diyTomcat.catalina.Context <init>
INFO : Deployment of web application directory D:\project\diyTomcat\webapps\j2ee has finished in 99 ms
06 24, 2020 14:05:33 下午 cn.kayleh.diyTomcat.catalina.Context <init>
INFO : Deploying web application directory D:\project\diyTomcat\webapps\ROOT
06 24, 2020 14:05:33 下午 cn.kayleh.diyTomcat.catalina.Context <init>
INFO : Deployment of web application directory D:\project\diyTomcat\webapps\ROOT has finished in 1 ms
06 24, 2020 14:05:33 下午 cn.kayleh.diyTomcat.catalina.Context <init>
INFO : Deploying web application directory d:/project/diyTomcat/b
06 24, 2020 14:05:33 下午 cn.kayleh.diyTomcat.catalina.Context <init>
INFO : Deployment of web application directory d:/project/diyTomcat/b has finished in 3 ms
06 24, 2020 14:05:33 下午 cn.kayleh.diyTomcat.catalina.Context <init>
INFO : Deploying web application directory d:/project/javaee/web
06 24, 2020 14:05:33 下午 cn.kayleh.diyTomcat.catalina.Context <init>
INFO : Deployment of web application directory d:/project/javaee/web has finished in 132 ms
06 24, 2020 14:05:33 下午 cn.kayleh.diyTomcat.catalina.Server logJVM
INFO : Server version:		Kayleh DiyTomcat/1.0.1
06 24, 2020 14:05:33 下午 cn.kayleh.diyTomcat.catalina.Server logJVM
INFO : Server built:		2020-06-11 15:55:01
06 24, 2020 14:05:33 下午 cn.kayleh.diyTomcat.catalina.Server logJVM
INFO : Server number:		1.0.1
06 24, 2020 14:05:33 下午 cn.kayleh.diyTomcat.catalina.Server logJVM
INFO : OS Name	:		Windows 10
06 24, 2020 14:05:33 下午 cn.kayleh.diyTomcat.catalina.Server logJVM
INFO : OS Version:		10.0
06 24, 2020 14:05:33 下午 cn.kayleh.diyTomcat.catalina.Server logJVM
INFO : Architecture:		amd64
06 24, 2020 14:05:33 下午 cn.kayleh.diyTomcat.catalina.Server logJVM
INFO : Java Home:		D:\jdk\jre
06 24, 2020 14:05:33 下午 cn.kayleh.diyTomcat.catalina.Server logJVM
INFO : JVM Version:		1.8.0_181-b13
06 24, 2020 14:05:33 下午 cn.kayleh.diyTomcat.catalina.Server logJVM
INFO : JVM Vendor:		Oracle Corporation
06 24, 2020 14:05:33 下午 cn.kayleh.diyTomcat.catalina.Connector init
INFO : Initializing ProtocolHandler [http-bio-8888]
06 24, 2020 14:05:33 下午 cn.kayleh.diyTomcat.catalina.Connector init
INFO : Initializing ProtocolHandler [http-bio-7777]
06 24, 2020 14:05:33 下午 cn.kayleh.diyTomcat.catalina.Connector init
INFO : Initializing ProtocolHandler [http-bio-6666]
06 24, 2020 14:05:33 下午 cn.kayleh.diyTomcat.catalina.Service init
INFO : Initialization processed in 1 ms
06 24, 2020 14:05:33 下午 cn.kayleh.diyTomcat.catalina.Connector start
INFO : Starting ProtocolHandler [http-bio-8888]
06 24, 2020 14:05:33 下午 cn.kayleh.diyTomcat.catalina.Connector start
INFO : Starting ProtocolHandler [http-bio-7777]
06 24, 2020 14:05:33 下午 cn.kayleh.diyTomcat.catalina.Connector start
INFO : Starting ProtocolHandler [http-bio-6666]
06 24, 2020 14:05:33 下午 cn.kayleh.diyTomcat.catalina.Server start
INFO : Server startup in 6 ms
06 24, 2020 14:07:55 下午 cn.kayleh.diyTomcat.catalina.Context <init>
INFO : Deploying web application directory D:\project\diyTomcat\webapps\a
06 24, 2020 14:07:55 下午 cn.kayleh.diyTomcat.catalina.Context <init>
INFO : Deployment of web application directory D:\project\diyTomcat\webapps\a has finished in 169 ms
06 24, 2020 14:07:55 下午 cn.kayleh.diyTomcat.catalina.Context <init>
INFO : Deploying web application directory D:\project\diyTomcat\webapps\j2ee
06 24, 2020 14:07:55 下午 cn.kayleh.diyTomcat.catalina.Context <init>
INFO : Deployment of web application directory D:\project\diyTomcat\webapps\j2ee has finished in 17 ms
06 24, 2020 14:07:55 下午 cn.kayleh.diyTomcat.catalina.Context <init>
INFO : Deploying web application directory D:\project\diyTomcat\webapps\ROOT
06 24, 2020 14:07:55 下午 cn.kayleh.diyTomcat.catalina.Context <init>
INFO : Deployment of web application directory D:\project\diyTomcat\webapps\ROOT has finished in 3 ms
06 24, 2020 14:07:55 下午 cn.kayleh.diyTomcat.catalina.Context <init>
INFO : Deploying web application directory d:/project/diyTomcat/b
06 24, 2020 14:07:55 下午 cn.kayleh.diyTomcat.catalina.Context <init>
INFO : Deployment of web application directory d:/project/diyTomcat/b has finished in 1 ms
06 24, 2020 14:07:55 下午 cn.kayleh.diyTomcat.catalina.Context <init>
INFO : Deploying web application directory d:/project/javaee/web
06 24, 2020 14:07:55 下午 cn.kayleh.diyTomcat.catalina.Context <init>
INFO : Deployment of web application directory d:/project/javaee/web has finished in 15 ms
06 24, 2020 14:07:55 下午 cn.kayleh.diyTomcat.catalina.Server logJVM
INFO : Server version:		Kayleh DiyTomcat/1.0.1
06 24, 2020 14:07:55 下午 cn.kayleh.diyTomcat.catalina.Server logJVM
INFO : Server built:		2020-06-11 15:55:01
06 24, 2020 14:07:55 下午 cn.kayleh.diyTomcat.catalina.Server logJVM
INFO : Server number:		1.0.1
06 24, 2020 14:07:55 下午 cn.kayleh.diyTomcat.catalina.Server logJVM
INFO : OS Name	:		Windows 10
06 24, 2020 14:07:55 下午 cn.kayleh.diyTomcat.catalina.Server logJVM
INFO : OS Version:		10.0
06 24, 2020 14:07:55 下午 cn.kayleh.diyTomcat.catalina.Server logJVM
INFO : Architecture:		amd64
06 24, 2020 14:07:55 下午 cn.kayleh.diyTomcat.catalina.Server logJVM
INFO : Java Home:		D:\jdk\jre
06 24, 2020 14:07:55 下午 cn.kayleh.diyTomcat.catalina.Server logJVM
INFO : JVM Version:		1.8.0_181-b13
06 24, 2020 14:07:55 下午 cn.kayleh.diyTomcat.catalina.Server logJVM
INFO : JVM Vendor:		Oracle Corporation
06 24, 2020 14:07:55 下午 cn.kayleh.diyTomcat.catalina.Connector init
INFO : Initializing ProtocolHandler [http-bio-8888]
06 24, 2020 14:07:55 下午 cn.kayleh.diyTomcat.catalina.Connector init
INFO : Initializing ProtocolHandler [http-bio-7777]
06 24, 2020 14:07:55 下午 cn.kayleh.diyTomcat.catalina.Connector init
INFO : Initializing ProtocolHandler [http-bio-6666]
06 24, 2020 14:07:55 下午 cn.kayleh.diyTomcat.catalina.Service init
INFO : Initialization processed in 1 ms
06 24, 2020 14:07:55 下午 cn.kayleh.diyTomcat.catalina.Connector start
INFO : Starting ProtocolHandler [http-bio-8888]
06 24, 2020 14:07:55 下午 cn.kayleh.diyTomcat.catalina.Connector start
INFO : Starting ProtocolHandler [http-bio-7777]
06 24, 2020 14:07:55 下午 cn.kayleh.diyTomcat.catalina.Connector start
INFO : Starting ProtocolHandler [http-bio-6666]
06 24, 2020 14:07:55 下午 cn.kayleh.diyTomcat.catalina.Server start
INFO : Server startup in 10 ms
06 24, 2020 14:10:08 下午 cn.kayleh.diyTomcat.catalina.Context <init>
INFO : Deploying web application directory D:\project\diyTomcat\webapps\a
06 24, 2020 14:10:08 下午 cn.kayleh.diyTomcat.catalina.Context <init>
INFO : Deployment of web application directory D:\project\diyTomcat\webapps\a has finished in 146 ms
06 24, 2020 14:10:08 下午 cn.kayleh.diyTomcat.catalina.Context <init>
INFO : Deploying web application directory D:\project\diyTomcat\webapps\j2ee
06 24, 2020 14:10:08 下午 cn.kayleh.diyTomcat.catalina.Context <init>
INFO : Deployment of web application directory D:\project\diyTomcat\webapps\j2ee has finished in 16 ms
06 24, 2020 14:10:08 下午 cn.kayleh.diyTomcat.catalina.Context <init>
INFO : Deploying web application directory D:\project\diyTomcat\webapps\ROOT
06 24, 2020 14:10:08 下午 cn.kayleh.diyTomcat.catalina.Context <init>
INFO : Deployment of web application directory D:\project\diyTomcat\webapps\ROOT has finished in 2 ms
06 24, 2020 14:10:08 下午 cn.kayleh.diyTomcat.catalina.Context <init>
INFO : Deploying web application directory d:/project/diyTomcat/b
06 24, 2020 14:10:08 下午 cn.kayleh.diyTomcat.catalina.Context <init>
INFO : Deployment of web application directory d:/project/diyTomcat/b has finished in 1 ms
06 24, 2020 14:10:08 下午 cn.kayleh.diyTomcat.catalina.Context <init>
INFO : Deploying web application directory d:/project/javaee/web
06 24, 2020 14:10:08 下午 cn.kayleh.diyTomcat.catalina.Context <init>
INFO : Deployment of web application directory d:/project/javaee/web has finished in 10 ms
06 24, 2020 14:10:08 下午 cn.kayleh.diyTomcat.catalina.Server logJVM
INFO : Server version:		Kayleh DiyTomcat/1.0.1
06 24, 2020 14:10:08 下午 cn.kayleh.diyTomcat.catalina.Server logJVM
INFO : Server built:		2020-06-11 15:55:01
06 24, 2020 14:10:08 下午 cn.kayleh.diyTomcat.catalina.Server logJVM
INFO : Server number:		1.0.1
06 24, 2020 14:10:08 下午 cn.kayleh.diyTomcat.catalina.Server logJVM
INFO : OS Name	:		Windows 10
06 24, 2020 14:10:08 下午 cn.kayleh.diyTomcat.catalina.Server logJVM
INFO : OS Version:		10.0
06 24, 2020 14:10:08 下午 cn.kayleh.diyTomcat.catalina.Server logJVM
INFO : Architecture:		amd64
06 24, 2020 14:10:08 下午 cn.kayleh.diyTomcat.catalina.Server logJVM
INFO : Java Home:		D:\jdk\jre
06 24, 2020 14:10:08 下午 cn.kayleh.diyTomcat.catalina.Server logJVM
INFO : JVM Version:		1.8.0_181-b13
06 24, 2020 14:10:08 下午 cn.kayleh.diyTomcat.catalina.Server logJVM
INFO : JVM Vendor:		Oracle Corporation
06 24, 2020 14:10:08 下午 cn.kayleh.diyTomcat.catalina.Connector init
INFO : Initializing ProtocolHandler [http-bio-8888]
06 24, 2020 14:10:08 下午 cn.kayleh.diyTomcat.catalina.Connector init
INFO : Initializing ProtocolHandler [http-bio-7777]
06 24, 2020 14:10:08 下午 cn.kayleh.diyTomcat.catalina.Connector init
INFO : Initializing ProtocolHandler [http-bio-6666]
06 24, 2020 14:10:08 下午 cn.kayleh.diyTomcat.catalina.Service init
INFO : Initialization processed in 0 ms
06 24, 2020 14:10:08 下午 cn.kayleh.diyTomcat.catalina.Connector start
INFO : Starting ProtocolHandler [http-bio-8888]
06 24, 2020 14:10:08 下午 cn.kayleh.diyTomcat.catalina.Connector start
INFO : Starting ProtocolHandler [http-bio-7777]
06 24, 2020 14:10:08 下午 cn.kayleh.diyTomcat.catalina.Connector start
INFO : Starting ProtocolHandler [http-bio-6666]
06 24, 2020 14:10:08 下午 cn.kayleh.diyTomcat.catalina.Server start
INFO : Server startup in 6 ms
06 24, 2020 14:10:47 下午 cn.kayleh.diyTomcat.catalina.Context <init>
INFO : Deploying web application directory D:\project\diyTomcat\webapps\a
06 24, 2020 14:10:47 下午 cn.kayleh.diyTomcat.catalina.Context <init>
INFO : Deployment of web application directory D:\project\diyTomcat\webapps\a has finished in 128 ms
06 24, 2020 14:10:47 下午 cn.kayleh.diyTomcat.catalina.Context <init>
INFO : Deploying web application directory D:\project\diyTomcat\webapps\j2ee
06 24, 2020 14:10:47 下午 cn.kayleh.diyTomcat.catalina.Context <init>
INFO : Deployment of web application directory D:\project\diyTomcat\webapps\j2ee has finished in 20 ms
06 24, 2020 14:10:47 下午 cn.kayleh.diyTomcat.catalina.Context <init>
INFO : Deploying web application directory D:\project\diyTomcat\webapps\ROOT
06 24, 2020 14:10:47 下午 cn.kayleh.diyTomcat.catalina.Context <init>
INFO : Deployment of web application directory D:\project\diyTomcat\webapps\ROOT has finished in 1 ms
06 24, 2020 14:10:47 下午 cn.kayleh.diyTomcat.catalina.Context <init>
INFO : Deploying web application directory d:/project/diyTomcat/b
06 24, 2020 14:10:47 下午 cn.kayleh.diyTomcat.catalina.Context <init>
INFO : Deployment of web application directory d:/project/diyTomcat/b has finished in 1 ms
06 24, 2020 14:10:47 下午 cn.kayleh.diyTomcat.catalina.Context <init>
INFO : Deploying web application directory d:/project/javaee/web
06 24, 2020 14:10:47 下午 cn.kayleh.diyTomcat.catalina.Context <init>
INFO : Deployment of web application directory d:/project/javaee/web has finished in 15 ms
06 24, 2020 14:10:48 下午 cn.kayleh.diyTomcat.catalina.Server logJVM
INFO : Server version:		Kayleh DiyTomcat/1.0.1
06 24, 2020 14:10:48 下午 cn.kayleh.diyTomcat.catalina.Server logJVM
INFO : Server built:		2020-06-11 15:55:01
06 24, 2020 14:10:48 下午 cn.kayleh.diyTomcat.catalina.Server logJVM
INFO : Server number:		1.0.1
06 24, 2020 14:10:48 下午 cn.kayleh.diyTomcat.catalina.Server logJVM
INFO : OS Name	:		Windows 10
06 24, 2020 14:10:48 下午 cn.kayleh.diyTomcat.catalina.Server logJVM
INFO : OS Version:		10.0
06 24, 2020 14:10:48 下午 cn.kayleh.diyTomcat.catalina.Server logJVM
INFO : Architecture:		amd64
06 24, 2020 14:10:48 下午 cn.kayleh.diyTomcat.catalina.Server logJVM
INFO : Java Home:		D:\jdk\jre
06 24, 2020 14:10:48 下午 cn.kayleh.diyTomcat.catalina.Server logJVM
INFO : JVM Version:		1.8.0_181-b13
06 24, 2020 14:10:48 下午 cn.kayleh.diyTomcat.catalina.Server logJVM
INFO : JVM Vendor:		Oracle Corporation
06 24, 2020 14:10:48 下午 cn.kayleh.diyTomcat.catalina.Connector init
INFO : Initializing ProtocolHandler [http-bio-8888]
06 24, 2020 14:10:48 下午 cn.kayleh.diyTomcat.catalina.Connector init
INFO : Initializing ProtocolHandler [http-bio-7777]
06 24, 2020 14:10:48 下午 cn.kayleh.diyTomcat.catalina.Connector init
INFO : Initializing ProtocolHandler [http-bio-6666]
06 24, 2020 14:10:48 下午 cn.kayleh.diyTomcat.catalina.Service init
INFO : Initialization processed in 1 ms
06 24, 2020 14:10:48 下午 cn.kayleh.diyTomcat.catalina.Connector start
INFO : Starting ProtocolHandler [http-bio-8888]
06 24, 2020 14:10:48 下午 cn.kayleh.diyTomcat.catalina.Connector start
INFO : Starting ProtocolHandler [http-bio-7777]
06 24, 2020 14:10:48 下午 cn.kayleh.diyTomcat.catalina.Connector start
INFO : Starting ProtocolHandler [http-bio-6666]
06 24, 2020 14:10:48 下午 cn.kayleh.diyTomcat.catalina.Server start
INFO : Server startup in 9 ms
06 24, 2020 14:11:45 下午 cn.kayleh.diyTomcat.catalina.Context <init>
INFO : Deploying web application directory D:\project\diyTomcat\webapps\a
06 24, 2020 14:11:45 下午 cn.kayleh.diyTomcat.catalina.Context <init>
INFO : Deployment of web application directory D:\project\diyTomcat\webapps\a has finished in 145 ms
06 24, 2020 14:11:45 下午 cn.kayleh.diyTomcat.catalina.Context <init>
INFO : Deploying web application directory D:\project\diyTomcat\webapps\j2ee
06 24, 2020 14:11:45 下午 cn.kayleh.diyTomcat.catalina.Context <init>
INFO : Deployment of web application directory D:\project\diyTomcat\webapps\j2ee has finished in 14 ms
06 24, 2020 14:11:45 下午 cn.kayleh.diyTomcat.catalina.Context <init>
INFO : Deploying web application directory D:\project\diyTomcat\webapps\ROOT
06 24, 2020 14:11:45 下午 cn.kayleh.diyTomcat.catalina.Context <init>
INFO : Deployment of web application directory D:\project\diyTomcat\webapps\ROOT has finished in 2 ms
06 24, 2020 14:11:45 下午 cn.kayleh.diyTomcat.catalina.Context <init>
INFO : Deploying web application directory d:/project/diyTomcat/b
06 24, 2020 14:11:45 下午 cn.kayleh.diyTomcat.catalina.Context <init>
INFO : Deployment of web application directory d:/project/diyTomcat/b has finished in 7 ms
06 24, 2020 14:11:45 下午 cn.kayleh.diyTomcat.catalina.Context <init>
INFO : Deploying web application directory d:/project/javaee/web
06 24, 2020 14:11:45 下午 cn.kayleh.diyTomcat.catalina.Context <init>
INFO : Deployment of web application directory d:/project/javaee/web has finished in 22 ms
06 24, 2020 14:11:45 下午 cn.kayleh.diyTomcat.catalina.Server logJVM
INFO : Server version:		Kayleh DiyTomcat/1.0.1
06 24, 2020 14:11:45 下午 cn.kayleh.diyTomcat.catalina.Server logJVM
INFO : Server built:		2020-06-11 15:55:01
06 24, 2020 14:11:45 下午 cn.kayleh.diyTomcat.catalina.Server logJVM
INFO : Server number:		1.0.1
06 24, 2020 14:11:45 下午 cn.kayleh.diyTomcat.catalina.Server logJVM
INFO : OS Name	:		Windows 10
06 24, 2020 14:11:45 下午 cn.kayleh.diyTomcat.catalina.Server logJVM
INFO : OS Version:		10.0
06 24, 2020 14:11:45 下午 cn.kayleh.diyTomcat.catalina.Server logJVM
INFO : Architecture:		amd64
06 24, 2020 14:11:45 下午 cn.kayleh.diyTomcat.catalina.Server logJVM
INFO : Java Home:		D:\jdk\jre
06 24, 2020 14:11:45 下午 cn.kayleh.diyTomcat.catalina.Server logJVM
INFO : JVM Version:		1.8.0_181-b13
06 24, 2020 14:11:45 下午 cn.kayleh.diyTomcat.catalina.Server logJVM
INFO : JVM Vendor:		Oracle Corporation
06 24, 2020 14:11:45 下午 cn.kayleh.diyTomcat.catalina.Connector init
INFO : Initializing ProtocolHandler [http-bio-8888]
06 24, 2020 14:11:45 下午 cn.kayleh.diyTomcat.catalina.Connector init
INFO : Initializing ProtocolHandler [http-bio-7777]
06 24, 2020 14:11:45 下午 cn.kayleh.diyTomcat.catalina.Connector init
INFO : Initializing ProtocolHandler [http-bio-6666]
06 24, 2020 14:11:45 下午 cn.kayleh.diyTomcat.catalina.Service init
INFO : Initialization processed in 2 ms
06 24, 2020 14:11:45 下午 cn.kayleh.diyTomcat.catalina.Connector start
INFO : Starting ProtocolHandler [http-bio-8888]
06 24, 2020 14:11:45 下午 cn.kayleh.diyTomcat.catalina.Connector start
INFO : Starting ProtocolHandler [http-bio-7777]
06 24, 2020 14:11:45 下午 cn.kayleh.diyTomcat.catalina.Connector start
INFO : Starting ProtocolHandler [http-bio-6666]
06 24, 2020 14:11:45 下午 cn.kayleh.diyTomcat.catalina.Server start
INFO : Server startup in 20 ms
06 24, 2020 15:28:33 下午 cn.kayleh.diyTomcat.catalina.Context <init>
INFO : Deploying web application directory D:\project\diyTomcat\webapps\a
06 24, 2020 15:28:33 下午 cn.kayleh.diyTomcat.catalina.Context <init>
INFO : Deployment of web application directory D:\project\diyTomcat\webapps\a has finished in 470 ms
06 24, 2020 15:28:33 下午 cn.kayleh.diyTomcat.catalina.Context <init>
INFO : Deploying web application directory D:\project\diyTomcat\webapps\j2ee
06 24, 2020 15:28:33 下午 cn.kayleh.diyTomcat.catalina.Context <init>
INFO : Deployment of web application directory D:\project\diyTomcat\webapps\j2ee has finished in 52 ms
06 24, 2020 15:28:33 下午 cn.kayleh.diyTomcat.catalina.Context <init>
INFO : Deploying web application directory D:\project\diyTomcat\webapps\ROOT
06 24, 2020 15:28:33 下午 cn.kayleh.diyTomcat.catalina.Context <init>
INFO : Deployment of web application directory D:\project\diyTomcat\webapps\ROOT has finished in 2 ms
06 24, 2020 15:28:33 下午 cn.kayleh.diyTomcat.catalina.Context <init>
INFO : Deploying web application directory d:/project/diyTomcat/b
06 24, 2020 15:28:33 下午 cn.kayleh.diyTomcat.catalina.Context <init>
INFO : Deployment of web application directory d:/project/diyTomcat/b has finished in 2 ms
06 24, 2020 15:28:33 下午 cn.kayleh.diyTomcat.catalina.Context <init>
INFO : Deploying web application directory d:/project/javaee/web
06 24, 2020 15:28:33 下午 cn.kayleh.diyTomcat.catalina.Context <init>
INFO : Deployment of web application directory d:/project/javaee/web has finished in 42 ms
06 24, 2020 15:28:33 下午 cn.kayleh.diyTomcat.catalina.Server logJVM
INFO : Server version:		Kayleh DiyTomcat/1.0.1
06 24, 2020 15:28:33 下午 cn.kayleh.diyTomcat.catalina.Server logJVM
INFO : Server built:		2020-06-11 15:55:01
06 24, 2020 15:28:33 下午 cn.kayleh.diyTomcat.catalina.Server logJVM
INFO : Server number:		1.0.1
06 24, 2020 15:28:33 下午 cn.kayleh.diyTomcat.catalina.Server logJVM
INFO : OS Name	:		Windows 10
06 24, 2020 15:28:33 下午 cn.kayleh.diyTomcat.catalina.Server logJVM
INFO : OS Version:		10.0
06 24, 2020 15:28:33 下午 cn.kayleh.diyTomcat.catalina.Server logJVM
INFO : Architecture:		amd64
06 24, 2020 15:28:33 下午 cn.kayleh.diyTomcat.catalina.Server logJVM
INFO : Java Home:		D:\jdk\jre
06 24, 2020 15:28:33 下午 cn.kayleh.diyTomcat.catalina.Server logJVM
INFO : JVM Version:		1.8.0_181-b13
06 24, 2020 15:28:33 下午 cn.kayleh.diyTomcat.catalina.Server logJVM
INFO : JVM Vendor:		Oracle Corporation
06 24, 2020 15:28:33 下午 cn.kayleh.diyTomcat.catalina.Connector init
INFO : Initializing ProtocolHandler [http-bio-8888]
06 24, 2020 15:28:33 下午 cn.kayleh.diyTomcat.catalina.Connector init
INFO : Initializing ProtocolHandler [http-bio-7777]
06 24, 2020 15:28:33 下午 cn.kayleh.diyTomcat.catalina.Connector init
INFO : Initializing ProtocolHandler [http-bio-6666]
06 24, 2020 15:28:33 下午 cn.kayleh.diyTomcat.catalina.Service init
INFO : Initialization processed in 2 ms
06 24, 2020 15:28:33 下午 cn.kayleh.diyTomcat.catalina.Connector start
INFO : Starting ProtocolHandler [http-bio-8888]
06 24, 2020 15:28:33 下午 cn.kayleh.diyTomcat.catalina.Connector start
INFO : Starting ProtocolHandler [http-bio-7777]
06 24, 2020 15:28:33 下午 cn.kayleh.diyTomcat.catalina.Connector start
INFO : Starting ProtocolHandler [http-bio-6666]
06 24, 2020 15:28:33 下午 cn.kayleh.diyTomcat.catalina.Server start
INFO : Server startup in 11 ms
06 24, 2020 15:32:52 下午 cn.kayleh.diyTomcat.catalina.Context <init>
INFO : Deploying web application directory D:\project\diyTomcat\webapps\a
06 24, 2020 15:32:52 下午 cn.kayleh.diyTomcat.catalina.Context <init>
INFO : Deployment of web application directory D:\project\diyTomcat\webapps\a has finished in 297 ms
06 24, 2020 15:32:52 下午 cn.kayleh.diyTomcat.catalina.Context <init>
INFO : Deploying web application directory D:\project\diyTomcat\webapps\j2ee
06 24, 2020 15:32:52 下午 cn.kayleh.diyTomcat.catalina.Context <init>
INFO : Deployment of web application directory D:\project\diyTomcat\webapps\j2ee has finished in 29 ms
06 24, 2020 15:32:52 下午 cn.kayleh.diyTomcat.catalina.Context <init>
INFO : Deploying web application directory D:\project\diyTomcat\webapps\ROOT
06 24, 2020 15:32:52 下午 cn.kayleh.diyTomcat.catalina.Context <init>
INFO : Deployment of web application directory D:\project\diyTomcat\webapps\ROOT has finished in 2 ms
06 24, 2020 15:32:52 下午 cn.kayleh.diyTomcat.catalina.Context <init>
INFO : Deploying web application directory d:/project/diyTomcat/b
06 24, 2020 15:32:52 下午 cn.kayleh.diyTomcat.catalina.Context <init>
INFO : Deployment of web application directory d:/project/diyTomcat/b has finished in 4 ms
06 24, 2020 15:32:52 下午 cn.kayleh.diyTomcat.catalina.Context <init>
INFO : Deploying web application directory d:/project/javaee/web
06 24, 2020 15:32:52 下午 cn.kayleh.diyTomcat.catalina.Context <init>
INFO : Deployment of web application directory d:/project/javaee/web has finished in 22 ms
06 24, 2020 15:32:53 下午 cn.kayleh.diyTomcat.catalina.Server logJVM
INFO : Server version:		Kayleh DiyTomcat/1.0.1
06 24, 2020 15:32:53 下午 cn.kayleh.diyTomcat.catalina.Server logJVM
INFO : Server built:		2020-06-11 15:55:01
06 24, 2020 15:32:53 下午 cn.kayleh.diyTomcat.catalina.Server logJVM
INFO : Server number:		1.0.1
06 24, 2020 15:32:53 下午 cn.kayleh.diyTomcat.catalina.Server logJVM
INFO : OS Name	:		Windows 10
06 24, 2020 15:32:53 下午 cn.kayleh.diyTomcat.catalina.Server logJVM
INFO : OS Version:		10.0
06 24, 2020 15:32:53 下午 cn.kayleh.diyTomcat.catalina.Server logJVM
INFO : Architecture:		amd64
06 24, 2020 15:32:53 下午 cn.kayleh.diyTomcat.catalina.Server logJVM
INFO : Java Home:		D:\jdk\jre
06 24, 2020 15:32:53 下午 cn.kayleh.diyTomcat.catalina.Server logJVM
INFO : JVM Version:		1.8.0_181-b13
06 24, 2020 15:32:53 下午 cn.kayleh.diyTomcat.catalina.Server logJVM
INFO : JVM Vendor:		Oracle Corporation
06 24, 2020 15:32:53 下午 cn.kayleh.diyTomcat.catalina.Connector init
INFO : Initializing ProtocolHandler [http-bio-8888]
06 24, 2020 15:32:53 下午 cn.kayleh.diyTomcat.catalina.Connector init
INFO : Initializing ProtocolHandler [http-bio-7777]
06 24, 2020 15:32:53 下午 cn.kayleh.diyTomcat.catalina.Connector init
INFO : Initializing ProtocolHandler [http-bio-6666]
06 24, 2020 15:32:53 下午 cn.kayleh.diyTomcat.catalina.Service init
INFO : Initialization processed in 1 ms
06 24, 2020 15:32:53 下午 cn.kayleh.diyTomcat.catalina.Connector start
INFO : Starting ProtocolHandler [http-bio-8888]
06 24, 2020 15:32:53 下午 cn.kayleh.diyTomcat.catalina.Connector start
INFO : Starting ProtocolHandler [http-bio-7777]
06 24, 2020 15:32:53 下午 cn.kayleh.diyTomcat.catalina.Connector start
INFO : Starting ProtocolHandler [http-bio-6666]
06 24, 2020 15:32:53 下午 cn.kayleh.diyTomcat.catalina.Server start
INFO : Server startup in 24 ms
06 24, 2020 15:33:59 下午 cn.kayleh.diyTomcat.catalina.Context <init>
INFO : Deploying web application directory D:\project\diyTomcat\webapps\a
06 24, 2020 15:33:59 下午 cn.kayleh.diyTomcat.catalina.Context <init>
INFO : Deployment of web application directory D:\project\diyTomcat\webapps\a has finished in 200 ms
06 24, 2020 15:33:59 下午 cn.kayleh.diyTomcat.catalina.Context <init>
INFO : Deploying web application directory D:\project\diyTomcat\webapps\j2ee
06 24, 2020 15:33:59 下午 cn.kayleh.diyTomcat.catalina.Context <init>
INFO : Deployment of web application directory D:\project\diyTomcat\webapps\j2ee has finished in 14 ms
06 24, 2020 15:33:59 下午 cn.kayleh.diyTomcat.catalina.Context <init>
INFO : Deploying web application directory D:\project\diyTomcat\webapps\ROOT
06 24, 2020 15:33:59 下午 cn.kayleh.diyTomcat.catalina.Context <init>
INFO : Deployment of web application directory D:\project\diyTomcat\webapps\ROOT has finished in 2 ms
06 24, 2020 15:33:59 下午 cn.kayleh.diyTomcat.catalina.Context <init>
INFO : Deploying web application directory d:/project/diyTomcat/b
06 24, 2020 15:33:59 下午 cn.kayleh.diyTomcat.catalina.Context <init>
INFO : Deployment of web application directory d:/project/diyTomcat/b has finished in 1 ms
06 24, 2020 15:33:59 下午 cn.kayleh.diyTomcat.catalina.Context <init>
INFO : Deploying web application directory d:/project/javaee/web
06 24, 2020 15:33:59 下午 cn.kayleh.diyTomcat.catalina.Context <init>
INFO : Deployment of web application directory d:/project/javaee/web has finished in 23 ms
06 24, 2020 15:33:59 下午 cn.kayleh.diyTomcat.catalina.Server logJVM
INFO : Server version:		Kayleh DiyTomcat/1.0.1
06 24, 2020 15:33:59 下午 cn.kayleh.diyTomcat.catalina.Server logJVM
INFO : Server built:		2020-06-11 15:55:01
06 24, 2020 15:33:59 下午 cn.kayleh.diyTomcat.catalina.Server logJVM
INFO : Server number:		1.0.1
06 24, 2020 15:33:59 下午 cn.kayleh.diyTomcat.catalina.Server logJVM
INFO : OS Name	:		Windows 10
06 24, 2020 15:33:59 下午 cn.kayleh.diyTomcat.catalina.Server logJVM
INFO : OS Version:		10.0
06 24, 2020 15:33:59 下午 cn.kayleh.diyTomcat.catalina.Server logJVM
INFO : Architecture:		amd64
06 24, 2020 15:33:59 下午 cn.kayleh.diyTomcat.catalina.Server logJVM
INFO : Java Home:		D:\jdk\jre
06 24, 2020 15:33:59 下午 cn.kayleh.diyTomcat.catalina.Server logJVM
INFO : JVM Version:		1.8.0_181-b13
06 24, 2020 15:33:59 下午 cn.kayleh.diyTomcat.catalina.Server logJVM
INFO : JVM Vendor:		Oracle Corporation
06 24, 2020 15:33:59 下午 cn.kayleh.diyTomcat.catalina.Connector init
INFO : Initializing ProtocolHandler [http-bio-8888]
06 24, 2020 15:33:59 下午 cn.kayleh.diyTomcat.catalina.Connector init
INFO : Initializing ProtocolHandler [http-bio-7777]
06 24, 2020 15:33:59 下午 cn.kayleh.diyTomcat.catalina.Connector init
INFO : Initializing ProtocolHandler [http-bio-6666]
06 24, 2020 15:33:59 下午 cn.kayleh.diyTomcat.catalina.Service init
INFO : Initialization processed in 11 ms
06 24, 2020 15:33:59 下午 cn.kayleh.diyTomcat.catalina.Connector start
INFO : Starting ProtocolHandler [http-bio-8888]
06 24, 2020 15:33:59 下午 cn.kayleh.diyTomcat.catalina.Connector start
INFO : Starting ProtocolHandler [http-bio-7777]
06 24, 2020 15:33:59 下午 cn.kayleh.diyTomcat.catalina.Connector start
INFO : Starting ProtocolHandler [http-bio-6666]
06 24, 2020 15:33:59 下午 cn.kayleh.diyTomcat.catalina.Server start
INFO : Server startup in 52 ms
06 24, 2020 15:37:59 下午 cn.kayleh.diyTomcat.catalina.Context <init>
INFO : Deploying web application directory D:\project\diyTomcat\webapps\a
06 24, 2020 15:37:59 下午 cn.kayleh.diyTomcat.catalina.Context <init>
INFO : Deployment of web application directory D:\project\diyTomcat\webapps\a has finished in 188 ms
06 24, 2020 15:37:59 下午 cn.kayleh.diyTomcat.catalina.Context <init>
INFO : Deploying web application directory D:\project\diyTomcat\webapps\j2ee
06 24, 2020 15:37:59 下午 cn.kayleh.diyTomcat.catalina.Context <init>
INFO : Deployment of web application directory D:\project\diyTomcat\webapps\j2ee has finished in 17 ms
06 24, 2020 15:37:59 下午 cn.kayleh.diyTomcat.catalina.Context <init>
INFO : Deploying web application directory D:\project\diyTomcat\webapps\ROOT
06 24, 2020 15:37:59 下午 cn.kayleh.diyTomcat.catalina.Context <init>
INFO : Deployment of web application directory D:\project\diyTomcat\webapps\ROOT has finished in 2 ms
06 24, 2020 15:37:59 下午 cn.kayleh.diyTomcat.catalina.Context <init>
INFO : Deploying web application directory d:/project/diyTomcat/b
06 24, 2020 15:37:59 下午 cn.kayleh.diyTomcat.catalina.Context <init>
INFO : Deployment of web application directory d:/project/diyTomcat/b has finished in 3 ms
06 24, 2020 15:37:59 下午 cn.kayleh.diyTomcat.catalina.Context <init>
INFO : Deploying web application directory d:/project/javaee/web
06 24, 2020 15:37:59 下午 cn.kayleh.diyTomcat.catalina.Context <init>
INFO : Deployment of web application directory d:/project/javaee/web has finished in 14 ms
06 24, 2020 15:37:59 下午 cn.kayleh.diyTomcat.catalina.Server logJVM
INFO : Server version:		Kayleh DiyTomcat/1.0.1
06 24, 2020 15:37:59 下午 cn.kayleh.diyTomcat.catalina.Server logJVM
INFO : Server built:		2020-06-11 15:55:01
06 24, 2020 15:37:59 下午 cn.kayleh.diyTomcat.catalina.Server logJVM
INFO : Server number:		1.0.1
06 24, 2020 15:37:59 下午 cn.kayleh.diyTomcat.catalina.Server logJVM
INFO : OS Name	:		Windows 10
06 24, 2020 15:37:59 下午 cn.kayleh.diyTomcat.catalina.Server logJVM
INFO : OS Version:		10.0
06 24, 2020 15:37:59 下午 cn.kayleh.diyTomcat.catalina.Server logJVM
INFO : Architecture:		amd64
06 24, 2020 15:37:59 下午 cn.kayleh.diyTomcat.catalina.Server logJVM
INFO : Java Home:		D:\jdk\jre
06 24, 2020 15:37:59 下午 cn.kayleh.diyTomcat.catalina.Server logJVM
INFO : JVM Version:		1.8.0_181-b13
06 24, 2020 15:37:59 下午 cn.kayleh.diyTomcat.catalina.Server logJVM
INFO : JVM Vendor:		Oracle Corporation
06 24, 2020 15:37:59 下午 cn.kayleh.diyTomcat.catalina.Connector init
INFO : Initializing ProtocolHandler [http-bio-8888]
06 24, 2020 15:37:59 下午 cn.kayleh.diyTomcat.catalina.Connector init
INFO : Initializing ProtocolHandler [http-bio-7777]
06 24, 2020 15:37:59 下午 cn.kayleh.diyTomcat.catalina.Connector init
INFO : Initializing ProtocolHandler [http-bio-6666]
06 24, 2020 15:37:59 下午 cn.kayleh.diyTomcat.catalina.Service init
INFO : Initialization processed in 54 ms
06 24, 2020 15:37:59 下午 cn.kayleh.diyTomcat.catalina.Connector start
INFO : Starting ProtocolHandler [http-bio-8888]
06 24, 2020 15:37:59 下午 cn.kayleh.diyTomcat.catalina.Connector start
INFO : Starting ProtocolHandler [http-bio-7777]
06 24, 2020 15:37:59 下午 cn.kayleh.diyTomcat.catalina.Connector start
INFO : Starting ProtocolHandler [http-bio-6666]
06 24, 2020 15:37:59 下午 cn.kayleh.diyTomcat.catalina.Server start
INFO : Server startup in 70 ms
06 24, 2020 17:53:28 下午 cn.kayleh.diyTomcat.catalina.Context <init>
INFO : Deploying web application directory D:\project\diyTomcat\webapps\a
06 24, 2020 17:53:28 下午 cn.kayleh.diyTomcat.catalina.Context <init>
INFO : Deployment of web application directory D:\project\diyTomcat\webapps\a has finished in 470 ms
06 24, 2020 17:53:28 下午 cn.kayleh.diyTomcat.catalina.Context <init>
INFO : Deploying web application directory D:\project\diyTomcat\webapps\j2ee
06 24, 2020 17:53:28 下午 cn.kayleh.diyTomcat.catalina.Context <init>
INFO : Deployment of web application directory D:\project\diyTomcat\webapps\j2ee has finished in 102 ms
06 24, 2020 17:53:28 下午 cn.kayleh.diyTomcat.catalina.Context <init>
INFO : Deploying web application directory D:\project\diyTomcat\webapps\ROOT
06 24, 2020 17:53:28 下午 cn.kayleh.diyTomcat.catalina.Context <init>
INFO : Deployment of web application directory D:\project\diyTomcat\webapps\ROOT has finished in 2 ms
06 24, 2020 17:53:28 下午 cn.kayleh.diyTomcat.catalina.Context <init>
INFO : Deploying web application directory d:/project/diyTomcat/b
06 24, 2020 17:53:28 下午 cn.kayleh.diyTomcat.catalina.Context <init>
INFO : Deployment of web application directory d:/project/diyTomcat/b has finished in 3 ms
06 24, 2020 17:53:28 下午 cn.kayleh.diyTomcat.catalina.Context <init>
INFO : Deploying web application directory d:/project/javaee/web
06 24, 2020 17:53:28 下午 cn.kayleh.diyTomcat.catalina.Context <init>
INFO : Deployment of web application directory d:/project/javaee/web has finished in 77 ms
06 24, 2020 17:53:28 下午 cn.kayleh.diyTomcat.catalina.Server logJVM
INFO : Server version:		Kayleh DiyTomcat/1.0.1
06 24, 2020 17:53:28 下午 cn.kayleh.diyTomcat.catalina.Server logJVM
INFO : Server built:		2020-06-11 15:55:01
06 24, 2020 17:53:28 下午 cn.kayleh.diyTomcat.catalina.Server logJVM
INFO : Server number:		1.0.1
06 24, 2020 17:53:28 下午 cn.kayleh.diyTomcat.catalina.Server logJVM
INFO : OS Name	:		Windows 10
06 24, 2020 17:53:28 下午 cn.kayleh.diyTomcat.catalina.Server logJVM
INFO : OS Version:		10.0
06 24, 2020 17:53:28 下午 cn.kayleh.diyTomcat.catalina.Server logJVM
INFO : Architecture:		amd64
06 24, 2020 17:53:28 下午 cn.kayleh.diyTomcat.catalina.Server logJVM
INFO : Java Home:		D:\jdk\jre
06 24, 2020 17:53:28 下午 cn.kayleh.diyTomcat.catalina.Server logJVM
INFO : JVM Version:		1.8.0_181-b13
06 24, 2020 17:53:28 下午 cn.kayleh.diyTomcat.catalina.Server logJVM
INFO : JVM Vendor:		Oracle Corporation
06 24, 2020 17:53:28 下午 cn.kayleh.diyTomcat.catalina.Connector init
INFO : Initializing ProtocolHandler [http-bio-8888]
06 24, 2020 17:53:28 下午 cn.kayleh.diyTomcat.catalina.Connector init
INFO : Initializing ProtocolHandler [http-bio-7777]
06 24, 2020 17:53:28 下午 cn.kayleh.diyTomcat.catalina.Connector init
INFO : Initializing ProtocolHandler [http-bio-6666]
06 24, 2020 17:53:28 下午 cn.kayleh.diyTomcat.catalina.Service init
INFO : Initialization processed in 1 ms
06 24, 2020 17:53:28 下午 cn.kayleh.diyTomcat.catalina.Connector start
INFO : Starting ProtocolHandler [http-bio-8888]
06 24, 2020 17:53:28 下午 cn.kayleh.diyTomcat.catalina.Connector start
INFO : Starting ProtocolHandler [http-bio-7777]
06 24, 2020 17:53:28 下午 cn.kayleh.diyTomcat.catalina.Connector start
INFO : Starting ProtocolHandler [http-bio-6666]
06 24, 2020 17:53:28 下午 cn.kayleh.diyTomcat.catalina.Server start
INFO : Server startup in 77 ms
06 24, 2020 17:54:03 下午 cn.kayleh.diyTomcat.catalina.HttpProcessor error
ERROR: this is a deliberately created exception
java.lang.RuntimeException: this is a deliberately created exception
	at cn.kayleh.diyTomcat.servlets.DefaultServlet.service(DefaultServlet.java:43)
	at cn.kayleh.diyTomcat.catalina.HttpProcessor.execute(HttpProcessor.java:48)
	at cn.kayleh.diyTomcat.catalina.Connector$1.run(Connector.java:54)
	at java.util.concurrent.ThreadPoolExecutor.runWorker(ThreadPoolExecutor.java:1149)
	at java.util.concurrent.ThreadPoolExecutor$Worker.run(ThreadPoolExecutor.java:624)
	at java.lang.Thread.run(Thread.java:748)
06 24, 2020 17:54:46 下午 cn.kayleh.diyTomcat.catalina.HttpProcessor error
ERROR: this is a deliberately created exception
java.lang.RuntimeException: this is a deliberately created exception
	at cn.kayleh.diyTomcat.servlets.DefaultServlet.service(DefaultServlet.java:43)
	at cn.kayleh.diyTomcat.catalina.HttpProcessor.execute(HttpProcessor.java:48)
	at cn.kayleh.diyTomcat.catalina.Connector$1.run(Connector.java:54)
	at java.util.concurrent.ThreadPoolExecutor.runWorker(ThreadPoolExecutor.java:1149)
	at java.util.concurrent.ThreadPoolExecutor$Worker.run(ThreadPoolExecutor.java:624)
	at java.lang.Thread.run(Thread.java:748)
06 24, 2020 18:40:07 下午 cn.kayleh.diyTomcat.catalina.Context <init>
INFO : Deploying web application directory d:/project/javaee/web
06 24, 2020 18:40:08 下午 cn.kayleh.diyTomcat.catalina.Context <init>
INFO : Deployment of web application directory d:/project/javaee/web has finished in 930 ms
06 24, 2020 19:33:03 下午 cn.kayleh.diyTomcat.catalina.Connector error
ERROR: socket closed
java.net.SocketException: socket closed
	at java.net.DualStackPlainSocketImpl.accept0(Native Method)
	at java.net.DualStackPlainSocketImpl.socketAccept(DualStackPlainSocketImpl.java:131)
	at java.net.AbstractPlainSocketImpl.accept(AbstractPlainSocketImpl.java:409)
	at java.net.PlainSocketImpl.accept(PlainSocketImpl.java:199)
	at java.net.ServerSocket.implAccept(ServerSocket.java:545)
	at java.net.ServerSocket.accept(ServerSocket.java:513)
	at cn.kayleh.diyTomcat.catalina.Connector.run(Connector.java:46)
	at java.lang.Thread.run(Thread.java:748)
06 24, 2020 19:33:16 下午 cn.kayleh.diyTomcat.catalina.Context <init>
INFO : Deploying web application directory D:\project\diyTomcat\webapps\a
06 24, 2020 19:33:16 下午 cn.kayleh.diyTomcat.catalina.Context <init>
INFO : Deployment of web application directory D:\project\diyTomcat\webapps\a has finished in 216 ms
06 24, 2020 19:33:16 下午 cn.kayleh.diyTomcat.catalina.Context <init>
INFO : Deploying web application directory D:\project\diyTomcat\webapps\j2ee
06 24, 2020 19:33:16 下午 cn.kayleh.diyTomcat.catalina.Context <init>
INFO : Deployment of web application directory D:\project\diyTomcat\webapps\j2ee has finished in 35 ms
06 24, 2020 19:33:16 下午 cn.kayleh.diyTomcat.catalina.Context <init>
INFO : Deploying web application directory D:\project\diyTomcat\webapps\ROOT
06 24, 2020 19:33:16 下午 cn.kayleh.diyTomcat.catalina.Context <init>
INFO : Deployment of web application directory D:\project\diyTomcat\webapps\ROOT has finished in 2 ms
06 24, 2020 19:33:16 下午 cn.kayleh.diyTomcat.catalina.Context <init>
INFO : Deploying web application directory d:/project/diyTomcat/b
06 24, 2020 19:33:16 下午 cn.kayleh.diyTomcat.catalina.Context <init>
INFO : Deployment of web application directory d:/project/diyTomcat/b has finished in 4 ms
06 24, 2020 19:33:16 下午 cn.kayleh.diyTomcat.catalina.Context <init>
INFO : Deploying web application directory d:/project/javaee/web
06 24, 2020 19:33:16 下午 cn.kayleh.diyTomcat.catalina.Context <init>
INFO : Deployment of web application directory d:/project/javaee/web has finished in 14 ms
06 24, 2020 19:33:16 下午 cn.kayleh.diyTomcat.catalina.Server logJVM
INFO : Server version:		Kayleh DiyTomcat/1.0.1
06 24, 2020 19:33:16 下午 cn.kayleh.diyTomcat.catalina.Server logJVM
INFO : Server built:		2020-06-11 15:55:01
06 24, 2020 19:33:16 下午 cn.kayleh.diyTomcat.catalina.Server logJVM
INFO : Server number:		1.0.1
06 24, 2020 19:33:16 下午 cn.kayleh.diyTomcat.catalina.Server logJVM
INFO : OS Name	:		Windows 10
06 24, 2020 19:33:16 下午 cn.kayleh.diyTomcat.catalina.Server logJVM
INFO : OS Version:		10.0
06 24, 2020 19:33:16 下午 cn.kayleh.diyTomcat.catalina.Server logJVM
INFO : Architecture:		amd64
06 24, 2020 19:33:16 下午 cn.kayleh.diyTomcat.catalina.Server logJVM
INFO : Java Home:		D:\jdk\jre
06 24, 2020 19:33:16 下午 cn.kayleh.diyTomcat.catalina.Server logJVM
INFO : JVM Version:		1.8.0_181-b13
06 24, 2020 19:33:16 下午 cn.kayleh.diyTomcat.catalina.Server logJVM
INFO : JVM Vendor:		Oracle Corporation
06 24, 2020 19:33:16 下午 cn.kayleh.diyTomcat.catalina.Connector init
INFO : Initializing ProtocolHandler [http-bio-8888]
06 24, 2020 19:33:16 下午 cn.kayleh.diyTomcat.catalina.Connector init
INFO : Initializing ProtocolHandler [http-bio-7777]
06 24, 2020 19:33:16 下午 cn.kayleh.diyTomcat.catalina.Connector init
INFO : Initializing ProtocolHandler [http-bio-6666]
06 24, 2020 19:33:16 下午 cn.kayleh.diyTomcat.catalina.Service init
INFO : Initialization processed in 1 ms
06 24, 2020 19:33:16 下午 cn.kayleh.diyTomcat.catalina.Connector start
INFO : Starting ProtocolHandler [http-bio-8888]
06 24, 2020 19:33:16 下午 cn.kayleh.diyTomcat.catalina.Connector start
INFO : Starting ProtocolHandler [http-bio-7777]
06 24, 2020 19:33:16 下午 cn.kayleh.diyTomcat.catalina.Connector start
INFO : Starting ProtocolHandler [http-bio-6666]
06 24, 2020 19:33:16 下午 cn.kayleh.diyTomcat.catalina.Server start
INFO : Server startup in 9 ms
06 24, 2020 21:19:11 下午 cn.kayleh.diyTomcat.catalina.Context <init>
INFO : Deploying web application directory D:\project\diyTomcat\webapps\a
06 24, 2020 21:19:11 下午 cn.kayleh.diyTomcat.catalina.Context <init>
INFO : Deployment of web application directory D:\project\diyTomcat\webapps\a has finished in 505 ms
06 24, 2020 21:19:11 下午 cn.kayleh.diyTomcat.catalina.Context <init>
INFO : Deploying web application directory D:\project\diyTomcat\webapps\j2ee
06 24, 2020 21:19:11 下午 cn.kayleh.diyTomcat.catalina.Context <init>
INFO : Deployment of web application directory D:\project\diyTomcat\webapps\j2ee has finished in 67 ms
06 24, 2020 21:19:11 下午 cn.kayleh.diyTomcat.catalina.Context <init>
INFO : Deploying web application directory D:\project\diyTomcat\webapps\ROOT
06 24, 2020 21:19:11 下午 cn.kayleh.diyTomcat.catalina.Context <init>
INFO : Deployment of web application directory D:\project\diyTomcat\webapps\ROOT has finished in 3 ms
06 24, 2020 21:19:11 下午 cn.kayleh.diyTomcat.catalina.Context <init>
INFO : Deploying web application directory d:/project/diyTomcat/b
06 24, 2020 21:19:11 下午 cn.kayleh.diyTomcat.catalina.Context <init>
INFO : Deployment of web application directory d:/project/diyTomcat/b has finished in 3 ms
06 24, 2020 21:19:11 下午 cn.kayleh.diyTomcat.catalina.Context <init>
INFO : Deploying web application directory d:/project/javaee/web
06 24, 2020 21:19:11 下午 cn.kayleh.diyTomcat.catalina.Context <init>
INFO : Deployment of web application directory d:/project/javaee/web has finished in 120 ms
06 24, 2020 21:19:11 下午 cn.kayleh.diyTomcat.catalina.Server logJVM
INFO : Server version:		Kayleh DiyTomcat/1.0.1
06 24, 2020 21:19:11 下午 cn.kayleh.diyTomcat.catalina.Server logJVM
INFO : Server built:		2020-06-11 15:55:01
06 24, 2020 21:19:11 下午 cn.kayleh.diyTomcat.catalina.Server logJVM
INFO : Server number:		1.0.1
06 24, 2020 21:19:11 下午 cn.kayleh.diyTomcat.catalina.Server logJVM
INFO : OS Name	:		Windows 10
06 24, 2020 21:19:11 下午 cn.kayleh.diyTomcat.catalina.Server logJVM
INFO : OS Version:		10.0
06 24, 2020 21:19:11 下午 cn.kayleh.diyTomcat.catalina.Server logJVM
INFO : Architecture:		amd64
06 24, 2020 21:19:11 下午 cn.kayleh.diyTomcat.catalina.Server logJVM
INFO : Java Home:		D:\jdk\jre
06 24, 2020 21:19:11 下午 cn.kayleh.diyTomcat.catalina.Server logJVM
INFO : JVM Version:		1.8.0_181-b13
06 24, 2020 21:19:11 下午 cn.kayleh.diyTomcat.catalina.Server logJVM
INFO : JVM Vendor:		Oracle Corporation
06 24, 2020 21:19:11 下午 cn.kayleh.diyTomcat.catalina.Connector init
INFO : Initializing ProtocolHandler [http-bio-8888]
06 24, 2020 21:19:11 下午 cn.kayleh.diyTomcat.catalina.Connector init
INFO : Initializing ProtocolHandler [http-bio-7777]
06 24, 2020 21:19:11 下午 cn.kayleh.diyTomcat.catalina.Connector init
INFO : Initializing ProtocolHandler [http-bio-6666]
06 24, 2020 21:19:11 下午 cn.kayleh.diyTomcat.catalina.Service init
INFO : Initialization processed in 1 ms
06 24, 2020 21:19:11 下午 cn.kayleh.diyTomcat.catalina.Connector start
INFO : Starting ProtocolHandler [http-bio-8888]
06 24, 2020 21:19:11 下午 cn.kayleh.diyTomcat.catalina.Connector start
INFO : Starting ProtocolHandler [http-bio-7777]
06 24, 2020 21:19:11 下午 cn.kayleh.diyTomcat.catalina.Connector start
INFO : Starting ProtocolHandler [http-bio-6666]
06 24, 2020 21:19:11 下午 cn.kayleh.diyTomcat.catalina.Server start
INFO : Server startup in 28 ms
06 24, 2020 21:19:18 下午 cn.kayleh.diyTomcat.catalina.HttpProcessor error
ERROR: java.lang.ClassNotFoundException: org.apache.jsp.index_jsp
java.lang.RuntimeException: java.lang.ClassNotFoundException: org.apache.jsp.index_jsp
	at cn.kayleh.diyTomcat.servlets.JspServlet.service(JspServlet.java:92)
	at cn.kayleh.diyTomcat.servlets.DefaultServlet.service(DefaultServlet.java:53)
	at cn.kayleh.diyTomcat.catalina.HttpProcessor.execute(HttpProcessor.java:48)
	at cn.kayleh.diyTomcat.catalina.Connector$1.run(Connector.java:54)
	at java.util.concurrent.ThreadPoolExecutor.runWorker(ThreadPoolExecutor.java:1149)
	at java.util.concurrent.ThreadPoolExecutor$Worker.run(ThreadPoolExecutor.java:624)
	at java.lang.Thread.run(Thread.java:748)
Caused by: java.lang.ClassNotFoundException: org.apache.jsp.index_jsp
	at java.net.URLClassLoader.findClass(URLClassLoader.java:381)
	at java.lang.ClassLoader.loadClass(ClassLoader.java:424)
	at java.lang.ClassLoader.loadClass(ClassLoader.java:357)
	at cn.kayleh.diyTomcat.servlets.JspServlet.service(JspServlet.java:79)
	... 6 more
06 24, 2020 21:23:40 下午 cn.kayleh.diyTomcat.catalina.Context <init>
INFO : Deploying web application directory D:\project\diyTomcat\webapps\a
06 24, 2020 21:23:40 下午 cn.kayleh.diyTomcat.catalina.Context <init>
INFO : Deployment of web application directory D:\project\diyTomcat\webapps\a has finished in 212 ms
06 24, 2020 21:23:40 下午 cn.kayleh.diyTomcat.catalina.Context <init>
INFO : Deploying web application directory D:\project\diyTomcat\webapps\j2ee
06 24, 2020 21:23:40 下午 cn.kayleh.diyTomcat.catalina.Context <init>
INFO : Deployment of web application directory D:\project\diyTomcat\webapps\j2ee has finished in 32 ms
06 24, 2020 21:23:40 下午 cn.kayleh.diyTomcat.catalina.Context <init>
INFO : Deploying web application directory D:\project\diyTomcat\webapps\ROOT
06 24, 2020 21:23:40 下午 cn.kayleh.diyTomcat.catalina.Context <init>
INFO : Deployment of web application directory D:\project\diyTomcat\webapps\ROOT has finished in 2 ms
06 24, 2020 21:23:40 下午 cn.kayleh.diyTomcat.catalina.Context <init>
INFO : Deploying web application directory d:/project/diyTomcat/b
06 24, 2020 21:23:40 下午 cn.kayleh.diyTomcat.catalina.Context <init>
INFO : Deployment of web application directory d:/project/diyTomcat/b has finished in 4 ms
06 24, 2020 21:23:40 下午 cn.kayleh.diyTomcat.catalina.Context <init>
INFO : Deploying web application directory d:/project/javaee/web
06 24, 2020 21:23:40 下午 cn.kayleh.diyTomcat.catalina.Context <init>
INFO : Deployment of web application directory d:/project/javaee/web has finished in 12 ms
06 24, 2020 21:23:40 下午 cn.kayleh.diyTomcat.catalina.Server logJVM
INFO : Server version:		Kayleh DiyTomcat/1.0.1
06 24, 2020 21:23:40 下午 cn.kayleh.diyTomcat.catalina.Server logJVM
INFO : Server built:		2020-06-11 15:55:01
06 24, 2020 21:23:40 下午 cn.kayleh.diyTomcat.catalina.Server logJVM
INFO : Server number:		1.0.1
06 24, 2020 21:23:40 下午 cn.kayleh.diyTomcat.catalina.Server logJVM
INFO : OS Name	:		Windows 10
06 24, 2020 21:23:40 下午 cn.kayleh.diyTomcat.catalina.Server logJVM
INFO : OS Version:		10.0
06 24, 2020 21:23:40 下午 cn.kayleh.diyTomcat.catalina.Server logJVM
INFO : Architecture:		amd64
06 24, 2020 21:23:40 下午 cn.kayleh.diyTomcat.catalina.Server logJVM
INFO : Java Home:		D:\jdk\jre
06 24, 2020 21:23:40 下午 cn.kayleh.diyTomcat.catalina.Server logJVM
INFO : JVM Version:		1.8.0_181-b13
06 24, 2020 21:23:40 下午 cn.kayleh.diyTomcat.catalina.Server logJVM
INFO : JVM Vendor:		Oracle Corporation
06 24, 2020 21:23:40 下午 cn.kayleh.diyTomcat.catalina.Connector init
INFO : Initializing ProtocolHandler [http-bio-8888]
06 24, 2020 21:23:40 下午 cn.kayleh.diyTomcat.catalina.Connector init
INFO : Initializing ProtocolHandler [http-bio-7777]
06 24, 2020 21:23:40 下午 cn.kayleh.diyTomcat.catalina.Connector init
INFO : Initializing ProtocolHandler [http-bio-6666]
06 24, 2020 21:23:40 下午 cn.kayleh.diyTomcat.catalina.Service init
INFO : Initialization processed in 1 ms
06 24, 2020 21:23:40 下午 cn.kayleh.diyTomcat.catalina.Connector start
INFO : Starting ProtocolHandler [http-bio-8888]
06 24, 2020 21:23:40 下午 cn.kayleh.diyTomcat.catalina.Connector start
INFO : Starting ProtocolHandler [http-bio-7777]
06 24, 2020 21:23:40 下午 cn.kayleh.diyTomcat.catalina.Connector start
INFO : Starting ProtocolHandler [http-bio-6666]
06 24, 2020 21:23:40 下午 cn.kayleh.diyTomcat.catalina.Server start
INFO : Server startup in 7 ms
