06 15, 2020 20:59:08 下午 cn.kayleh.diyTomcat.catalina.Context <init>
INFO : Deploying web application directory D:\project\diyTomcat\webapps\a
06 15, 2020 20:59:08 下午 cn.kayleh.diyTomcat.catalina.Context <init>
INFO : Deployment of web application directory D:\project\diyTomcat\webapps\a has finished in 225 ms
06 15, 2020 20:59:08 下午 cn.kayleh.diyTomcat.catalina.Context <init>
INFO : Deploying web application directory D:\project\diyTomcat\webapps\root
06 15, 2020 20:59:08 下午 cn.kayleh.diyTomcat.catalina.Context <init>
INFO : Deployment of web application directory D:\project\diyTomcat\webapps\root has finished in 0 ms
06 15, 2020 20:59:08 下午 cn.kayleh.diyTomcat.catalina.Context <init>
INFO : Deploying web application directory d:/project/diyTomcat/b
06 15, 2020 20:59:08 下午 cn.kayleh.diyTomcat.catalina.Context <init>
INFO : Deployment of web application directory d:/project/diyTomcat/b has finished in 1 ms
06 15, 2020 20:59:08 下午 cn.kayleh.diyTomcat.catalina.Server logJVM
INFO : Server version:		Kayleh DiyTomcat/1.0.1
06 15, 2020 20:59:08 下午 cn.kayleh.diyTomcat.catalina.Server logJVM
INFO : Server built:		2020-06-11 15:55:01
06 15, 2020 20:59:08 下午 cn.kayleh.diyTomcat.catalina.Server logJVM
INFO : Server number:		1.0.1
06 15, 2020 20:59:08 下午 cn.kayleh.diyTomcat.catalina.Server logJVM
INFO : OS Name	:		Windows 10
06 15, 2020 20:59:08 下午 cn.kayleh.diyTomcat.catalina.Server logJVM
INFO : OS Version:		10.0
06 15, 2020 20:59:08 下午 cn.kayleh.diyTomcat.catalina.Server logJVM
INFO : Architecture:		amd64
06 15, 2020 20:59:08 下午 cn.kayleh.diyTomcat.catalina.Server logJVM
INFO : Java Home:		D:\jdk\jre
06 15, 2020 20:59:08 下午 cn.kayleh.diyTomcat.catalina.Server logJVM
INFO : JVM Version:		1.8.0_181-b13
06 15, 2020 20:59:08 下午 cn.kayleh.diyTomcat.catalina.Server logJVM
INFO : JVM Vendor:		Oracle Corporation
06 15, 2020 21:01:37 下午 cn.kayleh.diyTomcat.catalina.Context <init>
INFO : Deploying web application directory D:\project\diyTomcat\webapps\a
06 15, 2020 21:01:37 下午 cn.kayleh.diyTomcat.catalina.Context <init>
INFO : Deployment of web application directory D:\project\diyTomcat\webapps\a has finished in 94 ms
06 15, 2020 21:01:37 下午 cn.kayleh.diyTomcat.catalina.Context <init>
INFO : Deploying web application directory D:\project\diyTomcat\webapps\root
06 15, 2020 21:01:37 下午 cn.kayleh.diyTomcat.catalina.Context <init>
INFO : Deployment of web application directory D:\project\diyTomcat\webapps\root has finished in 0 ms
06 15, 2020 21:01:37 下午 cn.kayleh.diyTomcat.catalina.Context <init>
INFO : Deploying web application directory d:/project/diyTomcat/b
06 15, 2020 21:01:37 下午 cn.kayleh.diyTomcat.catalina.Context <init>
INFO : Deployment of web application directory d:/project/diyTomcat/b has finished in 1 ms
06 15, 2020 21:01:37 下午 cn.kayleh.diyTomcat.catalina.Server logJVM
INFO : Server version:		Kayleh DiyTomcat/1.0.1
06 15, 2020 21:01:37 下午 cn.kayleh.diyTomcat.catalina.Server logJVM
INFO : Server built:		2020-06-11 15:55:01
06 15, 2020 21:01:37 下午 cn.kayleh.diyTomcat.catalina.Server logJVM
INFO : Server number:		1.0.1
06 15, 2020 21:01:37 下午 cn.kayleh.diyTomcat.catalina.Server logJVM
INFO : OS Name	:		Windows 10
06 15, 2020 21:01:37 下午 cn.kayleh.diyTomcat.catalina.Server logJVM
INFO : OS Version:		10.0
06 15, 2020 21:01:37 下午 cn.kayleh.diyTomcat.catalina.Server logJVM
INFO : Architecture:		amd64
06 15, 2020 21:01:37 下午 cn.kayleh.diyTomcat.catalina.Server logJVM
INFO : Java Home:		D:\jdk\jre
06 15, 2020 21:01:37 下午 cn.kayleh.diyTomcat.catalina.Server logJVM
INFO : JVM Version:		1.8.0_181-b13
06 15, 2020 21:01:37 下午 cn.kayleh.diyTomcat.catalina.Server logJVM
INFO : JVM Vendor:		Oracle Corporation
06 15, 2020 21:06:12 下午 cn.kayleh.diyTomcat.catalina.Context <init>
INFO : Deploying web application directory D:\project\diyTomcat\webapps\a
06 15, 2020 21:06:12 下午 cn.kayleh.diyTomcat.catalina.Context <init>
INFO : Deployment of web application directory D:\project\diyTomcat\webapps\a has finished in 106 ms
06 15, 2020 21:06:12 下午 cn.kayleh.diyTomcat.catalina.Context <init>
INFO : Deploying web application directory D:\project\diyTomcat\webapps\root
06 15, 2020 21:06:12 下午 cn.kayleh.diyTomcat.catalina.Context <init>
INFO : Deployment of web application directory D:\project\diyTomcat\webapps\root has finished in 1 ms
06 15, 2020 21:06:12 下午 cn.kayleh.diyTomcat.catalina.Context <init>
INFO : Deploying web application directory d:/project/diyTomcat/b
06 15, 2020 21:06:12 下午 cn.kayleh.diyTomcat.catalina.Context <init>
INFO : Deployment of web application directory d:/project/diyTomcat/b has finished in 1 ms
06 15, 2020 21:06:12 下午 cn.kayleh.diyTomcat.catalina.Server logJVM
INFO : Server version:		Kayleh DiyTomcat/1.0.1
06 15, 2020 21:06:12 下午 cn.kayleh.diyTomcat.catalina.Server logJVM
INFO : Server built:		2020-06-11 15:55:01
06 15, 2020 21:06:12 下午 cn.kayleh.diyTomcat.catalina.Server logJVM
INFO : Server number:		1.0.1
06 15, 2020 21:06:12 下午 cn.kayleh.diyTomcat.catalina.Server logJVM
INFO : OS Name	:		Windows 10
06 15, 2020 21:06:12 下午 cn.kayleh.diyTomcat.catalina.Server logJVM
INFO : OS Version:		10.0
06 15, 2020 21:06:12 下午 cn.kayleh.diyTomcat.catalina.Server logJVM
INFO : Architecture:		amd64
06 15, 2020 21:06:12 下午 cn.kayleh.diyTomcat.catalina.Server logJVM
INFO : Java Home:		D:\jdk\jre
06 15, 2020 21:06:12 下午 cn.kayleh.diyTomcat.catalina.Server logJVM
INFO : JVM Version:		1.8.0_181-b13
06 15, 2020 21:06:12 下午 cn.kayleh.diyTomcat.catalina.Server logJVM
INFO : JVM Vendor:		Oracle Corporation
06 15, 2020 21:08:53 下午 cn.kayleh.diyTomcat.catalina.Context <init>
INFO : Deploying web application directory D:\project\diyTomcat\webapps\a
06 15, 2020 21:08:53 下午 cn.kayleh.diyTomcat.catalina.Context <init>
INFO : Deployment of web application directory D:\project\diyTomcat\webapps\a has finished in 111 ms
06 15, 2020 21:08:53 下午 cn.kayleh.diyTomcat.catalina.Context <init>
INFO : Deploying web application directory D:\project\diyTomcat\webapps\root
06 15, 2020 21:08:53 下午 cn.kayleh.diyTomcat.catalina.Context <init>
INFO : Deployment of web application directory D:\project\diyTomcat\webapps\root has finished in 0 ms
06 15, 2020 21:08:53 下午 cn.kayleh.diyTomcat.catalina.Context <init>
INFO : Deploying web application directory d:/project/diyTomcat/b
06 15, 2020 21:08:53 下午 cn.kayleh.diyTomcat.catalina.Context <init>
INFO : Deployment of web application directory d:/project/diyTomcat/b has finished in 1 ms
06 15, 2020 21:08:53 下午 cn.kayleh.diyTomcat.catalina.Server logJVM
INFO : Server version:		Kayleh DiyTomcat/1.0.1
06 15, 2020 21:08:53 下午 cn.kayleh.diyTomcat.catalina.Server logJVM
INFO : Server built:		2020-06-11 15:55:01
06 15, 2020 21:08:53 下午 cn.kayleh.diyTomcat.catalina.Server logJVM
INFO : Server number:		1.0.1
06 15, 2020 21:08:53 下午 cn.kayleh.diyTomcat.catalina.Server logJVM
INFO : OS Name	:		Windows 10
06 15, 2020 21:08:53 下午 cn.kayleh.diyTomcat.catalina.Server logJVM
INFO : OS Version:		10.0
06 15, 2020 21:08:53 下午 cn.kayleh.diyTomcat.catalina.Server logJVM
INFO : Architecture:		amd64
06 15, 2020 21:08:53 下午 cn.kayleh.diyTomcat.catalina.Server logJVM
INFO : Java Home:		D:\jdk\jre
06 15, 2020 21:08:53 下午 cn.kayleh.diyTomcat.catalina.Server logJVM
INFO : JVM Version:		1.8.0_181-b13
06 15, 2020 21:08:53 下午 cn.kayleh.diyTomcat.catalina.Server logJVM
INFO : JVM Vendor:		Oracle Corporation
06 15, 2020 21:10:57 下午 cn.kayleh.diyTomcat.catalina.Context <init>
INFO : Deploying web application directory D:\project\diyTomcat\webapps\a
06 15, 2020 21:10:57 下午 cn.kayleh.diyTomcat.catalina.Context <init>
INFO : Deployment of web application directory D:\project\diyTomcat\webapps\a has finished in 237 ms
06 15, 2020 21:10:57 下午 cn.kayleh.diyTomcat.catalina.Context <init>
INFO : Deploying web application directory D:\project\diyTomcat\webapps\root
06 15, 2020 21:10:57 下午 cn.kayleh.diyTomcat.catalina.Context <init>
INFO : Deployment of web application directory D:\project\diyTomcat\webapps\root has finished in 0 ms
06 15, 2020 21:10:57 下午 cn.kayleh.diyTomcat.catalina.Context <init>
INFO : Deploying web application directory d:/project/diyTomcat/b
06 15, 2020 21:10:57 下午 cn.kayleh.diyTomcat.catalina.Context <init>
INFO : Deployment of web application directory d:/project/diyTomcat/b has finished in 1 ms
06 15, 2020 21:11:04 下午 cn.kayleh.diyTomcat.catalina.Server logJVM
INFO : Server version:		Kayleh DiyTomcat/1.0.1
06 15, 2020 21:11:04 下午 cn.kayleh.diyTomcat.catalina.Server logJVM
INFO : Server built:		2020-06-11 15:55:01
06 15, 2020 21:11:04 下午 cn.kayleh.diyTomcat.catalina.Server logJVM
INFO : Server number:		1.0.1
06 15, 2020 21:11:04 下午 cn.kayleh.diyTomcat.catalina.Server logJVM
INFO : OS Name	:		Windows 10
06 15, 2020 21:11:04 下午 cn.kayleh.diyTomcat.catalina.Server logJVM
INFO : OS Version:		10.0
06 15, 2020 21:11:04 下午 cn.kayleh.diyTomcat.catalina.Server logJVM
INFO : Architecture:		amd64
06 15, 2020 21:11:04 下午 cn.kayleh.diyTomcat.catalina.Server logJVM
INFO : Java Home:		D:\jdk\jre
06 15, 2020 21:11:04 下午 cn.kayleh.diyTomcat.catalina.Server logJVM
INFO : JVM Version:		1.8.0_181-b13
06 15, 2020 21:11:04 下午 cn.kayleh.diyTomcat.catalina.Server logJVM
INFO : JVM Vendor:		Oracle Corporation
06 15, 2020 21:11:54 下午 cn.kayleh.diyTomcat.catalina.Context <init>
INFO : Deploying web application directory D:\project\diyTomcat\webapps\a
06 15, 2020 21:11:54 下午 cn.kayleh.diyTomcat.catalina.Context <init>
INFO : Deployment of web application directory D:\project\diyTomcat\webapps\a has finished in 218 ms
06 15, 2020 21:11:54 下午 cn.kayleh.diyTomcat.catalina.Context <init>
INFO : Deploying web application directory D:\project\diyTomcat\webapps\root
06 15, 2020 21:11:54 下午 cn.kayleh.diyTomcat.catalina.Context <init>
INFO : Deployment of web application directory D:\project\diyTomcat\webapps\root has finished in 1 ms
06 15, 2020 21:11:54 下午 cn.kayleh.diyTomcat.catalina.Context <init>
INFO : Deploying web application directory d:/project/diyTomcat/b
06 15, 2020 21:11:54 下午 cn.kayleh.diyTomcat.catalina.Context <init>
INFO : Deployment of web application directory d:/project/diyTomcat/b has finished in 1 ms
06 15, 2020 21:11:58 下午 cn.kayleh.diyTomcat.catalina.Server logJVM
INFO : Server version:		Kayleh DiyTomcat/1.0.1
06 15, 2020 21:11:58 下午 cn.kayleh.diyTomcat.catalina.Server logJVM
INFO : Server built:		2020-06-11 15:55:01
06 15, 2020 21:11:58 下午 cn.kayleh.diyTomcat.catalina.Server logJVM
INFO : Server number:		1.0.1
06 15, 2020 21:11:58 下午 cn.kayleh.diyTomcat.catalina.Server logJVM
INFO : OS Name	:		Windows 10
06 15, 2020 21:11:58 下午 cn.kayleh.diyTomcat.catalina.Server logJVM
INFO : OS Version:		10.0
06 15, 2020 21:11:58 下午 cn.kayleh.diyTomcat.catalina.Server logJVM
INFO : Architecture:		amd64
06 15, 2020 21:11:58 下午 cn.kayleh.diyTomcat.catalina.Server logJVM
INFO : Java Home:		D:\jdk\jre
06 15, 2020 21:11:58 下午 cn.kayleh.diyTomcat.catalina.Server logJVM
INFO : JVM Version:		1.8.0_181-b13
06 15, 2020 21:11:58 下午 cn.kayleh.diyTomcat.catalina.Server logJVM
INFO : JVM Vendor:		Oracle Corporation
06 15, 2020 21:15:55 下午 cn.kayleh.diyTomcat.catalina.Context <init>
INFO : Deploying web application directory D:\project\diyTomcat\webapps\a
06 15, 2020 21:15:55 下午 cn.kayleh.diyTomcat.catalina.Context <init>
INFO : Deployment of web application directory D:\project\diyTomcat\webapps\a has finished in 125 ms
06 15, 2020 21:15:55 下午 cn.kayleh.diyTomcat.catalina.Context <init>
INFO : Deploying web application directory D:\project\diyTomcat\webapps\root
06 15, 2020 21:15:55 下午 cn.kayleh.diyTomcat.catalina.Context <init>
INFO : Deployment of web application directory D:\project\diyTomcat\webapps\root has finished in 0 ms
06 15, 2020 21:15:55 下午 cn.kayleh.diyTomcat.catalina.Context <init>
INFO : Deploying web application directory d:/project/diyTomcat/b
06 15, 2020 21:15:55 下午 cn.kayleh.diyTomcat.catalina.Context <init>
INFO : Deployment of web application directory d:/project/diyTomcat/b has finished in 0 ms
06 15, 2020 21:15:55 下午 cn.kayleh.diyTomcat.catalina.Server logJVM
INFO : Server version:		Kayleh DiyTomcat/1.0.1
06 15, 2020 21:15:55 下午 cn.kayleh.diyTomcat.catalina.Server logJVM
INFO : Server built:		2020-06-11 15:55:01
06 15, 2020 21:15:55 下午 cn.kayleh.diyTomcat.catalina.Server logJVM
INFO : Server number:		1.0.1
06 15, 2020 21:15:55 下午 cn.kayleh.diyTomcat.catalina.Server logJVM
INFO : OS Name	:		Windows 10
06 15, 2020 21:15:55 下午 cn.kayleh.diyTomcat.catalina.Server logJVM
INFO : OS Version:		10.0
06 15, 2020 21:15:55 下午 cn.kayleh.diyTomcat.catalina.Server logJVM
INFO : Architecture:		amd64
06 15, 2020 21:15:55 下午 cn.kayleh.diyTomcat.catalina.Server logJVM
INFO : Java Home:		D:\jdk\jre
06 15, 2020 21:15:55 下午 cn.kayleh.diyTomcat.catalina.Server logJVM
INFO : JVM Version:		1.8.0_181-b13
06 15, 2020 21:15:55 下午 cn.kayleh.diyTomcat.catalina.Server logJVM
INFO : JVM Vendor:		Oracle Corporation
06 15, 2020 21:17:22 下午 cn.kayleh.diyTomcat.catalina.Context <init>
INFO : Deploying web application directory D:\project\diyTomcat\webapps\a
06 15, 2020 21:17:22 下午 cn.kayleh.diyTomcat.catalina.Context <init>
INFO : Deployment of web application directory D:\project\diyTomcat\webapps\a has finished in 224 ms
06 15, 2020 21:17:22 下午 cn.kayleh.diyTomcat.catalina.Context <init>
INFO : Deploying web application directory D:\project\diyTomcat\webapps\root
06 15, 2020 21:17:22 下午 cn.kayleh.diyTomcat.catalina.Context <init>
INFO : Deployment of web application directory D:\project\diyTomcat\webapps\root has finished in 1 ms
06 15, 2020 21:17:22 下午 cn.kayleh.diyTomcat.catalina.Context <init>
INFO : Deploying web application directory d:/project/diyTomcat/b
06 15, 2020 21:17:22 下午 cn.kayleh.diyTomcat.catalina.Context <init>
INFO : Deployment of web application directory d:/project/diyTomcat/b has finished in 0 ms
06 15, 2020 21:17:22 下午 cn.kayleh.diyTomcat.catalina.Server logJVM
INFO : Server version:		Kayleh DiyTomcat/1.0.1
06 15, 2020 21:17:22 下午 cn.kayleh.diyTomcat.catalina.Server logJVM
INFO : Server built:		2020-06-11 15:55:01
06 15, 2020 21:17:22 下午 cn.kayleh.diyTomcat.catalina.Server logJVM
INFO : Server number:		1.0.1
06 15, 2020 21:17:22 下午 cn.kayleh.diyTomcat.catalina.Server logJVM
INFO : OS Name	:		Windows 10
06 15, 2020 21:17:22 下午 cn.kayleh.diyTomcat.catalina.Server logJVM
INFO : OS Version:		10.0
06 15, 2020 21:17:22 下午 cn.kayleh.diyTomcat.catalina.Server logJVM
INFO : Architecture:		amd64
06 15, 2020 21:17:22 下午 cn.kayleh.diyTomcat.catalina.Server logJVM
INFO : Java Home:		D:\jdk\jre
06 15, 2020 21:17:22 下午 cn.kayleh.diyTomcat.catalina.Server logJVM
INFO : JVM Version:		1.8.0_181-b13
06 15, 2020 21:17:22 下午 cn.kayleh.diyTomcat.catalina.Server logJVM
INFO : JVM Vendor:		Oracle Corporation
06 15, 2020 21:24:41 下午 cn.kayleh.diyTomcat.catalina.Context <init>
INFO : Deploying web application directory D:\project\diyTomcat\webapps\a
06 15, 2020 21:24:41 下午 cn.kayleh.diyTomcat.catalina.Context <init>
INFO : Deployment of web application directory D:\project\diyTomcat\webapps\a has finished in 220 ms
06 15, 2020 21:24:41 下午 cn.kayleh.diyTomcat.catalina.Context <init>
INFO : Deploying web application directory D:\project\diyTomcat\webapps\root
06 15, 2020 21:24:41 下午 cn.kayleh.diyTomcat.catalina.Context <init>
INFO : Deployment of web application directory D:\project\diyTomcat\webapps\root has finished in 1 ms
06 15, 2020 21:24:41 下午 cn.kayleh.diyTomcat.catalina.Context <init>
INFO : Deploying web application directory d:/project/diyTomcat/b
06 15, 2020 21:24:41 下午 cn.kayleh.diyTomcat.catalina.Context <init>
INFO : Deployment of web application directory d:/project/diyTomcat/b has finished in 1 ms
06 15, 2020 21:24:41 下午 cn.kayleh.diyTomcat.catalina.Server logJVM
INFO : Server version:		Kayleh DiyTomcat/1.0.1
06 15, 2020 21:24:41 下午 cn.kayleh.diyTomcat.catalina.Server logJVM
INFO : Server built:		2020-06-11 15:55:01
06 15, 2020 21:24:41 下午 cn.kayleh.diyTomcat.catalina.Server logJVM
INFO : Server number:		1.0.1
06 15, 2020 21:24:41 下午 cn.kayleh.diyTomcat.catalina.Server logJVM
INFO : OS Name	:		Windows 10
06 15, 2020 21:24:41 下午 cn.kayleh.diyTomcat.catalina.Server logJVM
INFO : OS Version:		10.0
06 15, 2020 21:24:41 下午 cn.kayleh.diyTomcat.catalina.Server logJVM
INFO : Architecture:		amd64
06 15, 2020 21:24:41 下午 cn.kayleh.diyTomcat.catalina.Server logJVM
INFO : Java Home:		D:\jdk\jre
06 15, 2020 21:24:41 下午 cn.kayleh.diyTomcat.catalina.Server logJVM
INFO : JVM Version:		1.8.0_181-b13
06 15, 2020 21:24:41 下午 cn.kayleh.diyTomcat.catalina.Server logJVM
INFO : JVM Vendor:		Oracle Corporation
06 15, 2020 21:26:20 下午 cn.kayleh.diyTomcat.catalina.Context <init>
INFO : Deploying web application directory D:\project\diyTomcat\webapps\a
06 15, 2020 21:26:20 下午 cn.kayleh.diyTomcat.catalina.Context <init>
INFO : Deployment of web application directory D:\project\diyTomcat\webapps\a has finished in 92 ms
06 15, 2020 21:26:20 下午 cn.kayleh.diyTomcat.catalina.Context <init>
INFO : Deploying web application directory D:\project\diyTomcat\webapps\root
06 15, 2020 21:26:20 下午 cn.kayleh.diyTomcat.catalina.Context <init>
INFO : Deployment of web application directory D:\project\diyTomcat\webapps\root has finished in 0 ms
06 15, 2020 21:26:20 下午 cn.kayleh.diyTomcat.catalina.Context <init>
INFO : Deploying web application directory d:/project/diyTomcat/b
06 15, 2020 21:26:20 下午 cn.kayleh.diyTomcat.catalina.Context <init>
INFO : Deployment of web application directory d:/project/diyTomcat/b has finished in 0 ms
06 15, 2020 21:26:20 下午 cn.kayleh.diyTomcat.catalina.Server logJVM
INFO : Server version:		Kayleh DiyTomcat/1.0.1
06 15, 2020 21:26:20 下午 cn.kayleh.diyTomcat.catalina.Server logJVM
INFO : Server built:		2020-06-11 15:55:01
06 15, 2020 21:26:20 下午 cn.kayleh.diyTomcat.catalina.Server logJVM
INFO : Server number:		1.0.1
06 15, 2020 21:26:20 下午 cn.kayleh.diyTomcat.catalina.Server logJVM
INFO : OS Name	:		Windows 10
06 15, 2020 21:26:20 下午 cn.kayleh.diyTomcat.catalina.Server logJVM
INFO : OS Version:		10.0
06 15, 2020 21:26:20 下午 cn.kayleh.diyTomcat.catalina.Server logJVM
INFO : Architecture:		amd64
06 15, 2020 21:26:20 下午 cn.kayleh.diyTomcat.catalina.Server logJVM
INFO : Java Home:		D:\jdk\jre
06 15, 2020 21:26:20 下午 cn.kayleh.diyTomcat.catalina.Server logJVM
INFO : JVM Version:		1.8.0_181-b13
06 15, 2020 21:26:20 下午 cn.kayleh.diyTomcat.catalina.Server logJVM
INFO : JVM Vendor:		Oracle Corporation
06 15, 2020 21:28:24 下午 cn.kayleh.diyTomcat.catalina.Context <init>
INFO : Deploying web application directory D:\project\diyTomcat\webapps\a
06 15, 2020 21:28:24 下午 cn.kayleh.diyTomcat.catalina.Context <init>
INFO : Deployment of web application directory D:\project\diyTomcat\webapps\a has finished in 229 ms
06 15, 2020 21:28:24 下午 cn.kayleh.diyTomcat.catalina.Context <init>
INFO : Deploying web application directory D:\project\diyTomcat\webapps\root
06 15, 2020 21:28:24 下午 cn.kayleh.diyTomcat.catalina.Context <init>
INFO : Deployment of web application directory D:\project\diyTomcat\webapps\root has finished in 0 ms
06 15, 2020 21:28:24 下午 cn.kayleh.diyTomcat.catalina.Context <init>
INFO : Deploying web application directory d:/project/diyTomcat/b
06 15, 2020 21:28:24 下午 cn.kayleh.diyTomcat.catalina.Context <init>
INFO : Deployment of web application directory d:/project/diyTomcat/b has finished in 0 ms
06 15, 2020 21:28:24 下午 cn.kayleh.diyTomcat.catalina.Server logJVM
INFO : Server version:		Kayleh DiyTomcat/1.0.1
06 15, 2020 21:28:24 下午 cn.kayleh.diyTomcat.catalina.Server logJVM
INFO : Server built:		2020-06-11 15:55:01
06 15, 2020 21:28:24 下午 cn.kayleh.diyTomcat.catalina.Server logJVM
INFO : Server number:		1.0.1
06 15, 2020 21:28:24 下午 cn.kayleh.diyTomcat.catalina.Server logJVM
INFO : OS Name	:		Windows 10
06 15, 2020 21:28:24 下午 cn.kayleh.diyTomcat.catalina.Server logJVM
INFO : OS Version:		10.0
06 15, 2020 21:28:24 下午 cn.kayleh.diyTomcat.catalina.Server logJVM
INFO : Architecture:		amd64
06 15, 2020 21:28:24 下午 cn.kayleh.diyTomcat.catalina.Server logJVM
INFO : Java Home:		D:\jdk\jre
06 15, 2020 21:28:24 下午 cn.kayleh.diyTomcat.catalina.Server logJVM
INFO : JVM Version:		1.8.0_181-b13
06 15, 2020 21:28:24 下午 cn.kayleh.diyTomcat.catalina.Server logJVM
INFO : JVM Vendor:		Oracle Corporation
06 15, 2020 21:37:13 下午 cn.kayleh.diyTomcat.catalina.Context <init>
INFO : Deploying web application directory D:\project\diyTomcat\webapps\a
06 15, 2020 21:37:13 下午 cn.kayleh.diyTomcat.catalina.Context <init>
INFO : Deployment of web application directory D:\project\diyTomcat\webapps\a has finished in 128 ms
06 15, 2020 21:37:13 下午 cn.kayleh.diyTomcat.catalina.Context <init>
INFO : Deploying web application directory D:\project\diyTomcat\webapps\root
06 15, 2020 21:37:13 下午 cn.kayleh.diyTomcat.catalina.Context <init>
INFO : Deployment of web application directory D:\project\diyTomcat\webapps\root has finished in 0 ms
06 15, 2020 21:37:13 下午 cn.kayleh.diyTomcat.catalina.Context <init>
INFO : Deploying web application directory d:/project/diyTomcat/b
06 15, 2020 21:37:13 下午 cn.kayleh.diyTomcat.catalina.Context <init>
INFO : Deployment of web application directory d:/project/diyTomcat/b has finished in 0 ms
06 15, 2020 21:37:13 下午 cn.kayleh.diyTomcat.catalina.Server logJVM
INFO : Server version:		Kayleh DiyTomcat/1.0.1
06 15, 2020 21:37:13 下午 cn.kayleh.diyTomcat.catalina.Server logJVM
INFO : Server built:		2020-06-11 15:55:01
06 15, 2020 21:37:13 下午 cn.kayleh.diyTomcat.catalina.Server logJVM
INFO : Server number:		1.0.1
06 15, 2020 21:37:13 下午 cn.kayleh.diyTomcat.catalina.Server logJVM
INFO : OS Name	:		Windows 10
06 15, 2020 21:37:13 下午 cn.kayleh.diyTomcat.catalina.Server logJVM
INFO : OS Version:		10.0
06 15, 2020 21:37:13 下午 cn.kayleh.diyTomcat.catalina.Server logJVM
INFO : Architecture:		amd64
06 15, 2020 21:37:13 下午 cn.kayleh.diyTomcat.catalina.Server logJVM
INFO : Java Home:		D:\jdk\jre
06 15, 2020 21:37:13 下午 cn.kayleh.diyTomcat.catalina.Server logJVM
INFO : JVM Version:		1.8.0_181-b13
06 15, 2020 21:37:13 下午 cn.kayleh.diyTomcat.catalina.Server logJVM
INFO : JVM Vendor:		Oracle Corporation
06 15, 2020 21:44:04 下午 cn.kayleh.diyTomcat.catalina.Context <init>
INFO : Deploying web application directory D:\project\diyTomcat\webapps\a
06 15, 2020 21:44:04 下午 cn.kayleh.diyTomcat.catalina.Context <init>
INFO : Deployment of web application directory D:\project\diyTomcat\webapps\a has finished in 130 ms
06 15, 2020 21:44:04 下午 cn.kayleh.diyTomcat.catalina.Context <init>
INFO : Deploying web application directory D:\project\diyTomcat\webapps\ROOT
06 15, 2020 21:44:04 下午 cn.kayleh.diyTomcat.catalina.Context <init>
INFO : Deployment of web application directory D:\project\diyTomcat\webapps\ROOT has finished in 1 ms
06 15, 2020 21:44:04 下午 cn.kayleh.diyTomcat.catalina.Context <init>
INFO : Deploying web application directory d:/project/diyTomcat/b
06 15, 2020 21:44:04 下午 cn.kayleh.diyTomcat.catalina.Context <init>
INFO : Deployment of web application directory d:/project/diyTomcat/b has finished in 1 ms
06 15, 2020 21:44:04 下午 cn.kayleh.diyTomcat.catalina.Server logJVM
INFO : Server version:		Kayleh DiyTomcat/1.0.1
06 15, 2020 21:44:04 下午 cn.kayleh.diyTomcat.catalina.Server logJVM
INFO : Server built:		2020-06-11 15:55:01
06 15, 2020 21:44:04 下午 cn.kayleh.diyTomcat.catalina.Server logJVM
INFO : Server number:		1.0.1
06 15, 2020 21:44:04 下午 cn.kayleh.diyTomcat.catalina.Server logJVM
INFO : OS Name	:		Windows 10
06 15, 2020 21:44:04 下午 cn.kayleh.diyTomcat.catalina.Server logJVM
INFO : OS Version:		10.0
06 15, 2020 21:44:04 下午 cn.kayleh.diyTomcat.catalina.Server logJVM
INFO : Architecture:		amd64
06 15, 2020 21:44:04 下午 cn.kayleh.diyTomcat.catalina.Server logJVM
INFO : Java Home:		D:\jdk\jre
06 15, 2020 21:44:04 下午 cn.kayleh.diyTomcat.catalina.Server logJVM
INFO : JVM Version:		1.8.0_181-b13
06 15, 2020 21:44:04 下午 cn.kayleh.diyTomcat.catalina.Server logJVM
INFO : JVM Vendor:		Oracle Corporation
06 15, 2020 21:45:28 下午 cn.kayleh.diyTomcat.catalina.Context <init>
INFO : Deploying web application directory D:\project\diyTomcat\webapps\a
06 15, 2020 21:45:28 下午 cn.kayleh.diyTomcat.catalina.Context <init>
INFO : Deployment of web application directory D:\project\diyTomcat\webapps\a has finished in 100 ms
06 15, 2020 21:45:28 下午 cn.kayleh.diyTomcat.catalina.Context <init>
INFO : Deploying web application directory D:\project\diyTomcat\webapps\ROOT
06 15, 2020 21:45:28 下午 cn.kayleh.diyTomcat.catalina.Context <init>
INFO : Deployment of web application directory D:\project\diyTomcat\webapps\ROOT has finished in 1 ms
06 15, 2020 21:45:28 下午 cn.kayleh.diyTomcat.catalina.Context <init>
INFO : Deploying web application directory d:/project/diyTomcat/b
06 15, 2020 21:45:28 下午 cn.kayleh.diyTomcat.catalina.Context <init>
INFO : Deployment of web application directory d:/project/diyTomcat/b has finished in 0 ms
06 15, 2020 21:45:28 下午 cn.kayleh.diyTomcat.catalina.Server logJVM
INFO : Server version:		Kayleh DiyTomcat/1.0.1
06 15, 2020 21:45:28 下午 cn.kayleh.diyTomcat.catalina.Server logJVM
INFO : Server built:		2020-06-11 15:55:01
06 15, 2020 21:45:28 下午 cn.kayleh.diyTomcat.catalina.Server logJVM
INFO : Server number:		1.0.1
06 15, 2020 21:45:28 下午 cn.kayleh.diyTomcat.catalina.Server logJVM
INFO : OS Name	:		Windows 10
06 15, 2020 21:45:28 下午 cn.kayleh.diyTomcat.catalina.Server logJVM
INFO : OS Version:		10.0
06 15, 2020 21:45:28 下午 cn.kayleh.diyTomcat.catalina.Server logJVM
INFO : Architecture:		amd64
06 15, 2020 21:45:28 下午 cn.kayleh.diyTomcat.catalina.Server logJVM
INFO : Java Home:		D:\jdk\jre
06 15, 2020 21:45:28 下午 cn.kayleh.diyTomcat.catalina.Server logJVM
INFO : JVM Version:		1.8.0_181-b13
06 15, 2020 21:45:28 下午 cn.kayleh.diyTomcat.catalina.Server logJVM
INFO : JVM Vendor:		Oracle Corporation
