06 23, 2020 14:45:56 下午 cn.kayleh.diyTomcat.catalina.Context <init>
INFO : Deploying web application directory D:\project\diyTomcat\webapps\a
06 23, 2020 14:45:56 下午 cn.kayleh.diyTomcat.catalina.Context <init>
INFO : Deployment of web application directory D:\project\diyTomcat\webapps\a has finished in 499 ms
06 23, 2020 14:45:56 下午 cn.kayleh.diyTomcat.catalina.Context <init>
INFO : Deploying web application directory D:\project\diyTomcat\webapps\j2ee
06 23, 2020 14:45:56 下午 cn.kayleh.diyTomcat.catalina.Context <init>
INFO : Deployment of web application directory D:\project\diyTomcat\webapps\j2ee has finished in 98 ms
06 23, 2020 14:45:56 下午 cn.kayleh.diyTomcat.catalina.Context <init>
INFO : Deploying web application directory D:\project\diyTomcat\webapps\ROOT
06 23, 2020 14:45:56 下午 cn.kayleh.diyTomcat.catalina.Context <init>
INFO : Deployment of web application directory D:\project\diyTomcat\webapps\ROOT has finished in 1 ms
06 23, 2020 14:45:56 下午 cn.kayleh.diyTomcat.catalina.Context <init>
INFO : Deploying web application directory d:/project/diyTomcat/b
06 23, 2020 14:45:56 下午 cn.kayleh.diyTomcat.catalina.Context <init>
INFO : Deployment of web application directory d:/project/diyTomcat/b has finished in 4 ms
06 23, 2020 14:45:56 下午 cn.kayleh.diyTomcat.catalina.Context <init>
INFO : Deploying web application directory d:/project/javaee/web
06 23, 2020 14:45:57 下午 cn.kayleh.diyTomcat.catalina.Context <init>
INFO : Deployment of web application directory d:/project/javaee/web has finished in 49 ms
06 23, 2020 14:45:57 下午 cn.kayleh.diyTomcat.catalina.Server logJVM
INFO : Server version:		Kayleh DiyTomcat/1.0.1
06 23, 2020 14:45:57 下午 cn.kayleh.diyTomcat.catalina.Server logJVM
INFO : Server built:		2020-06-11 15:55:01
06 23, 2020 14:45:57 下午 cn.kayleh.diyTomcat.catalina.Server logJVM
INFO : Server number:		1.0.1
06 23, 2020 14:45:57 下午 cn.kayleh.diyTomcat.catalina.Server logJVM
INFO : OS Name	:		Windows 10
06 23, 2020 14:45:57 下午 cn.kayleh.diyTomcat.catalina.Server logJVM
INFO : OS Version:		10.0
06 23, 2020 14:45:57 下午 cn.kayleh.diyTomcat.catalina.Server logJVM
INFO : Architecture:		amd64
06 23, 2020 14:45:57 下午 cn.kayleh.diyTomcat.catalina.Server logJVM
INFO : Java Home:		D:\jdk\jre
06 23, 2020 14:45:57 下午 cn.kayleh.diyTomcat.catalina.Server logJVM
INFO : JVM Version:		1.8.0_181-b13
06 23, 2020 14:45:57 下午 cn.kayleh.diyTomcat.catalina.Server logJVM
INFO : JVM Vendor:		Oracle Corporation
06 23, 2020 14:45:57 下午 cn.kayleh.diyTomcat.catalina.Connector init
INFO : Initializing ProtocolHandler [http-bio-8888]
06 23, 2020 14:45:57 下午 cn.kayleh.diyTomcat.catalina.Connector init
INFO : Initializing ProtocolHandler [http-bio-7777]
06 23, 2020 14:45:57 下午 cn.kayleh.diyTomcat.catalina.Connector init
INFO : Initializing ProtocolHandler [http-bio-6666]
06 23, 2020 14:45:57 下午 cn.kayleh.diyTomcat.catalina.Service init
INFO : Initialization processed in 1 ms
06 23, 2020 14:45:57 下午 cn.kayleh.diyTomcat.catalina.Connector start
INFO : Starting ProtocolHandler [http-bio-8888]
06 23, 2020 14:45:57 下午 cn.kayleh.diyTomcat.catalina.Connector start
INFO : Starting ProtocolHandler [http-bio-7777]
06 23, 2020 14:45:57 下午 cn.kayleh.diyTomcat.catalina.Connector start
INFO : Starting ProtocolHandler [http-bio-6666]
06 23, 2020 14:45:57 下午 cn.kayleh.diyTomcat.catalina.Server start
INFO : Server startup in 8 ms
06 23, 2020 14:46:20 下午 cn.kayleh.diyTomcat.watcher.ContextFileChangeWatcher$1 dealWith
INFO : cn.kayleh.diyTomcat.watcher.ContextFileChangeWatcher@2a7cc448 检测到了Web应用下的重要文件变化 web.xml 
06 23, 2020 14:46:20 下午 cn.kayleh.diyTomcat.catalina.Host reload
INFO : Reloading Context with name [/javaee] has started
06 23, 2020 14:46:20 下午 cn.kayleh.diyTomcat.catalina.Context <init>
INFO : Deploying web application directory d:/project/javaee/web
06 23, 2020 14:46:20 下午 cn.kayleh.diyTomcat.catalina.Context <init>
INFO : Deployment of web application directory d:/project/javaee/web has finished in 14 ms
06 23, 2020 14:46:20 下午 cn.kayleh.diyTomcat.catalina.Host reload
INFO : Reloading Context with name [/javaee] has completed
06 23, 2020 14:46:21 下午 cn.kayleh.diyTomcat.watcher.ContextFileChangeWatcher$1 dealWith
INFO : cn.kayleh.diyTomcat.watcher.ContextFileChangeWatcher@579404f7 检测到了Web应用下的重要文件变化 ParamServlet.class 
06 23, 2020 14:46:21 下午 cn.kayleh.diyTomcat.catalina.Host reload
INFO : Reloading Context with name [/javaee] has started
06 23, 2020 14:46:21 下午 cn.kayleh.diyTomcat.catalina.Context <init>
INFO : Deploying web application directory d:/project/javaee/web
06 23, 2020 14:46:21 下午 cn.kayleh.diyTomcat.catalina.Context <init>
INFO : Deployment of web application directory d:/project/javaee/web has finished in 36 ms
06 23, 2020 14:46:21 下午 cn.kayleh.diyTomcat.catalina.Host reload
INFO : Reloading Context with name [/javaee] has completed
06 23, 2020 14:46:22 下午 cn.kayleh.diyTomcat.watcher.ContextFileChangeWatcher$1 dealWith
INFO : cn.kayleh.diyTomcat.watcher.ContextFileChangeWatcher@ebb7da6 检测到了Web应用下的重要文件变化 ParamServlet.class 
06 23, 2020 14:46:22 下午 cn.kayleh.diyTomcat.catalina.Host reload
INFO : Reloading Context with name [/javaee] has started
06 23, 2020 14:46:22 下午 cn.kayleh.diyTomcat.catalina.Context <init>
INFO : Deploying web application directory d:/project/javaee/web
06 23, 2020 14:46:22 下午 cn.kayleh.diyTomcat.catalina.Context <init>
INFO : Deployment of web application directory d:/project/javaee/web has finished in 28 ms
06 23, 2020 14:46:22 下午 cn.kayleh.diyTomcat.catalina.Host reload
INFO : Reloading Context with name [/javaee] has completed
06 23, 2020 14:46:22 下午 cn.kayleh.diyTomcat.watcher.ContextFileChangeWatcher$1 dealWith
INFO : cn.kayleh.diyTomcat.watcher.ContextFileChangeWatcher@4471fed2 检测到了Web应用下的重要文件变化 HeaderServlet.class 
06 23, 2020 14:46:22 下午 cn.kayleh.diyTomcat.catalina.Host reload
INFO : Reloading Context with name [/javaee] has started
06 23, 2020 14:46:22 下午 cn.kayleh.diyTomcat.catalina.Context <init>
INFO : Deploying web application directory d:/project/javaee/web
06 23, 2020 14:46:22 下午 cn.kayleh.diyTomcat.catalina.Context <init>
INFO : Deployment of web application directory d:/project/javaee/web has finished in 7 ms
06 23, 2020 14:46:22 下午 cn.kayleh.diyTomcat.catalina.Host reload
INFO : Reloading Context with name [/javaee] has completed
06 23, 2020 14:47:03 下午 cn.kayleh.diyTomcat.catalina.HttpProcessor error
ERROR: java.lang.ClassNotFoundException: cn.how2j.javaweb.HeaderServlet
java.lang.RuntimeException: java.lang.ClassNotFoundException: cn.how2j.javaweb.HeaderServlet
	at cn.kayleh.diyTomcat.servlets.InvokerServlet.service(InvokerServlet.java:55)
	at cn.kayleh.diyTomcat.catalina.HttpProcessor.execute(HttpProcessor.java:35)
	at cn.kayleh.diyTomcat.catalina.Connector$1.run(Connector.java:48)
	at java.util.concurrent.ThreadPoolExecutor.runWorker(ThreadPoolExecutor.java:1149)
	at java.util.concurrent.ThreadPoolExecutor$Worker.run(ThreadPoolExecutor.java:624)
	at java.lang.Thread.run(Thread.java:748)
Caused by: java.lang.ClassNotFoundException: cn.how2j.javaweb.HeaderServlet
	at java.net.URLClassLoader.findClass(URLClassLoader.java:381)
	at java.lang.ClassLoader.loadClass(ClassLoader.java:424)
	at java.lang.ClassLoader.loadClass(ClassLoader.java:357)
	at cn.kayleh.diyTomcat.servlets.InvokerServlet.service(InvokerServlet.java:41)
	... 5 more
06 23, 2020 14:47:29 下午 cn.kayleh.diyTomcat.watcher.ContextFileChangeWatcher$1 dealWith
INFO : cn.kayleh.diyTomcat.watcher.ContextFileChangeWatcher@26460218 检测到了Web应用下的重要文件变化 web.xml 
06 23, 2020 14:47:29 下午 cn.kayleh.diyTomcat.catalina.Host reload
INFO : Reloading Context with name [/javaee] has started
06 23, 2020 14:47:29 下午 cn.kayleh.diyTomcat.catalina.Context <init>
INFO : Deploying web application directory d:/project/javaee/web
06 23, 2020 14:47:29 下午 cn.kayleh.diyTomcat.catalina.Context <init>
INFO : Deployment of web application directory d:/project/javaee/web has finished in 15 ms
06 23, 2020 14:47:29 下午 cn.kayleh.diyTomcat.catalina.Host reload
INFO : Reloading Context with name [/javaee] has completed
06 23, 2020 14:47:54 下午 cn.kayleh.diyTomcat.catalina.Context <init>
INFO : Deploying web application directory D:\project\diyTomcat\webapps\a
06 23, 2020 14:47:54 下午 cn.kayleh.diyTomcat.catalina.Context <init>
INFO : Deployment of web application directory D:\project\diyTomcat\webapps\a has finished in 226 ms
06 23, 2020 14:47:54 下午 cn.kayleh.diyTomcat.catalina.Context <init>
INFO : Deploying web application directory D:\project\diyTomcat\webapps\j2ee
06 23, 2020 14:47:54 下午 cn.kayleh.diyTomcat.catalina.Context <init>
INFO : Deployment of web application directory D:\project\diyTomcat\webapps\j2ee has finished in 21 ms
06 23, 2020 14:47:54 下午 cn.kayleh.diyTomcat.catalina.Context <init>
INFO : Deploying web application directory D:\project\diyTomcat\webapps\ROOT
06 23, 2020 14:47:54 下午 cn.kayleh.diyTomcat.catalina.Context <init>
INFO : Deployment of web application directory D:\project\diyTomcat\webapps\ROOT has finished in 3 ms
06 23, 2020 14:47:54 下午 cn.kayleh.diyTomcat.catalina.Context <init>
INFO : Deploying web application directory d:/project/diyTomcat/b
06 23, 2020 14:47:54 下午 cn.kayleh.diyTomcat.catalina.Context <init>
INFO : Deployment of web application directory d:/project/diyTomcat/b has finished in 2 ms
06 23, 2020 14:47:54 下午 cn.kayleh.diyTomcat.catalina.Context <init>
INFO : Deploying web application directory d:/project/javaee/web
06 23, 2020 14:47:54 下午 cn.kayleh.diyTomcat.catalina.Context <init>
INFO : Deployment of web application directory d:/project/javaee/web has finished in 24 ms
06 23, 2020 14:47:54 下午 cn.kayleh.diyTomcat.catalina.Server logJVM
INFO : Server version:		Kayleh DiyTomcat/1.0.1
06 23, 2020 14:47:54 下午 cn.kayleh.diyTomcat.catalina.Server logJVM
INFO : Server built:		2020-06-11 15:55:01
06 23, 2020 14:47:54 下午 cn.kayleh.diyTomcat.catalina.Server logJVM
INFO : Server number:		1.0.1
06 23, 2020 14:47:54 下午 cn.kayleh.diyTomcat.catalina.Server logJVM
INFO : OS Name	:		Windows 10
06 23, 2020 14:47:54 下午 cn.kayleh.diyTomcat.catalina.Server logJVM
INFO : OS Version:		10.0
06 23, 2020 14:47:54 下午 cn.kayleh.diyTomcat.catalina.Server logJVM
INFO : Architecture:		amd64
06 23, 2020 14:47:55 下午 cn.kayleh.diyTomcat.catalina.Server logJVM
INFO : Java Home:		D:\jdk\jre
06 23, 2020 14:47:55 下午 cn.kayleh.diyTomcat.catalina.Server logJVM
INFO : JVM Version:		1.8.0_181-b13
06 23, 2020 14:47:55 下午 cn.kayleh.diyTomcat.catalina.Server logJVM
INFO : JVM Vendor:		Oracle Corporation
06 23, 2020 14:47:55 下午 cn.kayleh.diyTomcat.catalina.Connector init
INFO : Initializing ProtocolHandler [http-bio-8888]
06 23, 2020 14:47:55 下午 cn.kayleh.diyTomcat.catalina.Connector init
INFO : Initializing ProtocolHandler [http-bio-7777]
06 23, 2020 14:47:55 下午 cn.kayleh.diyTomcat.catalina.Connector init
INFO : Initializing ProtocolHandler [http-bio-6666]
06 23, 2020 14:47:55 下午 cn.kayleh.diyTomcat.catalina.Service init
INFO : Initialization processed in 3 ms
06 23, 2020 14:47:55 下午 cn.kayleh.diyTomcat.catalina.Connector start
INFO : Starting ProtocolHandler [http-bio-8888]
06 23, 2020 14:47:55 下午 cn.kayleh.diyTomcat.catalina.Connector start
INFO : Starting ProtocolHandler [http-bio-7777]
06 23, 2020 14:47:55 下午 cn.kayleh.diyTomcat.catalina.Connector start
INFO : Starting ProtocolHandler [http-bio-6666]
06 23, 2020 14:47:55 下午 cn.kayleh.diyTomcat.catalina.Server start
INFO : Server startup in 15 ms
06 23, 2020 14:50:30 下午 cn.kayleh.diyTomcat.watcher.ContextFileChangeWatcher$1 dealWith
INFO : cn.kayleh.diyTomcat.watcher.ContextFileChangeWatcher@683bbe74 检测到了Web应用下的重要文件变化 HeaderServlet.class 
06 23, 2020 14:50:30 下午 cn.kayleh.diyTomcat.catalina.Host reload
INFO : Reloading Context with name [/javaee] has started
06 23, 2020 14:50:30 下午 cn.kayleh.diyTomcat.catalina.Context <init>
INFO : Deploying web application directory d:/project/javaee/web
06 23, 2020 14:50:30 下午 cn.kayleh.diyTomcat.catalina.Context <init>
INFO : Deployment of web application directory d:/project/javaee/web has finished in 7 ms
06 23, 2020 14:50:30 下午 cn.kayleh.diyTomcat.catalina.Host reload
INFO : Reloading Context with name [/javaee] has completed
06 23, 2020 14:50:58 下午 cn.kayleh.diyTomcat.catalina.HttpProcessor error
ERROR: this is a deliberately created exception
java.lang.RuntimeException: this is a deliberately created exception
	at cn.kayleh.diyTomcat.servlets.DefaultServlet.service(DefaultServlet.java:43)
	at cn.kayleh.diyTomcat.catalina.HttpProcessor.execute(HttpProcessor.java:39)
	at cn.kayleh.diyTomcat.catalina.Connector$1.run(Connector.java:48)
	at java.util.concurrent.ThreadPoolExecutor.runWorker(ThreadPoolExecutor.java:1149)
	at java.util.concurrent.ThreadPoolExecutor$Worker.run(ThreadPoolExecutor.java:624)
	at java.lang.Thread.run(Thread.java:748)
06 23, 2020 14:52:24 下午 cn.kayleh.diyTomcat.watcher.ContextFileChangeWatcher$1 dealWith
INFO : cn.kayleh.diyTomcat.watcher.ContextFileChangeWatcher@21f6a738 检测到了Web应用下的重要文件变化 web.xml 
06 23, 2020 14:52:24 下午 cn.kayleh.diyTomcat.catalina.Host reload
INFO : Reloading Context with name [/javaee] has started
06 23, 2020 14:52:24 下午 cn.kayleh.diyTomcat.catalina.Context <init>
INFO : Deploying web application directory d:/project/javaee/web
06 23, 2020 14:52:24 下午 cn.kayleh.diyTomcat.catalina.Context <init>
INFO : Deployment of web application directory d:/project/javaee/web has finished in 28 ms
06 23, 2020 14:52:24 下午 cn.kayleh.diyTomcat.catalina.Host reload
INFO : Reloading Context with name [/javaee] has completed
06 23, 2020 14:54:16 下午 cn.kayleh.diyTomcat.catalina.Context <init>
INFO : Deploying web application directory D:\project\diyTomcat\webapps\a
06 23, 2020 14:54:16 下午 cn.kayleh.diyTomcat.catalina.Context <init>
INFO : Deployment of web application directory D:\project\diyTomcat\webapps\a has finished in 148 ms
06 23, 2020 14:54:16 下午 cn.kayleh.diyTomcat.catalina.Context <init>
INFO : Deploying web application directory D:\project\diyTomcat\webapps\j2ee
06 23, 2020 14:54:16 下午 cn.kayleh.diyTomcat.catalina.Context <init>
INFO : Deployment of web application directory D:\project\diyTomcat\webapps\j2ee has finished in 12 ms
06 23, 2020 14:54:16 下午 cn.kayleh.diyTomcat.catalina.Context <init>
INFO : Deploying web application directory D:\project\diyTomcat\webapps\ROOT
06 23, 2020 14:54:16 下午 cn.kayleh.diyTomcat.catalina.Context <init>
INFO : Deployment of web application directory D:\project\diyTomcat\webapps\ROOT has finished in 2 ms
06 23, 2020 14:54:16 下午 cn.kayleh.diyTomcat.catalina.Context <init>
INFO : Deploying web application directory d:/project/diyTomcat/b
06 23, 2020 14:54:16 下午 cn.kayleh.diyTomcat.catalina.Context <init>
INFO : Deployment of web application directory d:/project/diyTomcat/b has finished in 1 ms
06 23, 2020 14:54:16 下午 cn.kayleh.diyTomcat.catalina.Context <init>
INFO : Deploying web application directory d:/project/javaee/web
06 23, 2020 14:54:16 下午 cn.kayleh.diyTomcat.catalina.Context <init>
INFO : Deployment of web application directory d:/project/javaee/web has finished in 9 ms
06 23, 2020 14:54:17 下午 cn.kayleh.diyTomcat.catalina.Server logJVM
INFO : Server version:		Kayleh DiyTomcat/1.0.1
06 23, 2020 14:54:17 下午 cn.kayleh.diyTomcat.catalina.Server logJVM
INFO : Server built:		2020-06-11 15:55:01
06 23, 2020 14:54:17 下午 cn.kayleh.diyTomcat.catalina.Server logJVM
INFO : Server number:		1.0.1
06 23, 2020 14:54:17 下午 cn.kayleh.diyTomcat.catalina.Server logJVM
INFO : OS Name	:		Windows 10
06 23, 2020 14:54:17 下午 cn.kayleh.diyTomcat.catalina.Server logJVM
INFO : OS Version:		10.0
06 23, 2020 14:54:17 下午 cn.kayleh.diyTomcat.catalina.Server logJVM
INFO : Architecture:		amd64
06 23, 2020 14:54:17 下午 cn.kayleh.diyTomcat.catalina.Server logJVM
INFO : Java Home:		D:\jdk\jre
06 23, 2020 14:54:17 下午 cn.kayleh.diyTomcat.catalina.Server logJVM
INFO : JVM Version:		1.8.0_181-b13
06 23, 2020 14:54:17 下午 cn.kayleh.diyTomcat.catalina.Server logJVM
INFO : JVM Vendor:		Oracle Corporation
06 23, 2020 14:54:17 下午 cn.kayleh.diyTomcat.catalina.Connector init
INFO : Initializing ProtocolHandler [http-bio-8888]
06 23, 2020 14:54:17 下午 cn.kayleh.diyTomcat.catalina.Connector init
INFO : Initializing ProtocolHandler [http-bio-7777]
06 23, 2020 14:54:17 下午 cn.kayleh.diyTomcat.catalina.Connector init
INFO : Initializing ProtocolHandler [http-bio-6666]
06 23, 2020 14:54:17 下午 cn.kayleh.diyTomcat.catalina.Service init
INFO : Initialization processed in 1 ms
06 23, 2020 14:54:17 下午 cn.kayleh.diyTomcat.catalina.Connector start
INFO : Starting ProtocolHandler [http-bio-8888]
06 23, 2020 14:54:17 下午 cn.kayleh.diyTomcat.catalina.Connector start
INFO : Starting ProtocolHandler [http-bio-7777]
06 23, 2020 14:54:17 下午 cn.kayleh.diyTomcat.catalina.Connector start
INFO : Starting ProtocolHandler [http-bio-6666]
06 23, 2020 14:54:17 下午 cn.kayleh.diyTomcat.catalina.Server start
INFO : Server startup in 8 ms
06 23, 2020 14:56:36 下午 cn.kayleh.diyTomcat.catalina.Context <init>
INFO : Deploying web application directory D:\project\diyTomcat\webapps\a
06 23, 2020 14:56:37 下午 cn.kayleh.diyTomcat.catalina.Context <init>
INFO : Deployment of web application directory D:\project\diyTomcat\webapps\a has finished in 208 ms
06 23, 2020 14:56:37 下午 cn.kayleh.diyTomcat.catalina.Context <init>
INFO : Deploying web application directory D:\project\diyTomcat\webapps\j2ee
06 23, 2020 14:56:37 下午 cn.kayleh.diyTomcat.catalina.Context <init>
INFO : Deployment of web application directory D:\project\diyTomcat\webapps\j2ee has finished in 19 ms
06 23, 2020 14:56:37 下午 cn.kayleh.diyTomcat.catalina.Context <init>
INFO : Deploying web application directory D:\project\diyTomcat\webapps\ROOT
06 23, 2020 14:56:37 下午 cn.kayleh.diyTomcat.catalina.Context <init>
INFO : Deployment of web application directory D:\project\diyTomcat\webapps\ROOT has finished in 4 ms
06 23, 2020 14:56:37 下午 cn.kayleh.diyTomcat.catalina.Context <init>
INFO : Deploying web application directory d:/project/diyTomcat/b
06 23, 2020 14:56:37 下午 cn.kayleh.diyTomcat.catalina.Context <init>
INFO : Deployment of web application directory d:/project/diyTomcat/b has finished in 4 ms
06 23, 2020 14:56:37 下午 cn.kayleh.diyTomcat.catalina.Context <init>
INFO : Deploying web application directory d:/project/javaee/web
06 23, 2020 14:56:37 下午 cn.kayleh.diyTomcat.catalina.Context <init>
INFO : Deployment of web application directory d:/project/javaee/web has finished in 11 ms
06 23, 2020 14:56:37 下午 cn.kayleh.diyTomcat.catalina.Server logJVM
INFO : Server version:		Kayleh DiyTomcat/1.0.1
06 23, 2020 14:56:37 下午 cn.kayleh.diyTomcat.catalina.Server logJVM
INFO : Server built:		2020-06-11 15:55:01
06 23, 2020 14:56:37 下午 cn.kayleh.diyTomcat.catalina.Server logJVM
INFO : Server number:		1.0.1
06 23, 2020 14:56:37 下午 cn.kayleh.diyTomcat.catalina.Server logJVM
INFO : OS Name	:		Windows 10
06 23, 2020 14:56:37 下午 cn.kayleh.diyTomcat.catalina.Server logJVM
INFO : OS Version:		10.0
06 23, 2020 14:56:37 下午 cn.kayleh.diyTomcat.catalina.Server logJVM
INFO : Architecture:		amd64
06 23, 2020 14:56:37 下午 cn.kayleh.diyTomcat.catalina.Server logJVM
INFO : Java Home:		D:\jdk\jre
06 23, 2020 14:56:37 下午 cn.kayleh.diyTomcat.catalina.Server logJVM
INFO : JVM Version:		1.8.0_181-b13
06 23, 2020 14:56:37 下午 cn.kayleh.diyTomcat.catalina.Server logJVM
INFO : JVM Vendor:		Oracle Corporation
06 23, 2020 14:56:37 下午 cn.kayleh.diyTomcat.catalina.Connector init
INFO : Initializing ProtocolHandler [http-bio-8888]
06 23, 2020 14:56:37 下午 cn.kayleh.diyTomcat.catalina.Connector init
INFO : Initializing ProtocolHandler [http-bio-7777]
06 23, 2020 14:56:37 下午 cn.kayleh.diyTomcat.catalina.Connector init
INFO : Initializing ProtocolHandler [http-bio-6666]
06 23, 2020 14:56:37 下午 cn.kayleh.diyTomcat.catalina.Service init
INFO : Initialization processed in 4 ms
06 23, 2020 14:56:37 下午 cn.kayleh.diyTomcat.catalina.Connector start
INFO : Starting ProtocolHandler [http-bio-8888]
06 23, 2020 14:56:37 下午 cn.kayleh.diyTomcat.catalina.Connector start
INFO : Starting ProtocolHandler [http-bio-7777]
06 23, 2020 14:56:37 下午 cn.kayleh.diyTomcat.catalina.Connector start
INFO : Starting ProtocolHandler [http-bio-6666]
06 23, 2020 14:56:37 下午 cn.kayleh.diyTomcat.catalina.Server start
INFO : Server startup in 13 ms
06 23, 2020 15:10:02 下午 cn.kayleh.diyTomcat.catalina.Context <init>
INFO : Deploying web application directory D:\project\diyTomcat\webapps\a
06 23, 2020 15:10:02 下午 cn.kayleh.diyTomcat.catalina.Context <init>
INFO : Deployment of web application directory D:\project\diyTomcat\webapps\a has finished in 221 ms
06 23, 2020 15:10:02 下午 cn.kayleh.diyTomcat.catalina.Context <init>
INFO : Deploying web application directory D:\project\diyTomcat\webapps\j2ee
06 23, 2020 15:10:02 下午 cn.kayleh.diyTomcat.catalina.Context <init>
INFO : Deployment of web application directory D:\project\diyTomcat\webapps\j2ee has finished in 17 ms
06 23, 2020 15:10:02 下午 cn.kayleh.diyTomcat.catalina.Context <init>
INFO : Deploying web application directory D:\project\diyTomcat\webapps\ROOT
06 23, 2020 15:10:02 下午 cn.kayleh.diyTomcat.catalina.Context <init>
INFO : Deployment of web application directory D:\project\diyTomcat\webapps\ROOT has finished in 1 ms
06 23, 2020 15:10:02 下午 cn.kayleh.diyTomcat.catalina.Context <init>
INFO : Deploying web application directory d:/project/diyTomcat/b
06 23, 2020 15:10:02 下午 cn.kayleh.diyTomcat.catalina.Context <init>
INFO : Deployment of web application directory d:/project/diyTomcat/b has finished in 2 ms
06 23, 2020 15:10:02 下午 cn.kayleh.diyTomcat.catalina.Context <init>
INFO : Deploying web application directory d:/project/javaee/web
06 23, 2020 15:10:02 下午 cn.kayleh.diyTomcat.catalina.Context <init>
INFO : Deployment of web application directory d:/project/javaee/web has finished in 11 ms
06 23, 2020 15:10:02 下午 cn.kayleh.diyTomcat.catalina.Server logJVM
INFO : Server version:		Kayleh DiyTomcat/1.0.1
06 23, 2020 15:10:02 下午 cn.kayleh.diyTomcat.catalina.Server logJVM
INFO : Server built:		2020-06-11 15:55:01
06 23, 2020 15:10:02 下午 cn.kayleh.diyTomcat.catalina.Server logJVM
INFO : Server number:		1.0.1
06 23, 2020 15:10:02 下午 cn.kayleh.diyTomcat.catalina.Server logJVM
INFO : OS Name	:		Windows 10
06 23, 2020 15:10:02 下午 cn.kayleh.diyTomcat.catalina.Server logJVM
INFO : OS Version:		10.0
06 23, 2020 15:10:02 下午 cn.kayleh.diyTomcat.catalina.Server logJVM
INFO : Architecture:		amd64
06 23, 2020 15:10:02 下午 cn.kayleh.diyTomcat.catalina.Server logJVM
INFO : Java Home:		D:\jdk\jre
06 23, 2020 15:10:02 下午 cn.kayleh.diyTomcat.catalina.Server logJVM
INFO : JVM Version:		1.8.0_181-b13
06 23, 2020 15:10:02 下午 cn.kayleh.diyTomcat.catalina.Server logJVM
INFO : JVM Vendor:		Oracle Corporation
06 23, 2020 15:10:02 下午 cn.kayleh.diyTomcat.catalina.Connector init
INFO : Initializing ProtocolHandler [http-bio-8888]
06 23, 2020 15:10:02 下午 cn.kayleh.diyTomcat.catalina.Connector init
INFO : Initializing ProtocolHandler [http-bio-7777]
06 23, 2020 15:10:02 下午 cn.kayleh.diyTomcat.catalina.Connector init
INFO : Initializing ProtocolHandler [http-bio-6666]
06 23, 2020 15:10:02 下午 cn.kayleh.diyTomcat.catalina.Service init
INFO : Initialization processed in 0 ms
06 23, 2020 15:10:02 下午 cn.kayleh.diyTomcat.catalina.Connector start
INFO : Starting ProtocolHandler [http-bio-8888]
06 23, 2020 15:10:02 下午 cn.kayleh.diyTomcat.catalina.Connector start
INFO : Starting ProtocolHandler [http-bio-7777]
06 23, 2020 15:10:02 下午 cn.kayleh.diyTomcat.catalina.Connector start
INFO : Starting ProtocolHandler [http-bio-6666]
06 23, 2020 15:10:02 下午 cn.kayleh.diyTomcat.catalina.Server start
INFO : Server startup in 8 ms
06 23, 2020 18:26:22 下午 cn.kayleh.diyTomcat.catalina.Context <init>
INFO : Deploying web application directory D:\project\diyTomcat\webapps\a
06 23, 2020 18:26:23 下午 cn.kayleh.diyTomcat.catalina.Context <init>
INFO : Deployment of web application directory D:\project\diyTomcat\webapps\a has finished in 899 ms
06 23, 2020 18:26:23 下午 cn.kayleh.diyTomcat.catalina.Context <init>
INFO : Deploying web application directory D:\project\diyTomcat\webapps\j2ee
06 23, 2020 18:26:23 下午 cn.kayleh.diyTomcat.catalina.Context <init>
INFO : Deployment of web application directory D:\project\diyTomcat\webapps\j2ee has finished in 138 ms
06 23, 2020 18:26:23 下午 cn.kayleh.diyTomcat.catalina.Context <init>
INFO : Deploying web application directory D:\project\diyTomcat\webapps\ROOT
06 23, 2020 18:26:23 下午 cn.kayleh.diyTomcat.catalina.Context <init>
INFO : Deployment of web application directory D:\project\diyTomcat\webapps\ROOT has finished in 2 ms
06 23, 2020 18:26:23 下午 cn.kayleh.diyTomcat.catalina.Context <init>
INFO : Deploying web application directory d:/project/diyTomcat/b
06 23, 2020 18:26:23 下午 cn.kayleh.diyTomcat.catalina.Context <init>
INFO : Deployment of web application directory d:/project/diyTomcat/b has finished in 13 ms
06 23, 2020 18:26:23 下午 cn.kayleh.diyTomcat.catalina.Context <init>
INFO : Deploying web application directory d:/project/javaee/web
06 23, 2020 18:26:23 下午 cn.kayleh.diyTomcat.catalina.Context <init>
INFO : Deployment of web application directory d:/project/javaee/web has finished in 37 ms
06 23, 2020 18:26:23 下午 cn.kayleh.diyTomcat.catalina.Server logJVM
INFO : Server version:		Kayleh DiyTomcat/1.0.1
06 23, 2020 18:26:23 下午 cn.kayleh.diyTomcat.catalina.Server logJVM
INFO : Server built:		2020-06-11 15:55:01
06 23, 2020 18:26:23 下午 cn.kayleh.diyTomcat.catalina.Server logJVM
INFO : Server number:		1.0.1
06 23, 2020 18:26:23 下午 cn.kayleh.diyTomcat.catalina.Server logJVM
INFO : OS Name	:		Windows 10
06 23, 2020 18:26:23 下午 cn.kayleh.diyTomcat.catalina.Server logJVM
INFO : OS Version:		10.0
06 23, 2020 18:26:23 下午 cn.kayleh.diyTomcat.catalina.Server logJVM
INFO : Architecture:		amd64
06 23, 2020 18:26:23 下午 cn.kayleh.diyTomcat.catalina.Server logJVM
INFO : Java Home:		D:\jdk\jre
06 23, 2020 18:26:23 下午 cn.kayleh.diyTomcat.catalina.Server logJVM
INFO : JVM Version:		1.8.0_181-b13
06 23, 2020 18:26:23 下午 cn.kayleh.diyTomcat.catalina.Server logJVM
INFO : JVM Vendor:		Oracle Corporation
06 23, 2020 18:26:23 下午 cn.kayleh.diyTomcat.catalina.Connector init
INFO : Initializing ProtocolHandler [http-bio-8888]
06 23, 2020 18:26:23 下午 cn.kayleh.diyTomcat.catalina.Connector init
INFO : Initializing ProtocolHandler [http-bio-7777]
06 23, 2020 18:26:23 下午 cn.kayleh.diyTomcat.catalina.Connector init
INFO : Initializing ProtocolHandler [http-bio-6666]
06 23, 2020 18:26:23 下午 cn.kayleh.diyTomcat.catalina.Service init
INFO : Initialization processed in 1 ms
06 23, 2020 18:26:23 下午 cn.kayleh.diyTomcat.catalina.Connector start
INFO : Starting ProtocolHandler [http-bio-8888]
06 23, 2020 18:26:23 下午 cn.kayleh.diyTomcat.catalina.Connector start
INFO : Starting ProtocolHandler [http-bio-7777]
06 23, 2020 18:26:23 下午 cn.kayleh.diyTomcat.catalina.Connector start
INFO : Starting ProtocolHandler [http-bio-6666]
06 23, 2020 18:26:23 下午 cn.kayleh.diyTomcat.catalina.Server start
INFO : Server startup in 5 ms
06 23, 2020 18:27:03 下午 cn.kayleh.diyTomcat.catalina.HttpProcessor error
ERROR: java.lang.ClassNotFoundException: cn.kayleh.javaee.SetCookieServlet
java.lang.RuntimeException: java.lang.ClassNotFoundException: cn.kayleh.javaee.SetCookieServlet
	at cn.kayleh.diyTomcat.servlets.InvokerServlet.service(InvokerServlet.java:55)
	at cn.kayleh.diyTomcat.catalina.HttpProcessor.execute(HttpProcessor.java:37)
	at cn.kayleh.diyTomcat.catalina.Connector$1.run(Connector.java:48)
	at java.util.concurrent.ThreadPoolExecutor.runWorker(ThreadPoolExecutor.java:1149)
	at java.util.concurrent.ThreadPoolExecutor$Worker.run(ThreadPoolExecutor.java:624)
	at java.lang.Thread.run(Thread.java:748)
Caused by: java.lang.ClassNotFoundException: cn.kayleh.javaee.SetCookieServlet
	at java.net.URLClassLoader.findClass(URLClassLoader.java:381)
	at java.lang.ClassLoader.loadClass(ClassLoader.java:424)
	at java.lang.ClassLoader.loadClass(ClassLoader.java:357)
	at cn.kayleh.diyTomcat.servlets.InvokerServlet.service(InvokerServlet.java:41)
	... 5 more
06 23, 2020 18:27:08 下午 cn.kayleh.diyTomcat.catalina.Context <init>
INFO : Deploying web application directory D:\project\diyTomcat\webapps\a
06 23, 2020 18:27:08 下午 cn.kayleh.diyTomcat.catalina.Context <init>
INFO : Deployment of web application directory D:\project\diyTomcat\webapps\a has finished in 154 ms
06 23, 2020 18:27:08 下午 cn.kayleh.diyTomcat.catalina.Context <init>
INFO : Deploying web application directory D:\project\diyTomcat\webapps\j2ee
06 23, 2020 18:27:08 下午 cn.kayleh.diyTomcat.catalina.Context <init>
INFO : Deployment of web application directory D:\project\diyTomcat\webapps\j2ee has finished in 21 ms
06 23, 2020 18:27:08 下午 cn.kayleh.diyTomcat.catalina.Context <init>
INFO : Deploying web application directory D:\project\diyTomcat\webapps\ROOT
06 23, 2020 18:27:08 下午 cn.kayleh.diyTomcat.catalina.Context <init>
INFO : Deployment of web application directory D:\project\diyTomcat\webapps\ROOT has finished in 2 ms
06 23, 2020 18:27:08 下午 cn.kayleh.diyTomcat.catalina.Context <init>
INFO : Deploying web application directory d:/project/diyTomcat/b
06 23, 2020 18:27:08 下午 cn.kayleh.diyTomcat.catalina.Context <init>
INFO : Deployment of web application directory d:/project/diyTomcat/b has finished in 2 ms
06 23, 2020 18:27:08 下午 cn.kayleh.diyTomcat.catalina.Context <init>
INFO : Deploying web application directory d:/project/javaee/web
06 23, 2020 18:27:08 下午 cn.kayleh.diyTomcat.catalina.Context <init>
INFO : Deployment of web application directory d:/project/javaee/web has finished in 13 ms
06 23, 2020 18:27:08 下午 cn.kayleh.diyTomcat.catalina.Server logJVM
INFO : Server version:		Kayleh DiyTomcat/1.0.1
06 23, 2020 18:27:08 下午 cn.kayleh.diyTomcat.catalina.Server logJVM
INFO : Server built:		2020-06-11 15:55:01
06 23, 2020 18:27:08 下午 cn.kayleh.diyTomcat.catalina.Server logJVM
INFO : Server number:		1.0.1
06 23, 2020 18:27:08 下午 cn.kayleh.diyTomcat.catalina.Server logJVM
INFO : OS Name	:		Windows 10
06 23, 2020 18:27:08 下午 cn.kayleh.diyTomcat.catalina.Server logJVM
INFO : OS Version:		10.0
06 23, 2020 18:27:08 下午 cn.kayleh.diyTomcat.catalina.Server logJVM
INFO : Architecture:		amd64
06 23, 2020 18:27:08 下午 cn.kayleh.diyTomcat.catalina.Server logJVM
INFO : Java Home:		D:\jdk\jre
06 23, 2020 18:27:08 下午 cn.kayleh.diyTomcat.catalina.Server logJVM
INFO : JVM Version:		1.8.0_181-b13
06 23, 2020 18:27:08 下午 cn.kayleh.diyTomcat.catalina.Server logJVM
INFO : JVM Vendor:		Oracle Corporation
06 23, 2020 18:27:08 下午 cn.kayleh.diyTomcat.catalina.Connector init
INFO : Initializing ProtocolHandler [http-bio-8888]
06 23, 2020 18:27:08 下午 cn.kayleh.diyTomcat.catalina.Connector init
INFO : Initializing ProtocolHandler [http-bio-7777]
06 23, 2020 18:27:08 下午 cn.kayleh.diyTomcat.catalina.Connector init
INFO : Initializing ProtocolHandler [http-bio-6666]
06 23, 2020 18:27:08 下午 cn.kayleh.diyTomcat.catalina.Service init
INFO : Initialization processed in 1 ms
06 23, 2020 18:27:08 下午 cn.kayleh.diyTomcat.catalina.Connector start
INFO : Starting ProtocolHandler [http-bio-8888]
06 23, 2020 18:27:08 下午 cn.kayleh.diyTomcat.catalina.Connector start
INFO : Starting ProtocolHandler [http-bio-7777]
06 23, 2020 18:27:08 下午 cn.kayleh.diyTomcat.catalina.Connector start
INFO : Starting ProtocolHandler [http-bio-6666]
06 23, 2020 18:27:08 下午 cn.kayleh.diyTomcat.catalina.Server start
INFO : Server startup in 12 ms
06 23, 2020 18:27:17 下午 cn.kayleh.diyTomcat.catalina.HttpProcessor error
ERROR: java.lang.ClassNotFoundException: cn.kayleh.javaee.SetCookieServlet
java.lang.RuntimeException: java.lang.ClassNotFoundException: cn.kayleh.javaee.SetCookieServlet
	at cn.kayleh.diyTomcat.servlets.InvokerServlet.service(InvokerServlet.java:55)
	at cn.kayleh.diyTomcat.catalina.HttpProcessor.execute(HttpProcessor.java:37)
	at cn.kayleh.diyTomcat.catalina.Connector$1.run(Connector.java:48)
	at java.util.concurrent.ThreadPoolExecutor.runWorker(ThreadPoolExecutor.java:1149)
	at java.util.concurrent.ThreadPoolExecutor$Worker.run(ThreadPoolExecutor.java:624)
	at java.lang.Thread.run(Thread.java:748)
Caused by: java.lang.ClassNotFoundException: cn.kayleh.javaee.SetCookieServlet
	at java.net.URLClassLoader.findClass(URLClassLoader.java:381)
	at java.lang.ClassLoader.loadClass(ClassLoader.java:424)
	at java.lang.ClassLoader.loadClass(ClassLoader.java:357)
	at cn.kayleh.diyTomcat.servlets.InvokerServlet.service(InvokerServlet.java:41)
	... 5 more
06 23, 2020 18:27:43 下午 cn.kayleh.diyTomcat.catalina.HttpProcessor error
ERROR: java.lang.ClassNotFoundException: cn.kayleh.javaee.SetCookieServlet
java.lang.RuntimeException: java.lang.ClassNotFoundException: cn.kayleh.javaee.SetCookieServlet
	at cn.kayleh.diyTomcat.servlets.InvokerServlet.service(InvokerServlet.java:55)
	at cn.kayleh.diyTomcat.catalina.HttpProcessor.execute(HttpProcessor.java:37)
	at cn.kayleh.diyTomcat.catalina.Connector$1.run(Connector.java:48)
	at java.util.concurrent.ThreadPoolExecutor.runWorker(ThreadPoolExecutor.java:1149)
	at java.util.concurrent.ThreadPoolExecutor$Worker.run(ThreadPoolExecutor.java:624)
	at java.lang.Thread.run(Thread.java:748)
Caused by: java.lang.ClassNotFoundException: cn.kayleh.javaee.SetCookieServlet
	at java.net.URLClassLoader.findClass(URLClassLoader.java:381)
	at java.lang.ClassLoader.loadClass(ClassLoader.java:424)
	at java.lang.ClassLoader.loadClass(ClassLoader.java:357)
	at cn.kayleh.diyTomcat.servlets.InvokerServlet.service(InvokerServlet.java:41)
	... 5 more
06 23, 2020 18:30:42 下午 cn.kayleh.diyTomcat.catalina.HttpProcessor error
ERROR: java.lang.ClassNotFoundException: cn.kayleh.javaee.SetCookieServlet
java.lang.RuntimeException: java.lang.ClassNotFoundException: cn.kayleh.javaee.SetCookieServlet
	at cn.kayleh.diyTomcat.servlets.InvokerServlet.service(InvokerServlet.java:55)
	at cn.kayleh.diyTomcat.catalina.HttpProcessor.execute(HttpProcessor.java:37)
	at cn.kayleh.diyTomcat.catalina.Connector$1.run(Connector.java:48)
	at java.util.concurrent.ThreadPoolExecutor.runWorker(ThreadPoolExecutor.java:1149)
	at java.util.concurrent.ThreadPoolExecutor$Worker.run(ThreadPoolExecutor.java:624)
	at java.lang.Thread.run(Thread.java:748)
Caused by: java.lang.ClassNotFoundException: cn.kayleh.javaee.SetCookieServlet
	at java.net.URLClassLoader.findClass(URLClassLoader.java:381)
	at java.lang.ClassLoader.loadClass(ClassLoader.java:424)
	at java.lang.ClassLoader.loadClass(ClassLoader.java:357)
	at cn.kayleh.diyTomcat.servlets.InvokerServlet.service(InvokerServlet.java:41)
	... 5 more
06 23, 2020 18:30:59 下午 cn.kayleh.diyTomcat.catalina.Context <init>
INFO : Deploying web application directory D:\project\diyTomcat\webapps\a
06 23, 2020 18:30:59 下午 cn.kayleh.diyTomcat.catalina.Context <init>
INFO : Deployment of web application directory D:\project\diyTomcat\webapps\a has finished in 149 ms
06 23, 2020 18:30:59 下午 cn.kayleh.diyTomcat.catalina.Context <init>
INFO : Deploying web application directory D:\project\diyTomcat\webapps\j2ee
06 23, 2020 18:30:59 下午 cn.kayleh.diyTomcat.catalina.Context <init>
INFO : Deployment of web application directory D:\project\diyTomcat\webapps\j2ee has finished in 14 ms
06 23, 2020 18:30:59 下午 cn.kayleh.diyTomcat.catalina.Context <init>
INFO : Deploying web application directory D:\project\diyTomcat\webapps\ROOT
06 23, 2020 18:30:59 下午 cn.kayleh.diyTomcat.catalina.Context <init>
INFO : Deployment of web application directory D:\project\diyTomcat\webapps\ROOT has finished in 3 ms
06 23, 2020 18:30:59 下午 cn.kayleh.diyTomcat.catalina.Context <init>
INFO : Deploying web application directory d:/project/diyTomcat/b
06 23, 2020 18:30:59 下午 cn.kayleh.diyTomcat.catalina.Context <init>
INFO : Deployment of web application directory d:/project/diyTomcat/b has finished in 2 ms
06 23, 2020 18:30:59 下午 cn.kayleh.diyTomcat.catalina.Context <init>
INFO : Deploying web application directory d:/project/javaee/web
06 23, 2020 18:30:59 下午 cn.kayleh.diyTomcat.catalina.Context <init>
INFO : Deployment of web application directory d:/project/javaee/web has finished in 12 ms
06 23, 2020 18:30:59 下午 cn.kayleh.diyTomcat.catalina.Server logJVM
INFO : Server version:		Kayleh DiyTomcat/1.0.1
06 23, 2020 18:30:59 下午 cn.kayleh.diyTomcat.catalina.Server logJVM
INFO : Server built:		2020-06-11 15:55:01
06 23, 2020 18:30:59 下午 cn.kayleh.diyTomcat.catalina.Server logJVM
INFO : Server number:		1.0.1
06 23, 2020 18:30:59 下午 cn.kayleh.diyTomcat.catalina.Server logJVM
INFO : OS Name	:		Windows 10
06 23, 2020 18:30:59 下午 cn.kayleh.diyTomcat.catalina.Server logJVM
INFO : OS Version:		10.0
06 23, 2020 18:30:59 下午 cn.kayleh.diyTomcat.catalina.Server logJVM
INFO : Architecture:		amd64
06 23, 2020 18:30:59 下午 cn.kayleh.diyTomcat.catalina.Server logJVM
INFO : Java Home:		D:\jdk\jre
06 23, 2020 18:30:59 下午 cn.kayleh.diyTomcat.catalina.Server logJVM
INFO : JVM Version:		1.8.0_181-b13
06 23, 2020 18:30:59 下午 cn.kayleh.diyTomcat.catalina.Server logJVM
INFO : JVM Vendor:		Oracle Corporation
06 23, 2020 18:30:59 下午 cn.kayleh.diyTomcat.catalina.Connector init
INFO : Initializing ProtocolHandler [http-bio-8888]
06 23, 2020 18:30:59 下午 cn.kayleh.diyTomcat.catalina.Connector init
INFO : Initializing ProtocolHandler [http-bio-7777]
06 23, 2020 18:30:59 下午 cn.kayleh.diyTomcat.catalina.Connector init
INFO : Initializing ProtocolHandler [http-bio-6666]
06 23, 2020 18:30:59 下午 cn.kayleh.diyTomcat.catalina.Service init
INFO : Initialization processed in 1 ms
06 23, 2020 18:30:59 下午 cn.kayleh.diyTomcat.catalina.Connector start
INFO : Starting ProtocolHandler [http-bio-8888]
06 23, 2020 18:30:59 下午 cn.kayleh.diyTomcat.catalina.Connector start
INFO : Starting ProtocolHandler [http-bio-7777]
06 23, 2020 18:30:59 下午 cn.kayleh.diyTomcat.catalina.Connector start
INFO : Starting ProtocolHandler [http-bio-6666]
06 23, 2020 18:30:59 下午 cn.kayleh.diyTomcat.catalina.Server start
INFO : Server startup in 9 ms
06 23, 2020 18:31:06 下午 cn.kayleh.diyTomcat.catalina.HttpProcessor error
ERROR: java.lang.ClassNotFoundException: cn.kayleh.javaee.SetCookieServlet
java.lang.RuntimeException: java.lang.ClassNotFoundException: cn.kayleh.javaee.SetCookieServlet
	at cn.kayleh.diyTomcat.servlets.InvokerServlet.service(InvokerServlet.java:55)
	at cn.kayleh.diyTomcat.catalina.HttpProcessor.execute(HttpProcessor.java:37)
	at cn.kayleh.diyTomcat.catalina.Connector$1.run(Connector.java:48)
	at java.util.concurrent.ThreadPoolExecutor.runWorker(ThreadPoolExecutor.java:1149)
	at java.util.concurrent.ThreadPoolExecutor$Worker.run(ThreadPoolExecutor.java:624)
	at java.lang.Thread.run(Thread.java:748)
Caused by: java.lang.ClassNotFoundException: cn.kayleh.javaee.SetCookieServlet
	at java.net.URLClassLoader.findClass(URLClassLoader.java:381)
	at java.lang.ClassLoader.loadClass(ClassLoader.java:424)
	at java.lang.ClassLoader.loadClass(ClassLoader.java:357)
	at cn.kayleh.diyTomcat.servlets.InvokerServlet.service(InvokerServlet.java:41)
	... 5 more
06 23, 2020 18:32:11 下午 cn.kayleh.diyTomcat.watcher.ContextFileChangeWatcher$1 dealWith
INFO : cn.kayleh.diyTomcat.watcher.ContextFileChangeWatcher@ea07888 检测到了Web应用下的重要文件变化 SetCookieServlet.class 
06 23, 2020 18:32:11 下午 cn.kayleh.diyTomcat.catalina.Host reload
INFO : Reloading Context with name [/javaee] has started
06 23, 2020 18:32:11 下午 cn.kayleh.diyTomcat.catalina.Context <init>
INFO : Deploying web application directory d:/project/javaee/web
06 23, 2020 18:32:11 下午 cn.kayleh.diyTomcat.catalina.Context <init>
INFO : Deployment of web application directory d:/project/javaee/web has finished in 10 ms
06 23, 2020 18:32:11 下午 cn.kayleh.diyTomcat.catalina.Host reload
INFO : Reloading Context with name [/javaee] has completed
06 23, 2020 18:32:31 下午 cn.kayleh.diyTomcat.watcher.ContextFileChangeWatcher$1 dealWith
INFO : cn.kayleh.diyTomcat.watcher.ContextFileChangeWatcher@6e611bd6 检测到了Web应用下的重要文件变化 web.xml 
06 23, 2020 18:32:31 下午 cn.kayleh.diyTomcat.catalina.Host reload
INFO : Reloading Context with name [/javaee] has started
06 23, 2020 18:32:31 下午 cn.kayleh.diyTomcat.catalina.Context <init>
INFO : Deploying web application directory d:/project/javaee/web
06 23, 2020 18:32:31 下午 cn.kayleh.diyTomcat.catalina.Context <init>
INFO : Deployment of web application directory d:/project/javaee/web has finished in 7 ms
06 23, 2020 18:32:31 下午 cn.kayleh.diyTomcat.catalina.Host reload
INFO : Reloading Context with name [/javaee] has completed
06 23, 2020 18:40:33 下午 cn.kayleh.diyTomcat.catalina.Context <init>
INFO : Deploying web application directory D:\project\diyTomcat\webapps\a
06 23, 2020 18:40:33 下午 cn.kayleh.diyTomcat.catalina.Context <init>
INFO : Deployment of web application directory D:\project\diyTomcat\webapps\a has finished in 165 ms
06 23, 2020 18:40:33 下午 cn.kayleh.diyTomcat.catalina.Context <init>
INFO : Deploying web application directory D:\project\diyTomcat\webapps\j2ee
06 23, 2020 18:40:33 下午 cn.kayleh.diyTomcat.catalina.Context <init>
INFO : Deployment of web application directory D:\project\diyTomcat\webapps\j2ee has finished in 20 ms
06 23, 2020 18:40:33 下午 cn.kayleh.diyTomcat.catalina.Context <init>
INFO : Deploying web application directory D:\project\diyTomcat\webapps\ROOT
06 23, 2020 18:40:33 下午 cn.kayleh.diyTomcat.catalina.Context <init>
INFO : Deployment of web application directory D:\project\diyTomcat\webapps\ROOT has finished in 3 ms
06 23, 2020 18:40:33 下午 cn.kayleh.diyTomcat.catalina.Context <init>
INFO : Deploying web application directory d:/project/diyTomcat/b
06 23, 2020 18:40:33 下午 cn.kayleh.diyTomcat.catalina.Context <init>
INFO : Deployment of web application directory d:/project/diyTomcat/b has finished in 2 ms
06 23, 2020 18:40:33 下午 cn.kayleh.diyTomcat.catalina.Context <init>
INFO : Deploying web application directory d:/project/javaee/web
06 23, 2020 18:40:33 下午 cn.kayleh.diyTomcat.catalina.Context <init>
INFO : Deployment of web application directory d:/project/javaee/web has finished in 13 ms
06 23, 2020 18:40:33 下午 cn.kayleh.diyTomcat.catalina.Server logJVM
INFO : Server version:		Kayleh DiyTomcat/1.0.1
06 23, 2020 18:40:33 下午 cn.kayleh.diyTomcat.catalina.Server logJVM
INFO : Server built:		2020-06-11 15:55:01
06 23, 2020 18:40:33 下午 cn.kayleh.diyTomcat.catalina.Server logJVM
INFO : Server number:		1.0.1
06 23, 2020 18:40:33 下午 cn.kayleh.diyTomcat.catalina.Server logJVM
INFO : OS Name	:		Windows 10
06 23, 2020 18:40:33 下午 cn.kayleh.diyTomcat.catalina.Server logJVM
INFO : OS Version:		10.0
06 23, 2020 18:40:33 下午 cn.kayleh.diyTomcat.catalina.Server logJVM
INFO : Architecture:		amd64
06 23, 2020 18:40:33 下午 cn.kayleh.diyTomcat.catalina.Server logJVM
INFO : Java Home:		D:\jdk\jre
06 23, 2020 18:40:33 下午 cn.kayleh.diyTomcat.catalina.Server logJVM
INFO : JVM Version:		1.8.0_181-b13
06 23, 2020 18:40:33 下午 cn.kayleh.diyTomcat.catalina.Server logJVM
INFO : JVM Vendor:		Oracle Corporation
06 23, 2020 18:40:33 下午 cn.kayleh.diyTomcat.catalina.Connector init
INFO : Initializing ProtocolHandler [http-bio-8888]
06 23, 2020 18:40:33 下午 cn.kayleh.diyTomcat.catalina.Connector init
INFO : Initializing ProtocolHandler [http-bio-7777]
06 23, 2020 18:40:33 下午 cn.kayleh.diyTomcat.catalina.Connector init
INFO : Initializing ProtocolHandler [http-bio-6666]
06 23, 2020 18:40:33 下午 cn.kayleh.diyTomcat.catalina.Service init
INFO : Initialization processed in 1 ms
06 23, 2020 18:40:33 下午 cn.kayleh.diyTomcat.catalina.Connector start
INFO : Starting ProtocolHandler [http-bio-8888]
06 23, 2020 18:40:33 下午 cn.kayleh.diyTomcat.catalina.Connector start
INFO : Starting ProtocolHandler [http-bio-7777]
06 23, 2020 18:40:33 下午 cn.kayleh.diyTomcat.catalina.Connector start
INFO : Starting ProtocolHandler [http-bio-6666]
06 23, 2020 18:40:33 下午 cn.kayleh.diyTomcat.catalina.Server start
INFO : Server startup in 11 ms
06 23, 2020 18:40:37 下午 cn.kayleh.diyTomcat.catalina.HttpProcessor error
ERROR: this is a deliberately created exception
java.lang.RuntimeException: this is a deliberately created exception
	at cn.kayleh.diyTomcat.servlets.DefaultServlet.service(DefaultServlet.java:43)
	at cn.kayleh.diyTomcat.catalina.HttpProcessor.execute(HttpProcessor.java:41)
	at cn.kayleh.diyTomcat.catalina.Connector$1.run(Connector.java:48)
	at java.util.concurrent.ThreadPoolExecutor.runWorker(ThreadPoolExecutor.java:1149)
	at java.util.concurrent.ThreadPoolExecutor$Worker.run(ThreadPoolExecutor.java:624)
	at java.lang.Thread.run(Thread.java:748)
06 23, 2020 18:41:46 下午 cn.kayleh.diyTomcat.catalina.HttpProcessor error
ERROR: this is a deliberately created exception
java.lang.RuntimeException: this is a deliberately created exception
	at cn.kayleh.diyTomcat.servlets.DefaultServlet.service(DefaultServlet.java:43)
	at cn.kayleh.diyTomcat.catalina.HttpProcessor.execute(HttpProcessor.java:41)
	at cn.kayleh.diyTomcat.catalina.Connector$1.run(Connector.java:48)
	at java.util.concurrent.ThreadPoolExecutor.runWorker(ThreadPoolExecutor.java:1149)
	at java.util.concurrent.ThreadPoolExecutor$Worker.run(ThreadPoolExecutor.java:624)
	at java.lang.Thread.run(Thread.java:748)
06 23, 2020 18:43:26 下午 cn.kayleh.diyTomcat.catalina.Context <init>
INFO : Deploying web application directory D:\project\diyTomcat\webapps\a
06 23, 2020 18:43:26 下午 cn.kayleh.diyTomcat.catalina.Context <init>
INFO : Deployment of web application directory D:\project\diyTomcat\webapps\a has finished in 138 ms
06 23, 2020 18:43:26 下午 cn.kayleh.diyTomcat.catalina.Context <init>
INFO : Deploying web application directory D:\project\diyTomcat\webapps\j2ee
06 23, 2020 18:43:26 下午 cn.kayleh.diyTomcat.catalina.Context <init>
INFO : Deployment of web application directory D:\project\diyTomcat\webapps\j2ee has finished in 18 ms
06 23, 2020 18:43:26 下午 cn.kayleh.diyTomcat.catalina.Context <init>
INFO : Deploying web application directory D:\project\diyTomcat\webapps\ROOT
06 23, 2020 18:43:26 下午 cn.kayleh.diyTomcat.catalina.Context <init>
INFO : Deployment of web application directory D:\project\diyTomcat\webapps\ROOT has finished in 4 ms
06 23, 2020 18:43:26 下午 cn.kayleh.diyTomcat.catalina.Context <init>
INFO : Deploying web application directory d:/project/diyTomcat/b
06 23, 2020 18:43:26 下午 cn.kayleh.diyTomcat.catalina.Context <init>
INFO : Deployment of web application directory d:/project/diyTomcat/b has finished in 4 ms
06 23, 2020 18:43:26 下午 cn.kayleh.diyTomcat.catalina.Context <init>
INFO : Deploying web application directory d:/project/javaee/web
06 23, 2020 18:43:26 下午 cn.kayleh.diyTomcat.catalina.Context <init>
INFO : Deployment of web application directory d:/project/javaee/web has finished in 11 ms
06 23, 2020 18:43:26 下午 cn.kayleh.diyTomcat.catalina.Server logJVM
INFO : Server version:		Kayleh DiyTomcat/1.0.1
06 23, 2020 18:43:26 下午 cn.kayleh.diyTomcat.catalina.Server logJVM
INFO : Server built:		2020-06-11 15:55:01
06 23, 2020 18:43:26 下午 cn.kayleh.diyTomcat.catalina.Server logJVM
INFO : Server number:		1.0.1
06 23, 2020 18:43:26 下午 cn.kayleh.diyTomcat.catalina.Server logJVM
INFO : OS Name	:		Windows 10
06 23, 2020 18:43:26 下午 cn.kayleh.diyTomcat.catalina.Server logJVM
INFO : OS Version:		10.0
06 23, 2020 18:43:26 下午 cn.kayleh.diyTomcat.catalina.Server logJVM
INFO : Architecture:		amd64
06 23, 2020 18:43:26 下午 cn.kayleh.diyTomcat.catalina.Server logJVM
INFO : Java Home:		D:\jdk\jre
06 23, 2020 18:43:26 下午 cn.kayleh.diyTomcat.catalina.Server logJVM
INFO : JVM Version:		1.8.0_181-b13
06 23, 2020 18:43:26 下午 cn.kayleh.diyTomcat.catalina.Server logJVM
INFO : JVM Vendor:		Oracle Corporation
06 23, 2020 18:43:26 下午 cn.kayleh.diyTomcat.catalina.Connector init
INFO : Initializing ProtocolHandler [http-bio-8888]
06 23, 2020 18:43:26 下午 cn.kayleh.diyTomcat.catalina.Connector init
INFO : Initializing ProtocolHandler [http-bio-7777]
06 23, 2020 18:43:26 下午 cn.kayleh.diyTomcat.catalina.Connector init
INFO : Initializing ProtocolHandler [http-bio-6666]
06 23, 2020 18:43:26 下午 cn.kayleh.diyTomcat.catalina.Service init
INFO : Initialization processed in 1 ms
06 23, 2020 18:43:26 下午 cn.kayleh.diyTomcat.catalina.Connector start
INFO : Starting ProtocolHandler [http-bio-8888]
06 23, 2020 18:43:26 下午 cn.kayleh.diyTomcat.catalina.Connector start
INFO : Starting ProtocolHandler [http-bio-7777]
06 23, 2020 18:43:26 下午 cn.kayleh.diyTomcat.catalina.Connector start
INFO : Starting ProtocolHandler [http-bio-6666]
06 23, 2020 18:43:26 下午 cn.kayleh.diyTomcat.catalina.Server start
INFO : Server startup in 9 ms
06 23, 2020 18:44:31 下午 cn.kayleh.diyTomcat.catalina.Context <init>
INFO : Deploying web application directory D:\project\diyTomcat\webapps\a
06 23, 2020 18:44:31 下午 cn.kayleh.diyTomcat.catalina.Context <init>
INFO : Deployment of web application directory D:\project\diyTomcat\webapps\a has finished in 176 ms
06 23, 2020 18:44:31 下午 cn.kayleh.diyTomcat.catalina.Context <init>
INFO : Deploying web application directory D:\project\diyTomcat\webapps\j2ee
06 23, 2020 18:44:31 下午 cn.kayleh.diyTomcat.catalina.Context <init>
INFO : Deployment of web application directory D:\project\diyTomcat\webapps\j2ee has finished in 17 ms
06 23, 2020 18:44:31 下午 cn.kayleh.diyTomcat.catalina.Context <init>
INFO : Deploying web application directory D:\project\diyTomcat\webapps\ROOT
06 23, 2020 18:44:31 下午 cn.kayleh.diyTomcat.catalina.Context <init>
INFO : Deployment of web application directory D:\project\diyTomcat\webapps\ROOT has finished in 1 ms
06 23, 2020 18:44:31 下午 cn.kayleh.diyTomcat.catalina.Context <init>
INFO : Deploying web application directory d:/project/diyTomcat/b
06 23, 2020 18:44:31 下午 cn.kayleh.diyTomcat.catalina.Context <init>
INFO : Deployment of web application directory d:/project/diyTomcat/b has finished in 4 ms
06 23, 2020 18:44:31 下午 cn.kayleh.diyTomcat.catalina.Context <init>
INFO : Deploying web application directory d:/project/javaee/web
06 23, 2020 18:44:32 下午 cn.kayleh.diyTomcat.catalina.Context <init>
INFO : Deployment of web application directory d:/project/javaee/web has finished in 18 ms
06 23, 2020 18:44:32 下午 cn.kayleh.diyTomcat.catalina.Server logJVM
INFO : Server version:		Kayleh DiyTomcat/1.0.1
06 23, 2020 18:44:32 下午 cn.kayleh.diyTomcat.catalina.Server logJVM
INFO : Server built:		2020-06-11 15:55:01
06 23, 2020 18:44:32 下午 cn.kayleh.diyTomcat.catalina.Server logJVM
INFO : Server number:		1.0.1
06 23, 2020 18:44:32 下午 cn.kayleh.diyTomcat.catalina.Server logJVM
INFO : OS Name	:		Windows 10
06 23, 2020 18:44:32 下午 cn.kayleh.diyTomcat.catalina.Server logJVM
INFO : OS Version:		10.0
06 23, 2020 18:44:32 下午 cn.kayleh.diyTomcat.catalina.Server logJVM
INFO : Architecture:		amd64
06 23, 2020 18:44:32 下午 cn.kayleh.diyTomcat.catalina.Server logJVM
INFO : Java Home:		D:\jdk\jre
06 23, 2020 18:44:32 下午 cn.kayleh.diyTomcat.catalina.Server logJVM
INFO : JVM Version:		1.8.0_181-b13
06 23, 2020 18:44:32 下午 cn.kayleh.diyTomcat.catalina.Server logJVM
INFO : JVM Vendor:		Oracle Corporation
06 23, 2020 18:44:32 下午 cn.kayleh.diyTomcat.catalina.Connector init
INFO : Initializing ProtocolHandler [http-bio-8888]
06 23, 2020 18:44:32 下午 cn.kayleh.diyTomcat.catalina.Connector init
INFO : Initializing ProtocolHandler [http-bio-7777]
06 23, 2020 18:44:32 下午 cn.kayleh.diyTomcat.catalina.Connector init
INFO : Initializing ProtocolHandler [http-bio-6666]
06 23, 2020 18:44:32 下午 cn.kayleh.diyTomcat.catalina.Service init
INFO : Initialization processed in 3 ms
06 23, 2020 18:44:32 下午 cn.kayleh.diyTomcat.catalina.Connector start
INFO : Starting ProtocolHandler [http-bio-8888]
06 23, 2020 18:44:32 下午 cn.kayleh.diyTomcat.catalina.Connector start
INFO : Starting ProtocolHandler [http-bio-7777]
06 23, 2020 18:44:32 下午 cn.kayleh.diyTomcat.catalina.Connector start
INFO : Starting ProtocolHandler [http-bio-6666]
06 23, 2020 18:44:32 下午 cn.kayleh.diyTomcat.catalina.Server start
INFO : Server startup in 14 ms
06 23, 2020 18:45:51 下午 cn.kayleh.diyTomcat.catalina.Context <init>
INFO : Deploying web application directory D:\project\diyTomcat\webapps\a
06 23, 2020 18:45:51 下午 cn.kayleh.diyTomcat.catalina.Context <init>
INFO : Deployment of web application directory D:\project\diyTomcat\webapps\a has finished in 220 ms
06 23, 2020 18:45:51 下午 cn.kayleh.diyTomcat.catalina.Context <init>
INFO : Deploying web application directory D:\project\diyTomcat\webapps\j2ee
06 23, 2020 18:45:51 下午 cn.kayleh.diyTomcat.catalina.Context <init>
INFO : Deployment of web application directory D:\project\diyTomcat\webapps\j2ee has finished in 13 ms
06 23, 2020 18:45:51 下午 cn.kayleh.diyTomcat.catalina.Context <init>
INFO : Deploying web application directory D:\project\diyTomcat\webapps\ROOT
06 23, 2020 18:45:51 下午 cn.kayleh.diyTomcat.catalina.Context <init>
INFO : Deployment of web application directory D:\project\diyTomcat\webapps\ROOT has finished in 1 ms
06 23, 2020 18:45:51 下午 cn.kayleh.diyTomcat.catalina.Context <init>
INFO : Deploying web application directory d:/project/diyTomcat/b
06 23, 2020 18:45:51 下午 cn.kayleh.diyTomcat.catalina.Context <init>
INFO : Deployment of web application directory d:/project/diyTomcat/b has finished in 2 ms
06 23, 2020 18:45:51 下午 cn.kayleh.diyTomcat.catalina.Context <init>
INFO : Deploying web application directory d:/project/javaee/web
06 23, 2020 18:45:51 下午 cn.kayleh.diyTomcat.catalina.Context <init>
INFO : Deployment of web application directory d:/project/javaee/web has finished in 11 ms
06 23, 2020 18:45:51 下午 cn.kayleh.diyTomcat.catalina.Server logJVM
INFO : Server version:		Kayleh DiyTomcat/1.0.1
06 23, 2020 18:45:51 下午 cn.kayleh.diyTomcat.catalina.Server logJVM
INFO : Server built:		2020-06-11 15:55:01
06 23, 2020 18:45:51 下午 cn.kayleh.diyTomcat.catalina.Server logJVM
INFO : Server number:		1.0.1
06 23, 2020 18:45:51 下午 cn.kayleh.diyTomcat.catalina.Server logJVM
INFO : OS Name	:		Windows 10
06 23, 2020 18:45:51 下午 cn.kayleh.diyTomcat.catalina.Server logJVM
INFO : OS Version:		10.0
06 23, 2020 18:45:51 下午 cn.kayleh.diyTomcat.catalina.Server logJVM
INFO : Architecture:		amd64
06 23, 2020 18:45:51 下午 cn.kayleh.diyTomcat.catalina.Server logJVM
INFO : Java Home:		D:\jdk\jre
06 23, 2020 18:45:51 下午 cn.kayleh.diyTomcat.catalina.Server logJVM
INFO : JVM Version:		1.8.0_181-b13
06 23, 2020 18:45:51 下午 cn.kayleh.diyTomcat.catalina.Server logJVM
INFO : JVM Vendor:		Oracle Corporation
06 23, 2020 18:45:51 下午 cn.kayleh.diyTomcat.catalina.Connector init
INFO : Initializing ProtocolHandler [http-bio-8888]
06 23, 2020 18:45:51 下午 cn.kayleh.diyTomcat.catalina.Connector init
INFO : Initializing ProtocolHandler [http-bio-7777]
06 23, 2020 18:45:51 下午 cn.kayleh.diyTomcat.catalina.Connector init
INFO : Initializing ProtocolHandler [http-bio-6666]
06 23, 2020 18:45:51 下午 cn.kayleh.diyTomcat.catalina.Service init
INFO : Initialization processed in 0 ms
06 23, 2020 18:45:51 下午 cn.kayleh.diyTomcat.catalina.Connector start
INFO : Starting ProtocolHandler [http-bio-8888]
06 23, 2020 18:45:51 下午 cn.kayleh.diyTomcat.catalina.Connector start
INFO : Starting ProtocolHandler [http-bio-7777]
06 23, 2020 18:45:51 下午 cn.kayleh.diyTomcat.catalina.Connector start
INFO : Starting ProtocolHandler [http-bio-6666]
06 23, 2020 18:45:51 下午 cn.kayleh.diyTomcat.catalina.Server start
INFO : Server startup in 6 ms
06 23, 2020 20:01:57 下午 cn.kayleh.diyTomcat.catalina.Context <init>
INFO : Deploying web application directory D:\project\diyTomcat\webapps\a
06 23, 2020 20:01:57 下午 cn.kayleh.diyTomcat.catalina.Context <init>
INFO : Deployment of web application directory D:\project\diyTomcat\webapps\a has finished in 599 ms
06 23, 2020 20:01:57 下午 cn.kayleh.diyTomcat.catalina.Context <init>
INFO : Deploying web application directory D:\project\diyTomcat\webapps\j2ee
06 23, 2020 20:01:57 下午 cn.kayleh.diyTomcat.catalina.Context <init>
INFO : Deployment of web application directory D:\project\diyTomcat\webapps\j2ee has finished in 96 ms
06 23, 2020 20:01:57 下午 cn.kayleh.diyTomcat.catalina.Context <init>
INFO : Deploying web application directory D:\project\diyTomcat\webapps\ROOT
06 23, 2020 20:01:57 下午 cn.kayleh.diyTomcat.catalina.Context <init>
INFO : Deployment of web application directory D:\project\diyTomcat\webapps\ROOT has finished in 2 ms
06 23, 2020 20:01:57 下午 cn.kayleh.diyTomcat.catalina.Context <init>
INFO : Deploying web application directory d:/project/diyTomcat/b
06 23, 2020 20:01:57 下午 cn.kayleh.diyTomcat.catalina.Context <init>
INFO : Deployment of web application directory d:/project/diyTomcat/b has finished in 2 ms
06 23, 2020 20:01:57 下午 cn.kayleh.diyTomcat.catalina.Context <init>
INFO : Deploying web application directory d:/project/javaee/web
06 23, 2020 20:01:57 下午 cn.kayleh.diyTomcat.catalina.Context <init>
INFO : Deployment of web application directory d:/project/javaee/web has finished in 43 ms
06 23, 2020 20:01:58 下午 cn.kayleh.diyTomcat.catalina.Server logJVM
INFO : Server version:		Kayleh DiyTomcat/1.0.1
06 23, 2020 20:01:58 下午 cn.kayleh.diyTomcat.catalina.Server logJVM
INFO : Server built:		2020-06-11 15:55:01
06 23, 2020 20:01:58 下午 cn.kayleh.diyTomcat.catalina.Server logJVM
INFO : Server number:		1.0.1
06 23, 2020 20:01:58 下午 cn.kayleh.diyTomcat.catalina.Server logJVM
INFO : OS Name	:		Windows 10
06 23, 2020 20:01:58 下午 cn.kayleh.diyTomcat.catalina.Server logJVM
INFO : OS Version:		10.0
06 23, 2020 20:01:58 下午 cn.kayleh.diyTomcat.catalina.Server logJVM
INFO : Architecture:		amd64
06 23, 2020 20:01:58 下午 cn.kayleh.diyTomcat.catalina.Server logJVM
INFO : Java Home:		D:\jdk\jre
06 23, 2020 20:01:58 下午 cn.kayleh.diyTomcat.catalina.Server logJVM
INFO : JVM Version:		1.8.0_181-b13
06 23, 2020 20:01:58 下午 cn.kayleh.diyTomcat.catalina.Server logJVM
INFO : JVM Vendor:		Oracle Corporation
06 23, 2020 20:01:58 下午 cn.kayleh.diyTomcat.catalina.Connector init
INFO : Initializing ProtocolHandler [http-bio-8888]
06 23, 2020 20:01:58 下午 cn.kayleh.diyTomcat.catalina.Connector init
INFO : Initializing ProtocolHandler [http-bio-7777]
06 23, 2020 20:01:58 下午 cn.kayleh.diyTomcat.catalina.Connector init
INFO : Initializing ProtocolHandler [http-bio-6666]
06 23, 2020 20:01:58 下午 cn.kayleh.diyTomcat.catalina.Service init
INFO : Initialization processed in 1 ms
06 23, 2020 20:01:58 下午 cn.kayleh.diyTomcat.catalina.Connector start
INFO : Starting ProtocolHandler [http-bio-8888]
06 23, 2020 20:01:58 下午 cn.kayleh.diyTomcat.catalina.Connector start
INFO : Starting ProtocolHandler [http-bio-7777]
06 23, 2020 20:01:58 下午 cn.kayleh.diyTomcat.catalina.Connector start
INFO : Starting ProtocolHandler [http-bio-6666]
06 23, 2020 20:01:58 下午 cn.kayleh.diyTomcat.catalina.Server start
INFO : Server startup in 10 ms
06 23, 2020 20:02:04 下午 cn.kayleh.diyTomcat.watcher.ContextFileChangeWatcher$1 dealWith
INFO : cn.kayleh.diyTomcat.watcher.ContextFileChangeWatcher@278bd551 检测到了Web应用下的重要文件变化 GetCookieServlet.class 
06 23, 2020 20:02:04 下午 cn.kayleh.diyTomcat.catalina.Host reload
INFO : Reloading Context with name [/javaee] has started
06 23, 2020 20:02:04 下午 cn.kayleh.diyTomcat.catalina.Context <init>
INFO : Deploying web application directory d:/project/javaee/web
06 23, 2020 20:02:04 下午 cn.kayleh.diyTomcat.catalina.Context <init>
INFO : Deployment of web application directory d:/project/javaee/web has finished in 19 ms
06 23, 2020 20:02:04 下午 cn.kayleh.diyTomcat.catalina.Host reload
INFO : Reloading Context with name [/javaee] has completed
06 23, 2020 20:35:12 下午 cn.kayleh.diyTomcat.catalina.Context <init>
INFO : Deploying web application directory D:\project\diyTomcat\webapps\a
06 23, 2020 20:35:12 下午 cn.kayleh.diyTomcat.catalina.Context <init>
INFO : Deployment of web application directory D:\project\diyTomcat\webapps\a has finished in 184 ms
06 23, 2020 20:35:12 下午 cn.kayleh.diyTomcat.catalina.Context <init>
INFO : Deploying web application directory D:\project\diyTomcat\webapps\j2ee
06 23, 2020 20:35:12 下午 cn.kayleh.diyTomcat.catalina.Context <init>
INFO : Deployment of web application directory D:\project\diyTomcat\webapps\j2ee has finished in 17 ms
06 23, 2020 20:35:12 下午 cn.kayleh.diyTomcat.catalina.Context <init>
INFO : Deploying web application directory D:\project\diyTomcat\webapps\ROOT
06 23, 2020 20:35:12 下午 cn.kayleh.diyTomcat.catalina.Context <init>
INFO : Deployment of web application directory D:\project\diyTomcat\webapps\ROOT has finished in 3 ms
06 23, 2020 20:35:12 下午 cn.kayleh.diyTomcat.catalina.Context <init>
INFO : Deploying web application directory d:/project/diyTomcat/b
06 23, 2020 20:35:12 下午 cn.kayleh.diyTomcat.catalina.Context <init>
INFO : Deployment of web application directory d:/project/diyTomcat/b has finished in 2 ms
06 23, 2020 20:35:12 下午 cn.kayleh.diyTomcat.catalina.Context <init>
INFO : Deploying web application directory d:/project/javaee/web
06 23, 2020 20:35:12 下午 cn.kayleh.diyTomcat.catalina.Context <init>
INFO : Deployment of web application directory d:/project/javaee/web has finished in 24 ms
06 23, 2020 20:35:12 下午 cn.kayleh.diyTomcat.catalina.Server logJVM
INFO : Server version:		Kayleh DiyTomcat/1.0.1
06 23, 2020 20:35:12 下午 cn.kayleh.diyTomcat.catalina.Server logJVM
INFO : Server built:		2020-06-11 15:55:01
06 23, 2020 20:35:12 下午 cn.kayleh.diyTomcat.catalina.Server logJVM
INFO : Server number:		1.0.1
06 23, 2020 20:35:12 下午 cn.kayleh.diyTomcat.catalina.Server logJVM
INFO : OS Name	:		Windows 10
06 23, 2020 20:35:12 下午 cn.kayleh.diyTomcat.catalina.Server logJVM
INFO : OS Version:		10.0
06 23, 2020 20:35:12 下午 cn.kayleh.diyTomcat.catalina.Server logJVM
INFO : Architecture:		amd64
06 23, 2020 20:35:12 下午 cn.kayleh.diyTomcat.catalina.Server logJVM
INFO : Java Home:		D:\jdk\jre
06 23, 2020 20:35:12 下午 cn.kayleh.diyTomcat.catalina.Server logJVM
INFO : JVM Version:		1.8.0_181-b13
06 23, 2020 20:35:12 下午 cn.kayleh.diyTomcat.catalina.Server logJVM
INFO : JVM Vendor:		Oracle Corporation
06 23, 2020 20:35:12 下午 cn.kayleh.diyTomcat.catalina.Connector init
INFO : Initializing ProtocolHandler [http-bio-8888]
06 23, 2020 20:35:12 下午 cn.kayleh.diyTomcat.catalina.Connector init
INFO : Initializing ProtocolHandler [http-bio-7777]
06 23, 2020 20:35:12 下午 cn.kayleh.diyTomcat.catalina.Connector init
INFO : Initializing ProtocolHandler [http-bio-6666]
06 23, 2020 20:35:12 下午 cn.kayleh.diyTomcat.catalina.Service init
INFO : Initialization processed in 1 ms
06 23, 2020 20:35:12 下午 cn.kayleh.diyTomcat.catalina.Connector start
INFO : Starting ProtocolHandler [http-bio-8888]
06 23, 2020 20:35:12 下午 cn.kayleh.diyTomcat.catalina.Connector start
INFO : Starting ProtocolHandler [http-bio-7777]
06 23, 2020 20:35:12 下午 cn.kayleh.diyTomcat.catalina.Connector start
INFO : Starting ProtocolHandler [http-bio-6666]
06 23, 2020 20:35:12 下午 cn.kayleh.diyTomcat.catalina.Server start
INFO : Server startup in 14 ms
06 23, 2020 20:54:47 下午 cn.kayleh.diyTomcat.watcher.ContextFileChangeWatcher$1 dealWith
INFO : cn.kayleh.diyTomcat.watcher.ContextFileChangeWatcher@4fc5b6c3 检测到了Web应用下的重要文件变化 SetCookieServlet.class 
06 23, 2020 20:54:47 下午 cn.kayleh.diyTomcat.catalina.Host reload
INFO : Reloading Context with name [/javaee] has started
06 23, 2020 20:54:47 下午 cn.kayleh.diyTomcat.catalina.Context <init>
INFO : Deploying web application directory d:/project/javaee/web
06 23, 2020 20:54:47 下午 cn.kayleh.diyTomcat.catalina.Context <init>
INFO : Deployment of web application directory d:/project/javaee/web has finished in 9 ms
06 23, 2020 20:54:47 下午 cn.kayleh.diyTomcat.catalina.Host reload
INFO : Reloading Context with name [/javaee] has completed
06 23, 2020 20:54:48 下午 cn.kayleh.diyTomcat.watcher.ContextFileChangeWatcher$1 dealWith
INFO : cn.kayleh.diyTomcat.watcher.ContextFileChangeWatcher@7c59231e 检测到了Web应用下的重要文件变化 SetCookieServlet.class 
06 23, 2020 20:54:48 下午 cn.kayleh.diyTomcat.catalina.Host reload
INFO : Reloading Context with name [/javaee] has started
06 23, 2020 20:54:48 下午 cn.kayleh.diyTomcat.catalina.Context <init>
INFO : Deploying web application directory d:/project/javaee/web
06 23, 2020 20:54:48 下午 cn.kayleh.diyTomcat.catalina.Context <init>
INFO : Deployment of web application directory d:/project/javaee/web has finished in 11 ms
06 23, 2020 20:54:48 下午 cn.kayleh.diyTomcat.catalina.Host reload
INFO : Reloading Context with name [/javaee] has completed
06 23, 2020 20:54:48 下午 cn.kayleh.diyTomcat.watcher.ContextFileChangeWatcher$1 dealWith
INFO : cn.kayleh.diyTomcat.watcher.ContextFileChangeWatcher@384c2282 检测到了Web应用下的重要文件变化 GetCookieServlet.class 
06 23, 2020 20:54:48 下午 cn.kayleh.diyTomcat.catalina.Host reload
INFO : Reloading Context with name [/javaee] has started
06 23, 2020 20:54:48 下午 cn.kayleh.diyTomcat.catalina.Context <init>
INFO : Deploying web application directory d:/project/javaee/web
06 23, 2020 20:54:48 下午 cn.kayleh.diyTomcat.catalina.Context <init>
INFO : Deployment of web application directory d:/project/javaee/web has finished in 12 ms
06 23, 2020 20:54:48 下午 cn.kayleh.diyTomcat.catalina.Host reload
INFO : Reloading Context with name [/javaee] has completed
06 23, 2020 20:55:57 下午 cn.kayleh.diyTomcat.watcher.ContextFileChangeWatcher$1 dealWith
INFO : cn.kayleh.diyTomcat.watcher.ContextFileChangeWatcher@48d2d597 检测到了Web应用下的重要文件变化 GetCookieServlet.class 
06 23, 2020 20:55:57 下午 cn.kayleh.diyTomcat.catalina.Host reload
INFO : Reloading Context with name [/javaee] has started
06 23, 2020 20:55:57 下午 cn.kayleh.diyTomcat.catalina.Context <init>
INFO : Deploying web application directory d:/project/javaee/web
06 23, 2020 20:55:57 下午 cn.kayleh.diyTomcat.catalina.Context <init>
INFO : Deployment of web application directory d:/project/javaee/web has finished in 9 ms
06 23, 2020 20:55:57 下午 cn.kayleh.diyTomcat.catalina.Host reload
INFO : Reloading Context with name [/javaee] has completed
06 23, 2020 20:55:57 下午 cn.kayleh.diyTomcat.watcher.ContextFileChangeWatcher$1 dealWith
INFO : cn.kayleh.diyTomcat.watcher.ContextFileChangeWatcher@1a5d6484 检测到了Web应用下的重要文件变化 GetCookieServlet.class 
06 23, 2020 20:55:57 下午 cn.kayleh.diyTomcat.catalina.Host reload
INFO : Reloading Context with name [/javaee] has started
06 23, 2020 20:55:57 下午 cn.kayleh.diyTomcat.catalina.Context <init>
INFO : Deploying web application directory d:/project/javaee/web
06 23, 2020 20:55:57 下午 cn.kayleh.diyTomcat.catalina.Context <init>
INFO : Deployment of web application directory d:/project/javaee/web has finished in 8 ms
06 23, 2020 20:55:57 下午 cn.kayleh.diyTomcat.catalina.Host reload
INFO : Reloading Context with name [/javaee] has completed
06 23, 2020 20:55:57 下午 cn.kayleh.diyTomcat.watcher.ContextFileChangeWatcher$1 dealWith
INFO : cn.kayleh.diyTomcat.watcher.ContextFileChangeWatcher@4e422e2f 检测到了Web应用下的重要文件变化 SetCookieServlet.class 
06 23, 2020 20:55:57 下午 cn.kayleh.diyTomcat.catalina.Host reload
INFO : Reloading Context with name [/javaee] has started
06 23, 2020 20:55:57 下午 cn.kayleh.diyTomcat.catalina.Context <init>
INFO : Deploying web application directory d:/project/javaee/web
06 23, 2020 20:55:57 下午 cn.kayleh.diyTomcat.catalina.Context <init>
INFO : Deployment of web application directory d:/project/javaee/web has finished in 5 ms
06 23, 2020 20:55:57 下午 cn.kayleh.diyTomcat.catalina.Host reload
INFO : Reloading Context with name [/javaee] has completed
06 23, 2020 20:56:03 下午 cn.kayleh.diyTomcat.catalina.Context <init>
INFO : Deploying web application directory D:\project\diyTomcat\webapps\a
06 23, 2020 20:56:03 下午 cn.kayleh.diyTomcat.catalina.Context <init>
INFO : Deployment of web application directory D:\project\diyTomcat\webapps\a has finished in 170 ms
06 23, 2020 20:56:03 下午 cn.kayleh.diyTomcat.catalina.Context <init>
INFO : Deploying web application directory D:\project\diyTomcat\webapps\j2ee
06 23, 2020 20:56:03 下午 cn.kayleh.diyTomcat.catalina.Context <init>
INFO : Deployment of web application directory D:\project\diyTomcat\webapps\j2ee has finished in 15 ms
06 23, 2020 20:56:03 下午 cn.kayleh.diyTomcat.catalina.Context <init>
INFO : Deploying web application directory D:\project\diyTomcat\webapps\ROOT
06 23, 2020 20:56:03 下午 cn.kayleh.diyTomcat.catalina.Context <init>
INFO : Deployment of web application directory D:\project\diyTomcat\webapps\ROOT has finished in 1 ms
06 23, 2020 20:56:03 下午 cn.kayleh.diyTomcat.catalina.Context <init>
INFO : Deploying web application directory d:/project/diyTomcat/b
06 23, 2020 20:56:03 下午 cn.kayleh.diyTomcat.catalina.Context <init>
INFO : Deployment of web application directory d:/project/diyTomcat/b has finished in 1 ms
06 23, 2020 20:56:03 下午 cn.kayleh.diyTomcat.catalina.Context <init>
INFO : Deploying web application directory d:/project/javaee/web
06 23, 2020 20:56:03 下午 cn.kayleh.diyTomcat.catalina.Context <init>
INFO : Deployment of web application directory d:/project/javaee/web has finished in 16 ms
06 23, 2020 20:56:03 下午 cn.kayleh.diyTomcat.catalina.Server logJVM
INFO : Server version:		Kayleh DiyTomcat/1.0.1
06 23, 2020 20:56:03 下午 cn.kayleh.diyTomcat.catalina.Server logJVM
INFO : Server built:		2020-06-11 15:55:01
06 23, 2020 20:56:03 下午 cn.kayleh.diyTomcat.catalina.Server logJVM
INFO : Server number:		1.0.1
06 23, 2020 20:56:03 下午 cn.kayleh.diyTomcat.catalina.Server logJVM
INFO : OS Name	:		Windows 10
06 23, 2020 20:56:03 下午 cn.kayleh.diyTomcat.catalina.Server logJVM
INFO : OS Version:		10.0
06 23, 2020 20:56:03 下午 cn.kayleh.diyTomcat.catalina.Server logJVM
INFO : Architecture:		amd64
06 23, 2020 20:56:03 下午 cn.kayleh.diyTomcat.catalina.Server logJVM
INFO : Java Home:		D:\jdk\jre
06 23, 2020 20:56:03 下午 cn.kayleh.diyTomcat.catalina.Server logJVM
INFO : JVM Version:		1.8.0_181-b13
06 23, 2020 20:56:03 下午 cn.kayleh.diyTomcat.catalina.Server logJVM
INFO : JVM Vendor:		Oracle Corporation
06 23, 2020 20:56:03 下午 cn.kayleh.diyTomcat.catalina.Connector init
INFO : Initializing ProtocolHandler [http-bio-8888]
06 23, 2020 20:56:03 下午 cn.kayleh.diyTomcat.catalina.Connector init
INFO : Initializing ProtocolHandler [http-bio-7777]
06 23, 2020 20:56:03 下午 cn.kayleh.diyTomcat.catalina.Connector init
INFO : Initializing ProtocolHandler [http-bio-6666]
06 23, 2020 20:56:03 下午 cn.kayleh.diyTomcat.catalina.Service init
INFO : Initialization processed in 1 ms
06 23, 2020 20:56:03 下午 cn.kayleh.diyTomcat.catalina.Connector start
INFO : Starting ProtocolHandler [http-bio-8888]
06 23, 2020 20:56:03 下午 cn.kayleh.diyTomcat.catalina.Connector start
INFO : Starting ProtocolHandler [http-bio-7777]
06 23, 2020 20:56:03 下午 cn.kayleh.diyTomcat.catalina.Connector start
INFO : Starting ProtocolHandler [http-bio-6666]
06 23, 2020 20:56:03 下午 cn.kayleh.diyTomcat.catalina.Server start
INFO : Server startup in 21 ms
06 23, 2020 20:56:13 下午 cn.kayleh.diyTomcat.catalina.HttpProcessor error
ERROR: this is a deliberately created exception
java.lang.RuntimeException: this is a deliberately created exception
	at cn.kayleh.diyTomcat.servlets.DefaultServlet.service(DefaultServlet.java:43)
	at cn.kayleh.diyTomcat.catalina.HttpProcessor.execute(HttpProcessor.java:41)
	at cn.kayleh.diyTomcat.catalina.Connector$1.run(Connector.java:48)
	at java.util.concurrent.ThreadPoolExecutor.runWorker(ThreadPoolExecutor.java:1149)
	at java.util.concurrent.ThreadPoolExecutor$Worker.run(ThreadPoolExecutor.java:624)
	at java.lang.Thread.run(Thread.java:748)
06 23, 2020 20:57:53 下午 cn.kayleh.diyTomcat.watcher.ContextFileChangeWatcher$1 dealWith
INFO : cn.kayleh.diyTomcat.watcher.ContextFileChangeWatcher@2c88e5d5 检测到了Web应用下的重要文件变化 SetCookieServlet.class 
06 23, 2020 20:57:53 下午 cn.kayleh.diyTomcat.catalina.Host reload
INFO : Reloading Context with name [/javaee] has started
06 23, 2020 20:57:53 下午 cn.kayleh.diyTomcat.catalina.Context <init>
INFO : Deploying web application directory d:/project/javaee/web
06 23, 2020 20:57:53 下午 cn.kayleh.diyTomcat.catalina.Context <init>
INFO : Deployment of web application directory d:/project/javaee/web has finished in 8 ms
06 23, 2020 20:57:53 下午 cn.kayleh.diyTomcat.catalina.Host reload
INFO : Reloading Context with name [/javaee] has completed
06 23, 2020 20:57:53 下午 cn.kayleh.diyTomcat.watcher.ContextFileChangeWatcher$1 dealWith
INFO : cn.kayleh.diyTomcat.watcher.ContextFileChangeWatcher@96d8362 检测到了Web应用下的重要文件变化 SetCookieServlet.class 
06 23, 2020 20:57:53 下午 cn.kayleh.diyTomcat.catalina.Host reload
INFO : Reloading Context with name [/javaee] has started
06 23, 2020 20:57:53 下午 cn.kayleh.diyTomcat.catalina.Context <init>
INFO : Deploying web application directory d:/project/javaee/web
06 23, 2020 20:57:53 下午 cn.kayleh.diyTomcat.catalina.Context <init>
INFO : Deployment of web application directory d:/project/javaee/web has finished in 4 ms
06 23, 2020 20:57:53 下午 cn.kayleh.diyTomcat.catalina.Host reload
INFO : Reloading Context with name [/javaee] has completed
06 23, 2020 21:21:20 下午 cn.kayleh.diyTomcat.catalina.Context <init>
INFO : Deploying web application directory D:\project\diyTomcat\webapps\a
06 23, 2020 21:21:20 下午 cn.kayleh.diyTomcat.catalina.Context <init>
INFO : Deployment of web application directory D:\project\diyTomcat\webapps\a has finished in 188 ms
06 23, 2020 21:21:20 下午 cn.kayleh.diyTomcat.catalina.Context <init>
INFO : Deploying web application directory D:\project\diyTomcat\webapps\j2ee
06 23, 2020 21:21:20 下午 cn.kayleh.diyTomcat.catalina.Context <init>
INFO : Deployment of web application directory D:\project\diyTomcat\webapps\j2ee has finished in 19 ms
06 23, 2020 21:21:20 下午 cn.kayleh.diyTomcat.catalina.Context <init>
INFO : Deploying web application directory D:\project\diyTomcat\webapps\ROOT
06 23, 2020 21:21:20 下午 cn.kayleh.diyTomcat.catalina.Context <init>
INFO : Deployment of web application directory D:\project\diyTomcat\webapps\ROOT has finished in 2 ms
06 23, 2020 21:21:20 下午 cn.kayleh.diyTomcat.catalina.Context <init>
INFO : Deploying web application directory d:/project/diyTomcat/b
06 23, 2020 21:21:20 下午 cn.kayleh.diyTomcat.catalina.Context <init>
INFO : Deployment of web application directory d:/project/diyTomcat/b has finished in 2 ms
06 23, 2020 21:21:20 下午 cn.kayleh.diyTomcat.catalina.Context <init>
INFO : Deploying web application directory d:/project/javaee/web
06 23, 2020 21:21:20 下午 cn.kayleh.diyTomcat.catalina.Context <init>
INFO : Deployment of web application directory d:/project/javaee/web has finished in 14 ms
06 23, 2020 21:21:20 下午 cn.kayleh.diyTomcat.catalina.Server logJVM
INFO : Server version:		Kayleh DiyTomcat/1.0.1
06 23, 2020 21:21:20 下午 cn.kayleh.diyTomcat.catalina.Server logJVM
INFO : Server built:		2020-06-11 15:55:01
06 23, 2020 21:21:20 下午 cn.kayleh.diyTomcat.catalina.Server logJVM
INFO : Server number:		1.0.1
06 23, 2020 21:21:20 下午 cn.kayleh.diyTomcat.catalina.Server logJVM
INFO : OS Name	:		Windows 10
06 23, 2020 21:21:20 下午 cn.kayleh.diyTomcat.catalina.Server logJVM
INFO : OS Version:		10.0
06 23, 2020 21:21:20 下午 cn.kayleh.diyTomcat.catalina.Server logJVM
INFO : Architecture:		amd64
06 23, 2020 21:21:20 下午 cn.kayleh.diyTomcat.catalina.Server logJVM
INFO : Java Home:		D:\jdk\jre
06 23, 2020 21:21:20 下午 cn.kayleh.diyTomcat.catalina.Server logJVM
INFO : JVM Version:		1.8.0_181-b13
06 23, 2020 21:21:20 下午 cn.kayleh.diyTomcat.catalina.Server logJVM
INFO : JVM Vendor:		Oracle Corporation
06 23, 2020 21:21:20 下午 cn.kayleh.diyTomcat.catalina.Connector init
INFO : Initializing ProtocolHandler [http-bio-8888]
06 23, 2020 21:21:20 下午 cn.kayleh.diyTomcat.catalina.Connector init
INFO : Initializing ProtocolHandler [http-bio-7777]
06 23, 2020 21:21:20 下午 cn.kayleh.diyTomcat.catalina.Connector init
INFO : Initializing ProtocolHandler [http-bio-6666]
06 23, 2020 21:21:20 下午 cn.kayleh.diyTomcat.catalina.Service init
INFO : Initialization processed in 2 ms
06 23, 2020 21:21:20 下午 cn.kayleh.diyTomcat.catalina.Connector start
INFO : Starting ProtocolHandler [http-bio-8888]
06 23, 2020 21:21:20 下午 cn.kayleh.diyTomcat.catalina.Connector start
INFO : Starting ProtocolHandler [http-bio-7777]
06 23, 2020 21:21:20 下午 cn.kayleh.diyTomcat.catalina.Connector start
INFO : Starting ProtocolHandler [http-bio-6666]
06 23, 2020 21:21:20 下午 cn.kayleh.diyTomcat.catalina.Server start
INFO : Server startup in 10 ms
06 23, 2020 21:42:41 下午 cn.kayleh.diyTomcat.catalina.Context <init>
INFO : Deploying web application directory D:\project\diyTomcat\webapps\a
06 23, 2020 21:42:41 下午 cn.kayleh.diyTomcat.catalina.Context <init>
INFO : Deployment of web application directory D:\project\diyTomcat\webapps\a has finished in 314 ms
06 23, 2020 21:42:41 下午 cn.kayleh.diyTomcat.catalina.Context <init>
INFO : Deploying web application directory D:\project\diyTomcat\webapps\j2ee
06 23, 2020 21:42:41 下午 cn.kayleh.diyTomcat.catalina.Context <init>
INFO : Deployment of web application directory D:\project\diyTomcat\webapps\j2ee has finished in 37 ms
06 23, 2020 21:42:41 下午 cn.kayleh.diyTomcat.catalina.Context <init>
INFO : Deploying web application directory D:\project\diyTomcat\webapps\ROOT
06 23, 2020 21:42:41 下午 cn.kayleh.diyTomcat.catalina.Context <init>
INFO : Deployment of web application directory D:\project\diyTomcat\webapps\ROOT has finished in 3 ms
06 23, 2020 21:42:41 下午 cn.kayleh.diyTomcat.catalina.Context <init>
INFO : Deploying web application directory d:/project/diyTomcat/b
06 23, 2020 21:42:41 下午 cn.kayleh.diyTomcat.catalina.Context <init>
INFO : Deployment of web application directory d:/project/diyTomcat/b has finished in 2 ms
06 23, 2020 21:42:41 下午 cn.kayleh.diyTomcat.catalina.Context <init>
INFO : Deploying web application directory d:/project/javaee/web
06 23, 2020 21:42:41 下午 cn.kayleh.diyTomcat.catalina.Context <init>
INFO : Deployment of web application directory d:/project/javaee/web has finished in 78 ms
06 23, 2020 21:42:41 下午 cn.kayleh.diyTomcat.catalina.Server logJVM
INFO : Server version:		Kayleh DiyTomcat/1.0.1
06 23, 2020 21:42:41 下午 cn.kayleh.diyTomcat.catalina.Server logJVM
INFO : Server built:		2020-06-11 15:55:01
06 23, 2020 21:42:41 下午 cn.kayleh.diyTomcat.catalina.Server logJVM
INFO : Server number:		1.0.1
06 23, 2020 21:42:41 下午 cn.kayleh.diyTomcat.catalina.Server logJVM
INFO : OS Name	:		Windows 10
06 23, 2020 21:42:41 下午 cn.kayleh.diyTomcat.catalina.Server logJVM
INFO : OS Version:		10.0
06 23, 2020 21:42:41 下午 cn.kayleh.diyTomcat.catalina.Server logJVM
INFO : Architecture:		amd64
06 23, 2020 21:42:41 下午 cn.kayleh.diyTomcat.catalina.Server logJVM
INFO : Java Home:		D:\jdk\jre
06 23, 2020 21:42:41 下午 cn.kayleh.diyTomcat.catalina.Server logJVM
INFO : JVM Version:		1.8.0_181-b13
06 23, 2020 21:42:41 下午 cn.kayleh.diyTomcat.catalina.Server logJVM
INFO : JVM Vendor:		Oracle Corporation
06 23, 2020 21:42:41 下午 cn.kayleh.diyTomcat.catalina.Connector init
INFO : Initializing ProtocolHandler [http-bio-8888]
06 23, 2020 21:42:41 下午 cn.kayleh.diyTomcat.catalina.Connector init
INFO : Initializing ProtocolHandler [http-bio-7777]
06 23, 2020 21:42:41 下午 cn.kayleh.diyTomcat.catalina.Connector init
INFO : Initializing ProtocolHandler [http-bio-6666]
06 23, 2020 21:42:41 下午 cn.kayleh.diyTomcat.catalina.Service init
INFO : Initialization processed in 0 ms
06 23, 2020 21:42:41 下午 cn.kayleh.diyTomcat.catalina.Connector start
INFO : Starting ProtocolHandler [http-bio-8888]
06 23, 2020 21:42:41 下午 cn.kayleh.diyTomcat.catalina.Connector start
INFO : Starting ProtocolHandler [http-bio-7777]
06 23, 2020 21:42:41 下午 cn.kayleh.diyTomcat.catalina.Connector start
INFO : Starting ProtocolHandler [http-bio-6666]
06 23, 2020 21:42:41 下午 cn.kayleh.diyTomcat.catalina.Server start
INFO : Server startup in 5 ms
06 23, 2020 21:42:47 下午 cn.kayleh.diyTomcat.catalina.HttpProcessor error
ERROR: this is a deliberately created exception
java.lang.RuntimeException: this is a deliberately created exception
	at cn.kayleh.diyTomcat.servlets.DefaultServlet.service(DefaultServlet.java:43)
	at cn.kayleh.diyTomcat.catalina.HttpProcessor.execute(HttpProcessor.java:41)
	at cn.kayleh.diyTomcat.catalina.Connector$1.run(Connector.java:48)
	at java.util.concurrent.ThreadPoolExecutor.runWorker(ThreadPoolExecutor.java:1149)
	at java.util.concurrent.ThreadPoolExecutor$Worker.run(ThreadPoolExecutor.java:624)
	at java.lang.Thread.run(Thread.java:748)
06 23, 2020 21:48:53 下午 cn.kayleh.diyTomcat.catalina.Context <init>
INFO : Deploying web application directory D:\project\diyTomcat\webapps\a
06 23, 2020 21:48:53 下午 cn.kayleh.diyTomcat.catalina.Context <init>
INFO : Deployment of web application directory D:\project\diyTomcat\webapps\a has finished in 158 ms
06 23, 2020 21:48:53 下午 cn.kayleh.diyTomcat.catalina.Context <init>
INFO : Deploying web application directory D:\project\diyTomcat\webapps\j2ee
06 23, 2020 21:48:53 下午 cn.kayleh.diyTomcat.catalina.Context <init>
INFO : Deployment of web application directory D:\project\diyTomcat\webapps\j2ee has finished in 17 ms
06 23, 2020 21:48:53 下午 cn.kayleh.diyTomcat.catalina.Context <init>
INFO : Deploying web application directory D:\project\diyTomcat\webapps\ROOT
06 23, 2020 21:48:53 下午 cn.kayleh.diyTomcat.catalina.Context <init>
INFO : Deployment of web application directory D:\project\diyTomcat\webapps\ROOT has finished in 2 ms
06 23, 2020 21:48:53 下午 cn.kayleh.diyTomcat.catalina.Context <init>
INFO : Deploying web application directory d:/project/diyTomcat/b
06 23, 2020 21:48:53 下午 cn.kayleh.diyTomcat.catalina.Context <init>
INFO : Deployment of web application directory d:/project/diyTomcat/b has finished in 2 ms
06 23, 2020 21:48:53 下午 cn.kayleh.diyTomcat.catalina.Context <init>
INFO : Deploying web application directory d:/project/javaee/web
06 23, 2020 21:48:53 下午 cn.kayleh.diyTomcat.catalina.Context <init>
INFO : Deployment of web application directory d:/project/javaee/web has finished in 13 ms
06 23, 2020 21:48:53 下午 cn.kayleh.diyTomcat.catalina.Server logJVM
INFO : Server version:		Kayleh DiyTomcat/1.0.1
06 23, 2020 21:48:53 下午 cn.kayleh.diyTomcat.catalina.Server logJVM
INFO : Server built:		2020-06-11 15:55:01
06 23, 2020 21:48:53 下午 cn.kayleh.diyTomcat.catalina.Server logJVM
INFO : Server number:		1.0.1
06 23, 2020 21:48:53 下午 cn.kayleh.diyTomcat.catalina.Server logJVM
INFO : OS Name	:		Windows 10
06 23, 2020 21:48:53 下午 cn.kayleh.diyTomcat.catalina.Server logJVM
INFO : OS Version:		10.0
06 23, 2020 21:48:53 下午 cn.kayleh.diyTomcat.catalina.Server logJVM
INFO : Architecture:		amd64
06 23, 2020 21:48:53 下午 cn.kayleh.diyTomcat.catalina.Server logJVM
INFO : Java Home:		D:\jdk\jre
06 23, 2020 21:48:53 下午 cn.kayleh.diyTomcat.catalina.Server logJVM
INFO : JVM Version:		1.8.0_181-b13
06 23, 2020 21:48:53 下午 cn.kayleh.diyTomcat.catalina.Server logJVM
INFO : JVM Vendor:		Oracle Corporation
06 23, 2020 21:48:53 下午 cn.kayleh.diyTomcat.catalina.Connector init
INFO : Initializing ProtocolHandler [http-bio-8888]
06 23, 2020 21:48:53 下午 cn.kayleh.diyTomcat.catalina.Connector init
INFO : Initializing ProtocolHandler [http-bio-7777]
06 23, 2020 21:48:53 下午 cn.kayleh.diyTomcat.catalina.Connector init
INFO : Initializing ProtocolHandler [http-bio-6666]
06 23, 2020 21:48:53 下午 cn.kayleh.diyTomcat.catalina.Service init
INFO : Initialization processed in 1 ms
06 23, 2020 21:48:53 下午 cn.kayleh.diyTomcat.catalina.Connector start
INFO : Starting ProtocolHandler [http-bio-8888]
06 23, 2020 21:48:53 下午 cn.kayleh.diyTomcat.catalina.Connector start
INFO : Starting ProtocolHandler [http-bio-7777]
06 23, 2020 21:48:53 下午 cn.kayleh.diyTomcat.catalina.Connector start
INFO : Starting ProtocolHandler [http-bio-6666]
06 23, 2020 21:48:53 下午 cn.kayleh.diyTomcat.catalina.Server start
INFO : Server startup in 8 ms
06 23, 2020 21:54:37 下午 cn.kayleh.diyTomcat.watcher.ContextFileChangeWatcher$1 dealWith
INFO : cn.kayleh.diyTomcat.watcher.ContextFileChangeWatcher@1b499767 检测到了Web应用下的重要文件变化 GetCookieServlet.class 
06 23, 2020 21:54:37 下午 cn.kayleh.diyTomcat.catalina.Host reload
INFO : Reloading Context with name [/javaee] has started
06 23, 2020 21:54:37 下午 cn.kayleh.diyTomcat.catalina.Context <init>
INFO : Deploying web application directory d:/project/javaee/web
06 23, 2020 21:54:37 下午 cn.kayleh.diyTomcat.catalina.Context <init>
INFO : Deployment of web application directory d:/project/javaee/web has finished in 10 ms
06 23, 2020 21:54:37 下午 cn.kayleh.diyTomcat.catalina.Host reload
INFO : Reloading Context with name [/javaee] has completed
06 23, 2020 21:54:37 下午 cn.kayleh.diyTomcat.watcher.ContextFileChangeWatcher$1 dealWith
INFO : cn.kayleh.diyTomcat.watcher.ContextFileChangeWatcher@6808cae8 检测到了Web应用下的重要文件变化 GetCookieServlet.class 
06 23, 2020 21:54:37 下午 cn.kayleh.diyTomcat.catalina.Host reload
INFO : Reloading Context with name [/javaee] has started
06 23, 2020 21:54:37 下午 cn.kayleh.diyTomcat.catalina.Context <init>
INFO : Deploying web application directory d:/project/javaee/web
06 23, 2020 21:54:37 下午 cn.kayleh.diyTomcat.catalina.Context <init>
INFO : Deployment of web application directory d:/project/javaee/web has finished in 12 ms
06 23, 2020 21:54:37 下午 cn.kayleh.diyTomcat.catalina.Host reload
INFO : Reloading Context with name [/javaee] has completed
06 23, 2020 21:55:47 下午 cn.kayleh.diyTomcat.watcher.ContextFileChangeWatcher$1 dealWith
INFO : cn.kayleh.diyTomcat.watcher.ContextFileChangeWatcher@701927c4 检测到了Web应用下的重要文件变化 GetCookieServlet.class 
06 23, 2020 21:55:47 下午 cn.kayleh.diyTomcat.catalina.Host reload
INFO : Reloading Context with name [/javaee] has started
06 23, 2020 21:55:47 下午 cn.kayleh.diyTomcat.catalina.Context <init>
INFO : Deploying web application directory d:/project/javaee/web
06 23, 2020 21:55:47 下午 cn.kayleh.diyTomcat.catalina.Context <init>
INFO : Deployment of web application directory d:/project/javaee/web has finished in 13 ms
06 23, 2020 21:55:47 下午 cn.kayleh.diyTomcat.catalina.Host reload
INFO : Reloading Context with name [/javaee] has completed
06 23, 2020 21:55:47 下午 cn.kayleh.diyTomcat.watcher.ContextFileChangeWatcher$1 dealWith
INFO : cn.kayleh.diyTomcat.watcher.ContextFileChangeWatcher@2fd4c765 检测到了Web应用下的重要文件变化 GetCookieServlet.class 
06 23, 2020 21:55:47 下午 cn.kayleh.diyTomcat.catalina.Host reload
INFO : Reloading Context with name [/javaee] has started
06 23, 2020 21:55:47 下午 cn.kayleh.diyTomcat.catalina.Context <init>
INFO : Deploying web application directory d:/project/javaee/web
06 23, 2020 21:55:47 下午 cn.kayleh.diyTomcat.catalina.Context <init>
INFO : Deployment of web application directory d:/project/javaee/web has finished in 3 ms
06 23, 2020 21:55:47 下午 cn.kayleh.diyTomcat.catalina.Host reload
INFO : Reloading Context with name [/javaee] has completed
06 23, 2020 21:56:20 下午 cn.kayleh.diyTomcat.watcher.ContextFileChangeWatcher$1 dealWith
INFO : cn.kayleh.diyTomcat.watcher.ContextFileChangeWatcher@1f2642df 检测到了Web应用下的重要文件变化 GetCookieServlet.class 
06 23, 2020 21:56:20 下午 cn.kayleh.diyTomcat.catalina.Host reload
INFO : Reloading Context with name [/javaee] has started
06 23, 2020 21:56:20 下午 cn.kayleh.diyTomcat.catalina.Context <init>
INFO : Deploying web application directory d:/project/javaee/web
06 23, 2020 21:56:20 下午 cn.kayleh.diyTomcat.catalina.Context <init>
INFO : Deployment of web application directory d:/project/javaee/web has finished in 10 ms
06 23, 2020 21:56:20 下午 cn.kayleh.diyTomcat.catalina.Host reload
INFO : Reloading Context with name [/javaee] has completed
06 23, 2020 21:56:21 下午 cn.kayleh.diyTomcat.watcher.ContextFileChangeWatcher$1 dealWith
INFO : cn.kayleh.diyTomcat.watcher.ContextFileChangeWatcher@65dd19e3 检测到了Web应用下的重要文件变化 GetCookieServlet.class 
06 23, 2020 21:56:21 下午 cn.kayleh.diyTomcat.catalina.Host reload
INFO : Reloading Context with name [/javaee] has started
06 23, 2020 21:56:21 下午 cn.kayleh.diyTomcat.catalina.Context <init>
INFO : Deploying web application directory d:/project/javaee/web
06 23, 2020 21:56:21 下午 cn.kayleh.diyTomcat.catalina.Context <init>
INFO : Deployment of web application directory d:/project/javaee/web has finished in 5 ms
06 23, 2020 21:56:21 下午 cn.kayleh.diyTomcat.catalina.Host reload
INFO : Reloading Context with name [/javaee] has completed
06 23, 2020 21:57:02 下午 cn.kayleh.diyTomcat.watcher.ContextFileChangeWatcher$1 dealWith
INFO : cn.kayleh.diyTomcat.watcher.ContextFileChangeWatcher@37760714 检测到了Web应用下的重要文件变化 GetCookieServlet.class 
06 23, 2020 21:57:02 下午 cn.kayleh.diyTomcat.catalina.Host reload
INFO : Reloading Context with name [/javaee] has started
06 23, 2020 21:57:02 下午 cn.kayleh.diyTomcat.catalina.Context <init>
INFO : Deploying web application directory d:/project/javaee/web
06 23, 2020 21:57:02 下午 cn.kayleh.diyTomcat.catalina.Context <init>
INFO : Deployment of web application directory d:/project/javaee/web has finished in 16 ms
06 23, 2020 21:57:02 下午 cn.kayleh.diyTomcat.catalina.Host reload
INFO : Reloading Context with name [/javaee] has completed
06 23, 2020 21:57:03 下午 cn.kayleh.diyTomcat.watcher.ContextFileChangeWatcher$1 dealWith
INFO : cn.kayleh.diyTomcat.watcher.ContextFileChangeWatcher@38678532 检测到了Web应用下的重要文件变化 GetCookieServlet.class 
06 23, 2020 21:57:03 下午 cn.kayleh.diyTomcat.catalina.Host reload
INFO : Reloading Context with name [/javaee] has started
06 23, 2020 21:57:03 下午 cn.kayleh.diyTomcat.catalina.Context <init>
INFO : Deploying web application directory d:/project/javaee/web
06 23, 2020 21:57:03 下午 cn.kayleh.diyTomcat.catalina.Context <init>
INFO : Deployment of web application directory d:/project/javaee/web has finished in 6 ms
06 23, 2020 21:57:03 下午 cn.kayleh.diyTomcat.catalina.Host reload
INFO : Reloading Context with name [/javaee] has completed
