06 20, 2020 11:00:11 ‰∏äÂçà cn.kayleh.diyTomcat.catalina.Context deploy
INFO : Deploying web application directory D:\project\diyTomcat\webapps\a
06 20, 2020 11:00:11 ‰∏äÂçà cn.kayleh.diyTomcat.catalina.Context deploy
INFO : Deployment of web application directory D:\project\diyTomcat\webapps\a has finished in 200 ms
06 20, 2020 11:00:11 ‰∏äÂçà cn.kayleh.diyTomcat.catalina.Context deploy
INFO : Deploying web application directory D:\project\diyTomcat\webapps\j2ee
06 20, 2020 11:00:11 ‰∏äÂçà cn.kayleh.diyTomcat.catalina.Context deploy
INFO : Deployment of web application directory D:\project\diyTomcat\webapps\j2ee has finished in 5 ms
06 20, 2020 11:00:11 ‰∏äÂçà cn.kayleh.diyTomcat.catalina.Context deploy
INFO : Deploying web application directory D:\project\diyTomcat\webapps\ROOT
06 20, 2020 11:00:11 ‰∏äÂçà cn.kayleh.diyTomcat.catalina.Context deploy
INFO : Deployment of web application directory D:\project\diyTomcat\webapps\ROOT has finished in 1 ms
06 20, 2020 11:00:11 ‰∏äÂçà cn.kayleh.diyTomcat.catalina.Context deploy
INFO : Deploying web application directory d:/project/diyTomcat/b
06 20, 2020 11:00:11 ‰∏äÂçà cn.kayleh.diyTomcat.catalina.Context deploy
INFO : Deployment of web application directory d:/project/diyTomcat/b has finished in 1 ms
06 20, 2020 11:00:11 ‰∏äÂçà cn.kayleh.diyTomcat.catalina.Server logJVM
INFO : Server version:		Kayleh DiyTomcat/1.0.1
06 20, 2020 11:00:11 ‰∏äÂçà cn.kayleh.diyTomcat.catalina.Server logJVM
INFO : Server built:		2020-06-11 15:55:01
06 20, 2020 11:00:11 ‰∏äÂçà cn.kayleh.diyTomcat.catalina.Server logJVM
INFO : Server number:		1.0.1
06 20, 2020 11:00:11 ‰∏äÂçà cn.kayleh.diyTomcat.catalina.Server logJVM
INFO : OS Name	:		Windows 10
06 20, 2020 11:00:11 ‰∏äÂçà cn.kayleh.diyTomcat.catalina.Server logJVM
INFO : OS Version:		10.0
06 20, 2020 11:00:11 ‰∏äÂçà cn.kayleh.diyTomcat.catalina.Server logJVM
INFO : Architecture:		amd64
06 20, 2020 11:00:11 ‰∏äÂçà cn.kayleh.diyTomcat.catalina.Server logJVM
INFO : Java Home:		D:\jdk\jre
06 20, 2020 11:00:11 ‰∏äÂçà cn.kayleh.diyTomcat.catalina.Server logJVM
INFO : JVM Version:		1.8.0_181-b13
06 20, 2020 11:00:11 ‰∏äÂçà cn.kayleh.diyTomcat.catalina.Server logJVM
INFO : JVM Vendor:		Oracle Corporation
06 20, 2020 11:00:11 ‰∏äÂçà cn.kayleh.diyTomcat.catalina.Connector init
INFO : Initializing ProtocolHandler [http-bio-8888]
06 20, 2020 11:00:11 ‰∏äÂçà cn.kayleh.diyTomcat.catalina.Connector init
INFO : Initializing ProtocolHandler [http-bio-7777]
06 20, 2020 11:00:11 ‰∏äÂçà cn.kayleh.diyTomcat.catalina.Connector init
INFO : Initializing ProtocolHandler [http-bio-6666]
06 20, 2020 11:00:11 ‰∏äÂçà cn.kayleh.diyTomcat.catalina.Service init
INFO : Initialization processed in 1 ms
06 20, 2020 11:00:11 ‰∏äÂçà cn.kayleh.diyTomcat.catalina.Connector start
INFO : Starting ProtocolHandler [http-bio-8888]
06 20, 2020 11:00:11 ‰∏äÂçà cn.kayleh.diyTomcat.catalina.Connector start
INFO : Starting ProtocolHandler [http-bio-7777]
06 20, 2020 11:00:11 ‰∏äÂçà cn.kayleh.diyTomcat.catalina.Connector start
INFO : Starting ProtocolHandler [http-bio-6666]
06 20, 2020 11:00:11 ‰∏äÂçà cn.kayleh.diyTomcat.catalina.Server start
INFO : Server startup in 9 ms
06 20, 2020 11:00:22 ‰∏äÂçà cn.kayleh.diyTomcat.catalina.HttpProcessor error
ERROR: InvocationTargetException: null
cn.hutool.core.exceptions.UtilException: InvocationTargetException: null
	at cn.hutool.core.util.ReflectUtil.invoke(ReflectUtil.java:750)
	at cn.hutool.core.util.ReflectUtil.invoke(ReflectUtil.java:770)
	at cn.kayleh.diyTomcat.servlets.InvokerServlet.service(InvokerServlet.java:36)
	at cn.kayleh.diyTomcat.catalina.HttpProcessor.execute(HttpProcessor.java:40)
	at cn.kayleh.diyTomcat.catalina.Connector$1.run(Connector.java:48)
	at java.util.concurrent.ThreadPoolExecutor.runWorker(ThreadPoolExecutor.java:1149)
	at java.util.concurrent.ThreadPoolExecutor$Worker.run(ThreadPoolExecutor.java:624)
	at java.lang.Thread.run(Thread.java:748)
Caused by: java.lang.reflect.InvocationTargetException
	at sun.reflect.NativeMethodAccessorImpl.invoke0(Native Method)
	at sun.reflect.NativeMethodAccessorImpl.invoke(NativeMethodAccessorImpl.java:62)
	at sun.reflect.DelegatingMethodAccessorImpl.invoke(DelegatingMethodAccessorImpl.java:43)
	at java.lang.reflect.Method.invoke(Method.java:498)
	at cn.hutool.core.util.ReflectUtil.invoke(ReflectUtil.java:748)
	... 7 more
Caused by: java.lang.NullPointerException
	at javax.servlet.http.HttpServlet.service(HttpServlet.java:619)
	... 12 more
06 20, 2020 11:00:22 ‰∏äÂçà cn.kayleh.diyTomcat.catalina.HttpProcessor error
ERROR: this is a deliberately created exception
java.lang.Exception: this is a deliberately created exception
	at cn.kayleh.diyTomcat.catalina.HttpProcessor.execute(HttpProcessor.java:46)
	at cn.kayleh.diyTomcat.catalina.Connector$1.run(Connector.java:48)
	at java.util.concurrent.ThreadPoolExecutor.runWorker(ThreadPoolExecutor.java:1149)
	at java.util.concurrent.ThreadPoolExecutor$Worker.run(ThreadPoolExecutor.java:624)
	at java.lang.Thread.run(Thread.java:748)
06 20, 2020 11:01:21 ‰∏äÂçà cn.kayleh.diyTomcat.catalina.HttpProcessor error
ERROR: InvocationTargetException: null
cn.hutool.core.exceptions.UtilException: InvocationTargetException: null
	at cn.hutool.core.util.ReflectUtil.invoke(ReflectUtil.java:750)
	at cn.hutool.core.util.ReflectUtil.invoke(ReflectUtil.java:770)
	at cn.kayleh.diyTomcat.servlets.InvokerServlet.service(InvokerServlet.java:36)
	at cn.kayleh.diyTomcat.catalina.HttpProcessor.execute(HttpProcessor.java:40)
	at cn.kayleh.diyTomcat.catalina.Connector$1.run(Connector.java:48)
	at java.util.concurrent.ThreadPoolExecutor.runWorker(ThreadPoolExecutor.java:1149)
	at java.util.concurrent.ThreadPoolExecutor$Worker.run(ThreadPoolExecutor.java:624)
	at java.lang.Thread.run(Thread.java:748)
Caused by: java.lang.reflect.InvocationTargetException
	at sun.reflect.NativeMethodAccessorImpl.invoke0(Native Method)
	at sun.reflect.NativeMethodAccessorImpl.invoke(NativeMethodAccessorImpl.java:62)
	at sun.reflect.DelegatingMethodAccessorImpl.invoke(DelegatingMethodAccessorImpl.java:43)
	at java.lang.reflect.Method.invoke(Method.java:498)
	at cn.hutool.core.util.ReflectUtil.invoke(ReflectUtil.java:748)
	... 7 more
Caused by: java.lang.NullPointerException
	at javax.servlet.http.HttpServlet.service(HttpServlet.java:619)
	... 12 more
06 20, 2020 11:01:21 ‰∏äÂçà cn.kayleh.diyTomcat.catalina.HttpProcessor error
ERROR: this is a deliberately created exception
java.lang.Exception: this is a deliberately created exception
	at cn.kayleh.diyTomcat.catalina.HttpProcessor.execute(HttpProcessor.java:46)
	at cn.kayleh.diyTomcat.catalina.Connector$1.run(Connector.java:48)
	at java.util.concurrent.ThreadPoolExecutor.runWorker(ThreadPoolExecutor.java:1149)
	at java.util.concurrent.ThreadPoolExecutor$Worker.run(ThreadPoolExecutor.java:624)
	at java.lang.Thread.run(Thread.java:748)
06 20, 2020 11:02:59 ‰∏äÂçà cn.kayleh.diyTomcat.catalina.HttpProcessor error
ERROR: InvocationTargetException: null
cn.hutool.core.exceptions.UtilException: InvocationTargetException: null
	at cn.hutool.core.util.ReflectUtil.invoke(ReflectUtil.java:750)
	at cn.hutool.core.util.ReflectUtil.invoke(ReflectUtil.java:770)
	at cn.kayleh.diyTomcat.servlets.InvokerServlet.service(InvokerServlet.java:36)
	at cn.kayleh.diyTomcat.catalina.HttpProcessor.execute(HttpProcessor.java:40)
	at cn.kayleh.diyTomcat.catalina.Connector$1.run(Connector.java:48)
	at java.util.concurrent.ThreadPoolExecutor.runWorker(ThreadPoolExecutor.java:1149)
	at java.util.concurrent.ThreadPoolExecutor$Worker.run(ThreadPoolExecutor.java:624)
	at java.lang.Thread.run(Thread.java:748)
Caused by: java.lang.reflect.InvocationTargetException
	at sun.reflect.NativeMethodAccessorImpl.invoke0(Native Method)
	at sun.reflect.NativeMethodAccessorImpl.invoke(NativeMethodAccessorImpl.java:62)
	at sun.reflect.DelegatingMethodAccessorImpl.invoke(DelegatingMethodAccessorImpl.java:43)
	at java.lang.reflect.Method.invoke(Method.java:498)
	at cn.hutool.core.util.ReflectUtil.invoke(ReflectUtil.java:748)
	... 7 more
Caused by: java.lang.NullPointerException
	at javax.servlet.http.HttpServlet.service(HttpServlet.java:619)
	... 12 more
06 20, 2020 11:02:59 ‰∏äÂçà cn.kayleh.diyTomcat.catalina.HttpProcessor error
ERROR: this is a deliberately created exception
java.lang.Exception: this is a deliberately created exception
	at cn.kayleh.diyTomcat.catalina.HttpProcessor.execute(HttpProcessor.java:46)
	at cn.kayleh.diyTomcat.catalina.Connector$1.run(Connector.java:48)
	at java.util.concurrent.ThreadPoolExecutor.runWorker(ThreadPoolExecutor.java:1149)
	at java.util.concurrent.ThreadPoolExecutor$Worker.run(ThreadPoolExecutor.java:624)
	at java.lang.Thread.run(Thread.java:748)
06 20, 2020 11:06:26 ‰∏äÂçà cn.kayleh.diyTomcat.catalina.HttpProcessor error
ERROR: InvocationTargetException: null
cn.hutool.core.exceptions.UtilException: InvocationTargetException: null
	at cn.hutool.core.util.ReflectUtil.invoke(ReflectUtil.java:750)
	at cn.hutool.core.util.ReflectUtil.invoke(ReflectUtil.java:770)
	at cn.kayleh.diyTomcat.servlets.InvokerServlet.service(InvokerServlet.java:36)
	at cn.kayleh.diyTomcat.catalina.HttpProcessor.execute(HttpProcessor.java:40)
	at cn.kayleh.diyTomcat.catalina.Connector$1.run(Connector.java:48)
	at java.util.concurrent.ThreadPoolExecutor.runWorker(ThreadPoolExecutor.java:1149)
	at java.util.concurrent.ThreadPoolExecutor$Worker.run(ThreadPoolExecutor.java:624)
	at java.lang.Thread.run(Thread.java:748)
Caused by: java.lang.reflect.InvocationTargetException
	at sun.reflect.NativeMethodAccessorImpl.invoke0(Native Method)
	at sun.reflect.NativeMethodAccessorImpl.invoke(NativeMethodAccessorImpl.java:62)
	at sun.reflect.DelegatingMethodAccessorImpl.invoke(DelegatingMethodAccessorImpl.java:43)
	at java.lang.reflect.Method.invoke(Method.java:498)
	at cn.hutool.core.util.ReflectUtil.invoke(ReflectUtil.java:748)
	... 7 more
Caused by: java.lang.NullPointerException
	at javax.servlet.http.HttpServlet.service(HttpServlet.java:619)
	... 12 more
06 20, 2020 11:06:26 ‰∏äÂçà cn.kayleh.diyTomcat.catalina.HttpProcessor error
ERROR: this is a deliberately created exception
java.lang.Exception: this is a deliberately created exception
	at cn.kayleh.diyTomcat.catalina.HttpProcessor.execute(HttpProcessor.java:46)
	at cn.kayleh.diyTomcat.catalina.Connector$1.run(Connector.java:48)
	at java.util.concurrent.ThreadPoolExecutor.runWorker(ThreadPoolExecutor.java:1149)
	at java.util.concurrent.ThreadPoolExecutor$Worker.run(ThreadPoolExecutor.java:624)
	at java.lang.Thread.run(Thread.java:748)
06 20, 2020 11:06:53 ‰∏äÂçà cn.kayleh.diyTomcat.catalina.HttpProcessor error
ERROR: this is a deliberately created exception
java.lang.Exception: this is a deliberately created exception
	at cn.kayleh.diyTomcat.catalina.HttpProcessor.execute(HttpProcessor.java:46)
	at cn.kayleh.diyTomcat.catalina.Connector$1.run(Connector.java:48)
	at java.util.concurrent.ThreadPoolExecutor.runWorker(ThreadPoolExecutor.java:1149)
	at java.util.concurrent.ThreadPoolExecutor$Worker.run(ThreadPoolExecutor.java:624)
	at java.lang.Thread.run(Thread.java:748)
06 20, 2020 11:06:53 ‰∏äÂçà cn.kayleh.diyTomcat.catalina.HttpProcessor error
ERROR: InvocationTargetException: null
cn.hutool.core.exceptions.UtilException: InvocationTargetException: null
	at cn.hutool.core.util.ReflectUtil.invoke(ReflectUtil.java:750)
	at cn.hutool.core.util.ReflectUtil.invoke(ReflectUtil.java:770)
	at cn.kayleh.diyTomcat.servlets.InvokerServlet.service(InvokerServlet.java:36)
	at cn.kayleh.diyTomcat.catalina.HttpProcessor.execute(HttpProcessor.java:40)
	at cn.kayleh.diyTomcat.catalina.Connector$1.run(Connector.java:48)
	at java.util.concurrent.ThreadPoolExecutor.runWorker(ThreadPoolExecutor.java:1149)
	at java.util.concurrent.ThreadPoolExecutor$Worker.run(ThreadPoolExecutor.java:624)
	at java.lang.Thread.run(Thread.java:748)
Caused by: java.lang.reflect.InvocationTargetException
	at sun.reflect.NativeMethodAccessorImpl.invoke0(Native Method)
	at sun.reflect.NativeMethodAccessorImpl.invoke(NativeMethodAccessorImpl.java:62)
	at sun.reflect.DelegatingMethodAccessorImpl.invoke(DelegatingMethodAccessorImpl.java:43)
	at java.lang.reflect.Method.invoke(Method.java:498)
	at cn.hutool.core.util.ReflectUtil.invoke(ReflectUtil.java:748)
	... 7 more
Caused by: java.lang.NullPointerException
	at javax.servlet.http.HttpServlet.service(HttpServlet.java:619)
	... 12 more
06 20, 2020 11:11:24 ‰∏äÂçà cn.kayleh.diyTomcat.catalina.HttpProcessor error
ERROR: InvocationTargetException: null
cn.hutool.core.exceptions.UtilException: InvocationTargetException: null
	at cn.hutool.core.util.ReflectUtil.invoke(ReflectUtil.java:750)
	at cn.hutool.core.util.ReflectUtil.invoke(ReflectUtil.java:770)
	at cn.kayleh.diyTomcat.servlets.InvokerServlet.service(InvokerServlet.java:36)
	at cn.kayleh.diyTomcat.catalina.HttpProcessor.execute(HttpProcessor.java:40)
	at cn.kayleh.diyTomcat.catalina.Connector$1.run(Connector.java:48)
	at java.util.concurrent.ThreadPoolExecutor.runWorker(ThreadPoolExecutor.java:1149)
	at java.util.concurrent.ThreadPoolExecutor$Worker.run(ThreadPoolExecutor.java:624)
	at java.lang.Thread.run(Thread.java:748)
Caused by: java.lang.reflect.InvocationTargetException
	at sun.reflect.NativeMethodAccessorImpl.invoke0(Native Method)
	at sun.reflect.NativeMethodAccessorImpl.invoke(NativeMethodAccessorImpl.java:62)
	at sun.reflect.DelegatingMethodAccessorImpl.invoke(DelegatingMethodAccessorImpl.java:43)
	at java.lang.reflect.Method.invoke(Method.java:498)
	at cn.hutool.core.util.ReflectUtil.invoke(ReflectUtil.java:748)
	... 7 more
Caused by: java.lang.NullPointerException
	at javax.servlet.http.HttpServlet.service(HttpServlet.java:619)
	... 12 more
06 20, 2020 11:11:24 ‰∏äÂçà cn.kayleh.diyTomcat.catalina.HttpProcessor error
ERROR: this is a deliberately created exception
java.lang.Exception: this is a deliberately created exception
	at cn.kayleh.diyTomcat.catalina.HttpProcessor.execute(HttpProcessor.java:46)
	at cn.kayleh.diyTomcat.catalina.Connector$1.run(Connector.java:48)
	at java.util.concurrent.ThreadPoolExecutor.runWorker(ThreadPoolExecutor.java:1149)
	at java.util.concurrent.ThreadPoolExecutor$Worker.run(ThreadPoolExecutor.java:624)
	at java.lang.Thread.run(Thread.java:748)
06 20, 2020 11:13:49 ‰∏äÂçà cn.kayleh.diyTomcat.catalina.Context deploy
INFO : Deploying web application directory D:\project\diyTomcat\webapps\a
06 20, 2020 11:13:49 ‰∏äÂçà cn.kayleh.diyTomcat.catalina.Context deploy
INFO : Deployment of web application directory D:\project\diyTomcat\webapps\a has finished in 115 ms
06 20, 2020 11:13:49 ‰∏äÂçà cn.kayleh.diyTomcat.catalina.Context deploy
INFO : Deploying web application directory D:\project\diyTomcat\webapps\j2ee
06 20, 2020 11:13:49 ‰∏äÂçà cn.kayleh.diyTomcat.catalina.Context deploy
INFO : Deployment of web application directory D:\project\diyTomcat\webapps\j2ee has finished in 4 ms
06 20, 2020 11:13:49 ‰∏äÂçà cn.kayleh.diyTomcat.catalina.Context deploy
INFO : Deploying web application directory D:\project\diyTomcat\webapps\ROOT
06 20, 2020 11:13:49 ‰∏äÂçà cn.kayleh.diyTomcat.catalina.Context deploy
INFO : Deployment of web application directory D:\project\diyTomcat\webapps\ROOT has finished in 1 ms
06 20, 2020 11:13:49 ‰∏äÂçà cn.kayleh.diyTomcat.catalina.Context deploy
INFO : Deploying web application directory d:/project/diyTomcat/b
06 20, 2020 11:13:49 ‰∏äÂçà cn.kayleh.diyTomcat.catalina.Context deploy
INFO : Deployment of web application directory d:/project/diyTomcat/b has finished in 0 ms
06 20, 2020 11:13:49 ‰∏äÂçà cn.kayleh.diyTomcat.catalina.Server logJVM
INFO : Server version:		Kayleh DiyTomcat/1.0.1
06 20, 2020 11:13:49 ‰∏äÂçà cn.kayleh.diyTomcat.catalina.Server logJVM
INFO : Server built:		2020-06-11 15:55:01
06 20, 2020 11:13:49 ‰∏äÂçà cn.kayleh.diyTomcat.catalina.Server logJVM
INFO : Server number:		1.0.1
06 20, 2020 11:13:49 ‰∏äÂçà cn.kayleh.diyTomcat.catalina.Server logJVM
INFO : OS Name	:		Windows 10
06 20, 2020 11:13:49 ‰∏äÂçà cn.kayleh.diyTomcat.catalina.Server logJVM
INFO : OS Version:		10.0
06 20, 2020 11:13:49 ‰∏äÂçà cn.kayleh.diyTomcat.catalina.Server logJVM
INFO : Architecture:		amd64
06 20, 2020 11:13:49 ‰∏äÂçà cn.kayleh.diyTomcat.catalina.Server logJVM
INFO : Java Home:		D:\jdk\jre
06 20, 2020 11:13:49 ‰∏äÂçà cn.kayleh.diyTomcat.catalina.Server logJVM
INFO : JVM Version:		1.8.0_181-b13
06 20, 2020 11:13:49 ‰∏äÂçà cn.kayleh.diyTomcat.catalina.Server logJVM
INFO : JVM Vendor:		Oracle Corporation
06 20, 2020 11:13:49 ‰∏äÂçà cn.kayleh.diyTomcat.catalina.Connector init
INFO : Initializing ProtocolHandler [http-bio-8888]
06 20, 2020 11:13:49 ‰∏äÂçà cn.kayleh.diyTomcat.catalina.Connector init
INFO : Initializing ProtocolHandler [http-bio-7777]
06 20, 2020 11:13:49 ‰∏äÂçà cn.kayleh.diyTomcat.catalina.Connector init
INFO : Initializing ProtocolHandler [http-bio-6666]
06 20, 2020 11:13:49 ‰∏äÂçà cn.kayleh.diyTomcat.catalina.Service init
INFO : Initialization processed in 1 ms
06 20, 2020 11:13:49 ‰∏äÂçà cn.kayleh.diyTomcat.catalina.Connector start
INFO : Starting ProtocolHandler [http-bio-8888]
06 20, 2020 11:13:49 ‰∏äÂçà cn.kayleh.diyTomcat.catalina.Connector start
INFO : Starting ProtocolHandler [http-bio-7777]
06 20, 2020 11:13:49 ‰∏äÂçà cn.kayleh.diyTomcat.catalina.Connector start
INFO : Starting ProtocolHandler [http-bio-6666]
06 20, 2020 11:13:49 ‰∏äÂçà cn.kayleh.diyTomcat.catalina.Server start
INFO : Server startup in 8 ms
06 20, 2020 11:13:54 ‰∏äÂçà cn.kayleh.diyTomcat.catalina.HttpProcessor error
ERROR: this is a deliberately created exception
java.lang.Exception: this is a deliberately created exception
	at cn.kayleh.diyTomcat.catalina.HttpProcessor.execute(HttpProcessor.java:46)
	at cn.kayleh.diyTomcat.catalina.Connector$1.run(Connector.java:48)
	at java.util.concurrent.ThreadPoolExecutor.runWorker(ThreadPoolExecutor.java:1149)
	at java.util.concurrent.ThreadPoolExecutor$Worker.run(ThreadPoolExecutor.java:624)
	at java.lang.Thread.run(Thread.java:748)
06 20, 2020 13:29:51 ‰∏ãÂçà cn.kayleh.diyTomcat.catalina.HttpProcessor error
ERROR: this is a deliberately created exception
java.lang.Exception: this is a deliberately created exception
	at cn.kayleh.diyTomcat.catalina.HttpProcessor.execute(HttpProcessor.java:46)
	at cn.kayleh.diyTomcat.catalina.Connector$1.run(Connector.java:48)
	at java.util.concurrent.ThreadPoolExecutor.runWorker(ThreadPoolExecutor.java:1149)
	at java.util.concurrent.ThreadPoolExecutor$Worker.run(ThreadPoolExecutor.java:624)
	at java.lang.Thread.run(Thread.java:748)
06 20, 2020 13:30:01 ‰∏ãÂçà cn.kayleh.diyTomcat.catalina.Context deploy
INFO : Deploying web application directory D:\project\diyTomcat\webapps\a
06 20, 2020 13:30:01 ‰∏ãÂçà cn.kayleh.diyTomcat.catalina.Context deploy
INFO : Deployment of web application directory D:\project\diyTomcat\webapps\a has finished in 96 ms
06 20, 2020 13:30:01 ‰∏ãÂçà cn.kayleh.diyTomcat.catalina.Context deploy
INFO : Deploying web application directory D:\project\diyTomcat\webapps\j2ee
06 20, 2020 13:30:01 ‰∏ãÂçà cn.kayleh.diyTomcat.catalina.Context deploy
INFO : Deployment of web application directory D:\project\diyTomcat\webapps\j2ee has finished in 5 ms
06 20, 2020 13:30:01 ‰∏ãÂçà cn.kayleh.diyTomcat.catalina.Context deploy
INFO : Deploying web application directory D:\project\diyTomcat\webapps\ROOT
06 20, 2020 13:30:01 ‰∏ãÂçà cn.kayleh.diyTomcat.catalina.Context deploy
INFO : Deployment of web application directory D:\project\diyTomcat\webapps\ROOT has finished in 1 ms
06 20, 2020 13:30:01 ‰∏ãÂçà cn.kayleh.diyTomcat.catalina.Context deploy
INFO : Deploying web application directory d:/project/diyTomcat/b
06 20, 2020 13:30:01 ‰∏ãÂçà cn.kayleh.diyTomcat.catalina.Context deploy
INFO : Deployment of web application directory d:/project/diyTomcat/b has finished in 0 ms
06 20, 2020 13:30:01 ‰∏ãÂçà cn.kayleh.diyTomcat.catalina.Server logJVM
INFO : Server version:		Kayleh DiyTomcat/1.0.1
06 20, 2020 13:30:01 ‰∏ãÂçà cn.kayleh.diyTomcat.catalina.Server logJVM
INFO : Server built:		2020-06-11 15:55:01
06 20, 2020 13:30:01 ‰∏ãÂçà cn.kayleh.diyTomcat.catalina.Server logJVM
INFO : Server number:		1.0.1
06 20, 2020 13:30:01 ‰∏ãÂçà cn.kayleh.diyTomcat.catalina.Server logJVM
INFO : OS Name	:		Windows 10
06 20, 2020 13:30:01 ‰∏ãÂçà cn.kayleh.diyTomcat.catalina.Server logJVM
INFO : OS Version:		10.0
06 20, 2020 13:30:01 ‰∏ãÂçà cn.kayleh.diyTomcat.catalina.Server logJVM
INFO : Architecture:		amd64
06 20, 2020 13:30:01 ‰∏ãÂçà cn.kayleh.diyTomcat.catalina.Server logJVM
INFO : Java Home:		D:\jdk\jre
06 20, 2020 13:30:01 ‰∏ãÂçà cn.kayleh.diyTomcat.catalina.Server logJVM
INFO : JVM Version:		1.8.0_181-b13
06 20, 2020 13:30:01 ‰∏ãÂçà cn.kayleh.diyTomcat.catalina.Server logJVM
INFO : JVM Vendor:		Oracle Corporation
06 20, 2020 13:30:01 ‰∏ãÂçà cn.kayleh.diyTomcat.catalina.Connector init
INFO : Initializing ProtocolHandler [http-bio-8888]
06 20, 2020 13:30:01 ‰∏ãÂçà cn.kayleh.diyTomcat.catalina.Connector init
INFO : Initializing ProtocolHandler [http-bio-7777]
06 20, 2020 13:30:01 ‰∏ãÂçà cn.kayleh.diyTomcat.catalina.Connector init
INFO : Initializing ProtocolHandler [http-bio-6666]
06 20, 2020 13:30:01 ‰∏ãÂçà cn.kayleh.diyTomcat.catalina.Service init
INFO : Initialization processed in 1 ms
06 20, 2020 13:30:01 ‰∏ãÂçà cn.kayleh.diyTomcat.catalina.Connector start
INFO : Starting ProtocolHandler [http-bio-8888]
06 20, 2020 13:30:01 ‰∏ãÂçà cn.kayleh.diyTomcat.catalina.Connector start
INFO : Starting ProtocolHandler [http-bio-7777]
06 20, 2020 13:30:01 ‰∏ãÂçà cn.kayleh.diyTomcat.catalina.Connector start
INFO : Starting ProtocolHandler [http-bio-6666]
06 20, 2020 13:30:01 ‰∏ãÂçà cn.kayleh.diyTomcat.catalina.Server start
INFO : Server startup in 5 ms
06 20, 2020 13:30:05 ‰∏ãÂçà cn.kayleh.diyTomcat.catalina.HttpProcessor error
ERROR: this is a deliberately created exception
java.lang.RuntimeException: this is a deliberately created exception
	at cn.kayleh.diyTomcat.servlets.DefaultServlet.service(DefaultServlet.java:44)
	at cn.kayleh.diyTomcat.catalina.HttpProcessor.execute(HttpProcessor.java:46)
	at cn.kayleh.diyTomcat.catalina.Connector$1.run(Connector.java:48)
	at java.util.concurrent.ThreadPoolExecutor.runWorker(ThreadPoolExecutor.java:1149)
	at java.util.concurrent.ThreadPoolExecutor$Worker.run(ThreadPoolExecutor.java:624)
	at java.lang.Thread.run(Thread.java:748)
06 20, 2020 18:13:55 ‰∏ãÂçà cn.kayleh.diyTomcat.catalina.Context deploy
INFO : Deploying web application directory D:\project\diyTomcat\webapps\a
06 20, 2020 18:13:55 ‰∏ãÂçà cn.kayleh.diyTomcat.catalina.Context deploy
INFO : Deployment of web application directory D:\project\diyTomcat\webapps\a has finished in 222 ms
06 20, 2020 18:13:55 ‰∏ãÂçà cn.kayleh.diyTomcat.catalina.Context deploy
INFO : Deploying web application directory D:\project\diyTomcat\webapps\j2ee
06 20, 2020 18:13:55 ‰∏ãÂçà cn.kayleh.diyTomcat.catalina.Context deploy
INFO : Deployment of web application directory D:\project\diyTomcat\webapps\j2ee has finished in 79 ms
06 20, 2020 18:13:55 ‰∏ãÂçà cn.kayleh.diyTomcat.catalina.Context deploy
INFO : Deploying web application directory D:\project\diyTomcat\webapps\ROOT
06 20, 2020 18:13:55 ‰∏ãÂçà cn.kayleh.diyTomcat.catalina.Context deploy
INFO : Deployment of web application directory D:\project\diyTomcat\webapps\ROOT has finished in 30 ms
06 20, 2020 18:13:55 ‰∏ãÂçà cn.kayleh.diyTomcat.catalina.Context deploy
INFO : Deploying web application directory d:/project/diyTomcat/b
06 20, 2020 18:13:55 ‰∏ãÂçà cn.kayleh.diyTomcat.catalina.Context deploy
INFO : Deployment of web application directory d:/project/diyTomcat/b has finished in 1 ms
06 20, 2020 18:13:55 ‰∏ãÂçà cn.kayleh.diyTomcat.catalina.Server logJVM
INFO : Server version:		Kayleh DiyTomcat/1.0.1
06 20, 2020 18:13:55 ‰∏ãÂçà cn.kayleh.diyTomcat.catalina.Server logJVM
INFO : Server built:		2020-06-11 15:55:01
06 20, 2020 18:13:55 ‰∏ãÂçà cn.kayleh.diyTomcat.catalina.Server logJVM
INFO : Server number:		1.0.1
06 20, 2020 18:13:55 ‰∏ãÂçà cn.kayleh.diyTomcat.catalina.Server logJVM
INFO : OS Name	:		Windows 10
06 20, 2020 18:13:55 ‰∏ãÂçà cn.kayleh.diyTomcat.catalina.Server logJVM
INFO : OS Version:		10.0
06 20, 2020 18:13:55 ‰∏ãÂçà cn.kayleh.diyTomcat.catalina.Server logJVM
INFO : Architecture:		amd64
06 20, 2020 18:13:55 ‰∏ãÂçà cn.kayleh.diyTomcat.catalina.Server logJVM
INFO : Java Home:		D:\jdk\jre
06 20, 2020 18:13:55 ‰∏ãÂçà cn.kayleh.diyTomcat.catalina.Server logJVM
INFO : JVM Version:		1.8.0_181-b13
06 20, 2020 18:13:55 ‰∏ãÂçà cn.kayleh.diyTomcat.catalina.Server logJVM
INFO : JVM Vendor:		Oracle Corporation
06 20, 2020 18:13:55 ‰∏ãÂçà cn.kayleh.diyTomcat.catalina.Connector init
INFO : Initializing ProtocolHandler [http-bio-8888]
06 20, 2020 18:13:55 ‰∏ãÂçà cn.kayleh.diyTomcat.catalina.Connector init
INFO : Initializing ProtocolHandler [http-bio-7777]
06 20, 2020 18:13:55 ‰∏ãÂçà cn.kayleh.diyTomcat.catalina.Connector init
INFO : Initializing ProtocolHandler [http-bio-6666]
06 20, 2020 18:13:55 ‰∏ãÂçà cn.kayleh.diyTomcat.catalina.Service init
INFO : Initialization processed in 1 ms
06 20, 2020 18:13:55 ‰∏ãÂçà cn.kayleh.diyTomcat.catalina.Connector start
INFO : Starting ProtocolHandler [http-bio-8888]
06 20, 2020 18:13:55 ‰∏ãÂçà cn.kayleh.diyTomcat.catalina.Connector start
INFO : Starting ProtocolHandler [http-bio-7777]
06 20, 2020 18:13:55 ‰∏ãÂçà cn.kayleh.diyTomcat.catalina.Connector start
INFO : Starting ProtocolHandler [http-bio-6666]
06 20, 2020 18:13:55 ‰∏ãÂçà cn.kayleh.diyTomcat.catalina.Server start
INFO : Server startup in 36 ms
06 20, 2020 18:14:20 ‰∏ãÂçà cn.kayleh.diyTomcat.catalina.Context deploy
INFO : Deploying web application directory D:\project\diyTomcat\webapps\a
06 20, 2020 18:14:20 ‰∏ãÂçà cn.kayleh.diyTomcat.catalina.Context deploy
INFO : Deployment of web application directory D:\project\diyTomcat\webapps\a has finished in 117 ms
06 20, 2020 18:14:20 ‰∏ãÂçà cn.kayleh.diyTomcat.catalina.Context deploy
INFO : Deploying web application directory D:\project\diyTomcat\webapps\j2ee
06 20, 2020 18:14:20 ‰∏ãÂçà cn.kayleh.diyTomcat.catalina.Context deploy
INFO : Deployment of web application directory D:\project\diyTomcat\webapps\j2ee has finished in 7 ms
06 20, 2020 18:14:20 ‰∏ãÂçà cn.kayleh.diyTomcat.catalina.Context deploy
INFO : Deploying web application directory D:\project\diyTomcat\webapps\ROOT
06 20, 2020 18:14:20 ‰∏ãÂçà cn.kayleh.diyTomcat.catalina.Context deploy
INFO : Deployment of web application directory D:\project\diyTomcat\webapps\ROOT has finished in 1 ms
06 20, 2020 18:14:20 ‰∏ãÂçà cn.kayleh.diyTomcat.catalina.Context deploy
INFO : Deploying web application directory d:/project/diyTomcat/b
06 20, 2020 18:14:20 ‰∏ãÂçà cn.kayleh.diyTomcat.catalina.Context deploy
INFO : Deployment of web application directory d:/project/diyTomcat/b has finished in 1 ms
06 20, 2020 18:14:20 ‰∏ãÂçà cn.kayleh.diyTomcat.catalina.Server logJVM
INFO : Server version:		Kayleh DiyTomcat/1.0.1
06 20, 2020 18:14:20 ‰∏ãÂçà cn.kayleh.diyTomcat.catalina.Server logJVM
INFO : Server built:		2020-06-11 15:55:01
06 20, 2020 18:14:20 ‰∏ãÂçà cn.kayleh.diyTomcat.catalina.Server logJVM
INFO : Server number:		1.0.1
06 20, 2020 18:14:20 ‰∏ãÂçà cn.kayleh.diyTomcat.catalina.Server logJVM
INFO : OS Name	:		Windows 10
06 20, 2020 18:14:20 ‰∏ãÂçà cn.kayleh.diyTomcat.catalina.Server logJVM
INFO : OS Version:		10.0
06 20, 2020 18:14:20 ‰∏ãÂçà cn.kayleh.diyTomcat.catalina.Server logJVM
INFO : Architecture:		amd64
06 20, 2020 18:14:20 ‰∏ãÂçà cn.kayleh.diyTomcat.catalina.Server logJVM
INFO : Java Home:		D:\jdk\jre
06 20, 2020 18:14:20 ‰∏ãÂçà cn.kayleh.diyTomcat.catalina.Server logJVM
INFO : JVM Version:		1.8.0_181-b13
06 20, 2020 18:14:20 ‰∏ãÂçà cn.kayleh.diyTomcat.catalina.Server logJVM
INFO : JVM Vendor:		Oracle Corporation
06 20, 2020 18:14:20 ‰∏ãÂçà cn.kayleh.diyTomcat.catalina.Connector init
INFO : Initializing ProtocolHandler [http-bio-8888]
06 20, 2020 18:14:20 ‰∏ãÂçà cn.kayleh.diyTomcat.catalina.Connector init
INFO : Initializing ProtocolHandler [http-bio-7777]
06 20, 2020 18:14:20 ‰∏ãÂçà cn.kayleh.diyTomcat.catalina.Connector init
INFO : Initializing ProtocolHandler [http-bio-6666]
06 20, 2020 18:14:20 ‰∏ãÂçà cn.kayleh.diyTomcat.catalina.Service init
INFO : Initialization processed in 1 ms
06 20, 2020 18:14:20 ‰∏ãÂçà cn.kayleh.diyTomcat.catalina.Connector start
INFO : Starting ProtocolHandler [http-bio-8888]
06 20, 2020 18:14:20 ‰∏ãÂçà cn.kayleh.diyTomcat.catalina.Connector start
INFO : Starting ProtocolHandler [http-bio-7777]
06 20, 2020 18:14:20 ‰∏ãÂçà cn.kayleh.diyTomcat.catalina.Connector start
INFO : Starting ProtocolHandler [http-bio-6666]
06 20, 2020 18:14:20 ‰∏ãÂçà cn.kayleh.diyTomcat.catalina.Server start
INFO : Server startup in 8 ms
06 20, 2020 18:16:17 ‰∏ãÂçà cn.kayleh.diyTomcat.catalina.Context deploy
INFO : Deploying web application directory D:\project\diyTomcat\webapps\a
06 20, 2020 18:16:17 ‰∏ãÂçà cn.kayleh.diyTomcat.catalina.Context deploy
INFO : Deployment of web application directory D:\project\diyTomcat\webapps\a has finished in 143 ms
06 20, 2020 18:16:17 ‰∏ãÂçà cn.kayleh.diyTomcat.catalina.Context deploy
INFO : Deploying web application directory D:\project\diyTomcat\webapps\j2ee
06 20, 2020 18:16:17 ‰∏ãÂçà cn.kayleh.diyTomcat.catalina.Context deploy
INFO : Deployment of web application directory D:\project\diyTomcat\webapps\j2ee has finished in 9 ms
06 20, 2020 18:16:17 ‰∏ãÂçà cn.kayleh.diyTomcat.catalina.Context deploy
INFO : Deploying web application directory D:\project\diyTomcat\webapps\ROOT
06 20, 2020 18:16:17 ‰∏ãÂçà cn.kayleh.diyTomcat.catalina.Context deploy
INFO : Deployment of web application directory D:\project\diyTomcat\webapps\ROOT has finished in 1 ms
06 20, 2020 18:16:17 ‰∏ãÂçà cn.kayleh.diyTomcat.catalina.Context deploy
INFO : Deploying web application directory d:/project/diyTomcat/b
06 20, 2020 18:16:17 ‰∏ãÂçà cn.kayleh.diyTomcat.catalina.Context deploy
INFO : Deployment of web application directory d:/project/diyTomcat/b has finished in 1 ms
06 20, 2020 18:16:17 ‰∏ãÂçà cn.kayleh.diyTomcat.catalina.Server logJVM
INFO : Server version:		Kayleh DiyTomcat/1.0.1
06 20, 2020 18:16:17 ‰∏ãÂçà cn.kayleh.diyTomcat.catalina.Server logJVM
INFO : Server built:		2020-06-11 15:55:01
06 20, 2020 18:16:17 ‰∏ãÂçà cn.kayleh.diyTomcat.catalina.Server logJVM
INFO : Server number:		1.0.1
06 20, 2020 18:16:17 ‰∏ãÂçà cn.kayleh.diyTomcat.catalina.Server logJVM
INFO : OS Name	:		Windows 10
06 20, 2020 18:16:17 ‰∏ãÂçà cn.kayleh.diyTomcat.catalina.Server logJVM
INFO : OS Version:		10.0
06 20, 2020 18:16:17 ‰∏ãÂçà cn.kayleh.diyTomcat.catalina.Server logJVM
INFO : Architecture:		amd64
06 20, 2020 18:16:17 ‰∏ãÂçà cn.kayleh.diyTomcat.catalina.Server logJVM
INFO : Java Home:		D:\jdk\jre
06 20, 2020 18:16:17 ‰∏ãÂçà cn.kayleh.diyTomcat.catalina.Server logJVM
INFO : JVM Version:		1.8.0_181-b13
06 20, 2020 18:16:17 ‰∏ãÂçà cn.kayleh.diyTomcat.catalina.Server logJVM
INFO : JVM Vendor:		Oracle Corporation
06 20, 2020 18:16:17 ‰∏ãÂçà cn.kayleh.diyTomcat.catalina.Connector init
INFO : Initializing ProtocolHandler [http-bio-8888]
06 20, 2020 18:16:17 ‰∏ãÂçà cn.kayleh.diyTomcat.catalina.Connector init
INFO : Initializing ProtocolHandler [http-bio-7777]
06 20, 2020 18:16:17 ‰∏ãÂçà cn.kayleh.diyTomcat.catalina.Connector init
INFO : Initializing ProtocolHandler [http-bio-6666]
06 20, 2020 18:16:17 ‰∏ãÂçà cn.kayleh.diyTomcat.catalina.Service init
INFO : Initialization processed in 1 ms
06 20, 2020 18:16:17 ‰∏ãÂçà cn.kayleh.diyTomcat.catalina.Connector start
INFO : Starting ProtocolHandler [http-bio-8888]
06 20, 2020 18:16:17 ‰∏ãÂçà cn.kayleh.diyTomcat.catalina.Connector start
INFO : Starting ProtocolHandler [http-bio-7777]
06 20, 2020 18:16:17 ‰∏ãÂçà cn.kayleh.diyTomcat.catalina.Connector start
INFO : Starting ProtocolHandler [http-bio-6666]
06 20, 2020 18:16:17 ‰∏ãÂçà cn.kayleh.diyTomcat.catalina.Server start
INFO : Server startup in 8 ms
06 20, 2020 20:31:40 œ¬ŒÁ cn.kayleh.diyTomcat.catalina.Context deploy
INFO : Deploying web application directory D:\project\diyTomcat\webapps\a
06 20, 2020 20:31:40 œ¬ŒÁ cn.kayleh.diyTomcat.catalina.Context deploy
INFO : Deployment of web application directory D:\project\diyTomcat\webapps\a has finished in 143 ms
06 20, 2020 20:31:40 œ¬ŒÁ cn.kayleh.diyTomcat.catalina.Context deploy
INFO : Deploying web application directory D:\project\diyTomcat\webapps\j2ee
06 20, 2020 20:31:40 œ¬ŒÁ cn.kayleh.diyTomcat.catalina.Context deploy
INFO : Deployment of web application directory D:\project\diyTomcat\webapps\j2ee has finished in 13 ms
06 20, 2020 20:31:40 œ¬ŒÁ cn.kayleh.diyTomcat.catalina.Context deploy
INFO : Deploying web application directory D:\project\diyTomcat\webapps\ROOT
06 20, 2020 20:31:40 œ¬ŒÁ cn.kayleh.diyTomcat.catalina.Context deploy
INFO : Deployment of web application directory D:\project\diyTomcat\webapps\ROOT has finished in 3 ms
06 20, 2020 20:31:40 œ¬ŒÁ cn.kayleh.diyTomcat.catalina.Context deploy
INFO : Deploying web application directory d:/project/diyTomcat/b
06 20, 2020 20:31:40 œ¬ŒÁ cn.kayleh.diyTomcat.catalina.Context deploy
INFO : Deployment of web application directory d:/project/diyTomcat/b has finished in 1 ms
06 20, 2020 20:31:40 œ¬ŒÁ cn.kayleh.diyTomcat.catalina.Server logJVM
INFO : Server version:		Kayleh DiyTomcat/1.0.1
06 20, 2020 20:31:40 œ¬ŒÁ cn.kayleh.diyTomcat.catalina.Server logJVM
INFO : Server built:		2020-06-11 15:55:01
06 20, 2020 20:31:40 œ¬ŒÁ cn.kayleh.diyTomcat.catalina.Server logJVM
INFO : Server number:		1.0.1
06 20, 2020 20:31:40 œ¬ŒÁ cn.kayleh.diyTomcat.catalina.Server logJVM
INFO : OS Name	:		Windows 10
06 20, 2020 20:31:40 œ¬ŒÁ cn.kayleh.diyTomcat.catalina.Server logJVM
INFO : OS Version:		10.0
06 20, 2020 20:31:40 œ¬ŒÁ cn.kayleh.diyTomcat.catalina.Server logJVM
INFO : Architecture:		amd64
06 20, 2020 20:31:40 œ¬ŒÁ cn.kayleh.diyTomcat.catalina.Server logJVM
INFO : Java Home:		D:\jdk\jre
06 20, 2020 20:31:40 œ¬ŒÁ cn.kayleh.diyTomcat.catalina.Server logJVM
INFO : JVM Version:		1.8.0_181-b13
06 20, 2020 20:31:40 œ¬ŒÁ cn.kayleh.diyTomcat.catalina.Server logJVM
INFO : JVM Vendor:		Oracle Corporation
06 20, 2020 20:31:40 œ¬ŒÁ cn.kayleh.diyTomcat.catalina.Connector init
INFO : Initializing ProtocolHandler [http-bio-8888]
06 20, 2020 20:31:40 œ¬ŒÁ cn.kayleh.diyTomcat.catalina.Connector init
INFO : Initializing ProtocolHandler [http-bio-7777]
06 20, 2020 20:31:40 œ¬ŒÁ cn.kayleh.diyTomcat.catalina.Connector init
INFO : Initializing ProtocolHandler [http-bio-6666]
06 20, 2020 20:31:40 œ¬ŒÁ cn.kayleh.diyTomcat.catalina.Service init
INFO : Initialization processed in 5 ms
06 20, 2020 20:31:40 œ¬ŒÁ cn.kayleh.diyTomcat.catalina.Connector start
INFO : Starting ProtocolHandler [http-bio-8888]
06 20, 2020 20:31:40 œ¬ŒÁ cn.kayleh.diyTomcat.catalina.Connector start
INFO : Starting ProtocolHandler [http-bio-7777]
06 20, 2020 20:31:40 œ¬ŒÁ cn.kayleh.diyTomcat.catalina.Connector start
INFO : Starting ProtocolHandler [http-bio-6666]
06 20, 2020 20:31:40 œ¬ŒÁ cn.kayleh.diyTomcat.catalina.Server start
INFO : Server startup in 17 ms
06 20, 2020 20:31:40 œ¬ŒÁ cn.kayleh.diyTomcat.catalina.Connector error
ERROR: Address already in use: JVM_Bind
java.net.BindException: Address already in use: JVM_Bind
	at java.net.DualStackPlainSocketImpl.bind0(Native Method)
	at java.net.DualStackPlainSocketImpl.socketBind(DualStackPlainSocketImpl.java:106)
	at java.net.AbstractPlainSocketImpl.bind(AbstractPlainSocketImpl.java:387)
	at java.net.PlainSocketImpl.bind(PlainSocketImpl.java:190)
	at java.net.ServerSocket.bind(ServerSocket.java:375)
	at java.net.ServerSocket.<init>(ServerSocket.java:237)
	at java.net.ServerSocket.<init>(ServerSocket.java:128)
	at cn.kayleh.diyTomcat.catalina.Connector.run(Connector.java:35)
	at java.lang.Thread.run(Thread.java:748)
06 20, 2020 20:31:40 œ¬ŒÁ cn.kayleh.diyTomcat.catalina.Connector error
ERROR: Address already in use: JVM_Bind
java.net.BindException: Address already in use: JVM_Bind
	at java.net.DualStackPlainSocketImpl.bind0(Native Method)
	at java.net.DualStackPlainSocketImpl.socketBind(DualStackPlainSocketImpl.java:106)
	at java.net.AbstractPlainSocketImpl.bind(AbstractPlainSocketImpl.java:387)
	at java.net.PlainSocketImpl.bind(PlainSocketImpl.java:190)
	at java.net.ServerSocket.bind(ServerSocket.java:375)
	at java.net.ServerSocket.<init>(ServerSocket.java:237)
	at java.net.ServerSocket.<init>(ServerSocket.java:128)
	at cn.kayleh.diyTomcat.catalina.Connector.run(Connector.java:35)
	at java.lang.Thread.run(Thread.java:748)
06 20, 2020 20:31:40 œ¬ŒÁ cn.kayleh.diyTomcat.catalina.Connector error
ERROR: Address already in use: JVM_Bind
java.net.BindException: Address already in use: JVM_Bind
	at java.net.DualStackPlainSocketImpl.bind0(Native Method)
	at java.net.DualStackPlainSocketImpl.socketBind(DualStackPlainSocketImpl.java:106)
	at java.net.AbstractPlainSocketImpl.bind(AbstractPlainSocketImpl.java:387)
	at java.net.PlainSocketImpl.bind(PlainSocketImpl.java:190)
	at java.net.ServerSocket.bind(ServerSocket.java:375)
	at java.net.ServerSocket.<init>(ServerSocket.java:237)
	at java.net.ServerSocket.<init>(ServerSocket.java:128)
	at cn.kayleh.diyTomcat.catalina.Connector.run(Connector.java:35)
	at java.lang.Thread.run(Thread.java:748)
06 20, 2020 20:32:20 œ¬ŒÁ cn.kayleh.diyTomcat.catalina.Context deploy
INFO : Deploying web application directory D:\project\diyTomcat\webapps\a
06 20, 2020 20:32:20 œ¬ŒÁ cn.kayleh.diyTomcat.catalina.Context deploy
INFO : Deployment of web application directory D:\project\diyTomcat\webapps\a has finished in 95 ms
06 20, 2020 20:32:20 œ¬ŒÁ cn.kayleh.diyTomcat.catalina.Context deploy
INFO : Deploying web application directory D:\project\diyTomcat\webapps\j2ee
06 20, 2020 20:32:20 œ¬ŒÁ cn.kayleh.diyTomcat.catalina.Context deploy
INFO : Deployment of web application directory D:\project\diyTomcat\webapps\j2ee has finished in 6 ms
06 20, 2020 20:32:20 œ¬ŒÁ cn.kayleh.diyTomcat.catalina.Context deploy
INFO : Deploying web application directory D:\project\diyTomcat\webapps\ROOT
06 20, 2020 20:32:20 œ¬ŒÁ cn.kayleh.diyTomcat.catalina.Context deploy
INFO : Deployment of web application directory D:\project\diyTomcat\webapps\ROOT has finished in 3 ms
06 20, 2020 20:32:20 œ¬ŒÁ cn.kayleh.diyTomcat.catalina.Context deploy
INFO : Deploying web application directory d:/project/diyTomcat/b
06 20, 2020 20:32:20 œ¬ŒÁ cn.kayleh.diyTomcat.catalina.Context deploy
INFO : Deployment of web application directory d:/project/diyTomcat/b has finished in 1 ms
06 20, 2020 20:32:20 œ¬ŒÁ cn.kayleh.diyTomcat.catalina.Server logJVM
INFO : Server version:		Kayleh DiyTomcat/1.0.1
06 20, 2020 20:32:20 œ¬ŒÁ cn.kayleh.diyTomcat.catalina.Server logJVM
INFO : Server built:		2020-06-11 15:55:01
06 20, 2020 20:32:20 œ¬ŒÁ cn.kayleh.diyTomcat.catalina.Server logJVM
INFO : Server number:		1.0.1
06 20, 2020 20:32:20 œ¬ŒÁ cn.kayleh.diyTomcat.catalina.Server logJVM
INFO : OS Name	:		Windows 10
06 20, 2020 20:32:20 œ¬ŒÁ cn.kayleh.diyTomcat.catalina.Server logJVM
INFO : OS Version:		10.0
06 20, 2020 20:32:20 œ¬ŒÁ cn.kayleh.diyTomcat.catalina.Server logJVM
INFO : Architecture:		amd64
06 20, 2020 20:32:20 œ¬ŒÁ cn.kayleh.diyTomcat.catalina.Server logJVM
INFO : Java Home:		D:\jdk\jre
06 20, 2020 20:32:20 œ¬ŒÁ cn.kayleh.diyTomcat.catalina.Server logJVM
INFO : JVM Version:		1.8.0_181-b13
06 20, 2020 20:32:20 œ¬ŒÁ cn.kayleh.diyTomcat.catalina.Server logJVM
INFO : JVM Vendor:		Oracle Corporation
06 20, 2020 20:32:20 œ¬ŒÁ cn.kayleh.diyTomcat.catalina.Connector init
INFO : Initializing ProtocolHandler [http-bio-8888]
06 20, 2020 20:32:20 œ¬ŒÁ cn.kayleh.diyTomcat.catalina.Connector init
INFO : Initializing ProtocolHandler [http-bio-7777]
06 20, 2020 20:32:20 œ¬ŒÁ cn.kayleh.diyTomcat.catalina.Connector init
INFO : Initializing ProtocolHandler [http-bio-6666]
06 20, 2020 20:32:20 œ¬ŒÁ cn.kayleh.diyTomcat.catalina.Service init
INFO : Initialization processed in 1 ms
06 20, 2020 20:32:20 œ¬ŒÁ cn.kayleh.diyTomcat.catalina.Connector start
INFO : Starting ProtocolHandler [http-bio-8888]
06 20, 2020 20:32:20 œ¬ŒÁ cn.kayleh.diyTomcat.catalina.Connector start
INFO : Starting ProtocolHandler [http-bio-7777]
06 20, 2020 20:32:20 œ¬ŒÁ cn.kayleh.diyTomcat.catalina.Connector start
INFO : Starting ProtocolHandler [http-bio-6666]
06 20, 2020 20:32:20 œ¬ŒÁ cn.kayleh.diyTomcat.catalina.Server start
INFO : Server startup in 9 ms
06 20, 2020 20:36:37 œ¬ŒÁ cn.kayleh.diyTomcat.catalina.Context deploy
INFO : Deploying web application directory D:\project\diyTomcat\webapps\a
06 20, 2020 20:36:37 œ¬ŒÁ cn.kayleh.diyTomcat.catalina.Context deploy
INFO : Deployment of web application directory D:\project\diyTomcat\webapps\a has finished in 77 ms
06 20, 2020 20:36:37 œ¬ŒÁ cn.kayleh.diyTomcat.catalina.Context deploy
INFO : Deploying web application directory D:\project\diyTomcat\webapps\j2ee
06 20, 2020 20:36:37 œ¬ŒÁ cn.kayleh.diyTomcat.catalina.Context deploy
INFO : Deployment of web application directory D:\project\diyTomcat\webapps\j2ee has finished in 6 ms
06 20, 2020 20:36:37 œ¬ŒÁ cn.kayleh.diyTomcat.catalina.Context deploy
INFO : Deploying web application directory D:\project\diyTomcat\webapps\ROOT
06 20, 2020 20:36:37 œ¬ŒÁ cn.kayleh.diyTomcat.catalina.Context deploy
INFO : Deployment of web application directory D:\project\diyTomcat\webapps\ROOT has finished in 0 ms
06 20, 2020 20:36:37 œ¬ŒÁ cn.kayleh.diyTomcat.catalina.Context deploy
INFO : Deploying web application directory d:/project/diyTomcat/b
06 20, 2020 20:36:37 œ¬ŒÁ cn.kayleh.diyTomcat.catalina.Context deploy
INFO : Deployment of web application directory d:/project/diyTomcat/b has finished in 2 ms
06 20, 2020 20:36:37 œ¬ŒÁ cn.kayleh.diyTomcat.catalina.Server logJVM
INFO : Server version:		Kayleh DiyTomcat/1.0.1
06 20, 2020 20:36:37 œ¬ŒÁ cn.kayleh.diyTomcat.catalina.Server logJVM
INFO : Server built:		2020-06-11 15:55:01
06 20, 2020 20:36:37 œ¬ŒÁ cn.kayleh.diyTomcat.catalina.Server logJVM
INFO : Server number:		1.0.1
06 20, 2020 20:36:37 œ¬ŒÁ cn.kayleh.diyTomcat.catalina.Server logJVM
INFO : OS Name	:		Windows 10
06 20, 2020 20:36:37 œ¬ŒÁ cn.kayleh.diyTomcat.catalina.Server logJVM
INFO : OS Version:		10.0
06 20, 2020 20:36:37 œ¬ŒÁ cn.kayleh.diyTomcat.catalina.Server logJVM
INFO : Architecture:		amd64
06 20, 2020 20:36:37 œ¬ŒÁ cn.kayleh.diyTomcat.catalina.Server logJVM
INFO : Java Home:		D:\jdk\jre
06 20, 2020 20:36:37 œ¬ŒÁ cn.kayleh.diyTomcat.catalina.Server logJVM
INFO : JVM Version:		1.8.0_181-b13
06 20, 2020 20:36:37 œ¬ŒÁ cn.kayleh.diyTomcat.catalina.Server logJVM
INFO : JVM Vendor:		Oracle Corporation
06 20, 2020 20:36:37 œ¬ŒÁ cn.kayleh.diyTomcat.catalina.Connector init
INFO : Initializing ProtocolHandler [http-bio-8888]
06 20, 2020 20:36:37 œ¬ŒÁ cn.kayleh.diyTomcat.catalina.Connector init
INFO : Initializing ProtocolHandler [http-bio-7777]
06 20, 2020 20:36:37 œ¬ŒÁ cn.kayleh.diyTomcat.catalina.Connector init
INFO : Initializing ProtocolHandler [http-bio-6666]
06 20, 2020 20:36:37 œ¬ŒÁ cn.kayleh.diyTomcat.catalina.Service init
INFO : Initialization processed in 4 ms
06 20, 2020 20:36:37 œ¬ŒÁ cn.kayleh.diyTomcat.catalina.Connector start
INFO : Starting ProtocolHandler [http-bio-8888]
06 20, 2020 20:36:37 œ¬ŒÁ cn.kayleh.diyTomcat.catalina.Connector start
INFO : Starting ProtocolHandler [http-bio-7777]
06 20, 2020 20:36:37 œ¬ŒÁ cn.kayleh.diyTomcat.catalina.Connector start
INFO : Starting ProtocolHandler [http-bio-6666]
06 20, 2020 20:36:37 œ¬ŒÁ cn.kayleh.diyTomcat.catalina.Server start
INFO : Server startup in 15 ms
06 20, 2020 20:36:47 œ¬ŒÁ cn.kayleh.diyTomcat.catalina.Context deploy
INFO : Deploying web application directory D:\project\diyTomcat\webapps\a
06 20, 2020 20:36:47 œ¬ŒÁ cn.kayleh.diyTomcat.catalina.Context deploy
INFO : Deployment of web application directory D:\project\diyTomcat\webapps\a has finished in 72 ms
06 20, 2020 20:36:47 œ¬ŒÁ cn.kayleh.diyTomcat.catalina.Context deploy
INFO : Deploying web application directory D:\project\diyTomcat\webapps\j2ee
06 20, 2020 20:36:47 œ¬ŒÁ cn.kayleh.diyTomcat.catalina.Context deploy
INFO : Deployment of web application directory D:\project\diyTomcat\webapps\j2ee has finished in 5 ms
06 20, 2020 20:36:47 œ¬ŒÁ cn.kayleh.diyTomcat.catalina.Context deploy
INFO : Deploying web application directory D:\project\diyTomcat\webapps\ROOT
06 20, 2020 20:36:47 œ¬ŒÁ cn.kayleh.diyTomcat.catalina.Context deploy
INFO : Deployment of web application directory D:\project\diyTomcat\webapps\ROOT has finished in 1 ms
06 20, 2020 20:36:47 œ¬ŒÁ cn.kayleh.diyTomcat.catalina.Context deploy
INFO : Deploying web application directory d:/project/diyTomcat/b
06 20, 2020 20:36:47 œ¬ŒÁ cn.kayleh.diyTomcat.catalina.Context deploy
INFO : Deployment of web application directory d:/project/diyTomcat/b has finished in 1 ms
06 20, 2020 20:36:47 œ¬ŒÁ cn.kayleh.diyTomcat.catalina.Server logJVM
INFO : Server version:		Kayleh DiyTomcat/1.0.1
06 20, 2020 20:36:47 œ¬ŒÁ cn.kayleh.diyTomcat.catalina.Server logJVM
INFO : Server built:		2020-06-11 15:55:01
06 20, 2020 20:36:47 œ¬ŒÁ cn.kayleh.diyTomcat.catalina.Server logJVM
INFO : Server number:		1.0.1
06 20, 2020 20:36:47 œ¬ŒÁ cn.kayleh.diyTomcat.catalina.Server logJVM
INFO : OS Name	:		Windows 10
06 20, 2020 20:36:47 œ¬ŒÁ cn.kayleh.diyTomcat.catalina.Server logJVM
INFO : OS Version:		10.0
06 20, 2020 20:36:47 œ¬ŒÁ cn.kayleh.diyTomcat.catalina.Server logJVM
INFO : Architecture:		amd64
06 20, 2020 20:36:47 œ¬ŒÁ cn.kayleh.diyTomcat.catalina.Server logJVM
INFO : Java Home:		D:\jdk\jre
06 20, 2020 20:36:47 œ¬ŒÁ cn.kayleh.diyTomcat.catalina.Server logJVM
INFO : JVM Version:		1.8.0_181-b13
06 20, 2020 20:36:47 œ¬ŒÁ cn.kayleh.diyTomcat.catalina.Server logJVM
INFO : JVM Vendor:		Oracle Corporation
06 20, 2020 20:36:47 œ¬ŒÁ cn.kayleh.diyTomcat.catalina.Connector init
INFO : Initializing ProtocolHandler [http-bio-8888]
06 20, 2020 20:36:47 œ¬ŒÁ cn.kayleh.diyTomcat.catalina.Connector init
INFO : Initializing ProtocolHandler [http-bio-7777]
06 20, 2020 20:36:47 œ¬ŒÁ cn.kayleh.diyTomcat.catalina.Connector init
INFO : Initializing ProtocolHandler [http-bio-6666]
06 20, 2020 20:36:47 œ¬ŒÁ cn.kayleh.diyTomcat.catalina.Service init
INFO : Initialization processed in 1 ms
06 20, 2020 20:36:47 œ¬ŒÁ cn.kayleh.diyTomcat.catalina.Connector start
INFO : Starting ProtocolHandler [http-bio-8888]
06 20, 2020 20:36:47 œ¬ŒÁ cn.kayleh.diyTomcat.catalina.Connector start
INFO : Starting ProtocolHandler [http-bio-7777]
06 20, 2020 20:36:47 œ¬ŒÁ cn.kayleh.diyTomcat.catalina.Connector start
INFO : Starting ProtocolHandler [http-bio-6666]
06 20, 2020 20:36:47 œ¬ŒÁ cn.kayleh.diyTomcat.catalina.Server start
INFO : Server startup in 8 ms
