06 12, 2020 10:01:33 上午 cn.kayleh.diyTomcat.Bootstrap logJVM
INFO : Server version:		Kayleh DiyTomcat/1.0.1
06 12, 2020 10:01:33 上午 cn.kayleh.diyTomcat.Bootstrap logJVM
INFO : Server built:		2020-06-11 15:55:01
06 12, 2020 10:01:33 上午 cn.kayleh.diyTomcat.Bootstrap logJVM
INFO : Server number:		1.0.1
06 12, 2020 10:01:33 上午 cn.kayleh.diyTomcat.Bootstrap logJVM
INFO : OS Name	:		Windows 10
06 12, 2020 10:01:33 上午 cn.kayleh.diyTomcat.Bootstrap logJVM
INFO : OS Version:		10.0
06 12, 2020 10:01:33 上午 cn.kayleh.diyTomcat.Bootstrap logJVM
INFO : Architecture:		amd64
06 12, 2020 10:01:33 上午 cn.kayleh.diyTomcat.Bootstrap logJVM
INFO : Java Home:		D:\jdk\jre
06 12, 2020 10:01:33 上午 cn.kayleh.diyTomcat.Bootstrap logJVM
INFO : JVM Version:		1.8.0_181-b13
06 12, 2020 10:01:33 上午 cn.kayleh.diyTomcat.Bootstrap logJVM
INFO : JVM Vendor:		Oracle Corporation
06 12, 2020 17:55:25 下午 cn.kayleh.diyTomcat.Bootstrap logJVM
INFO : Server version:		Kayleh DiyTomcat/1.0.1
06 12, 2020 17:55:25 下午 cn.kayleh.diyTomcat.Bootstrap logJVM
INFO : Server built:		2020-06-11 15:55:01
06 12, 2020 17:55:25 下午 cn.kayleh.diyTomcat.Bootstrap logJVM
INFO : Server number:		1.0.1
06 12, 2020 17:55:25 下午 cn.kayleh.diyTomcat.Bootstrap logJVM
INFO : OS Name	:		Windows 10
06 12, 2020 17:55:25 下午 cn.kayleh.diyTomcat.Bootstrap logJVM
INFO : OS Version:		10.0
06 12, 2020 17:55:25 下午 cn.kayleh.diyTomcat.Bootstrap logJVM
INFO : Architecture:		amd64
06 12, 2020 17:55:25 下午 cn.kayleh.diyTomcat.Bootstrap logJVM
INFO : Java Home:		D:\jdk\jre
06 12, 2020 17:55:25 下午 cn.kayleh.diyTomcat.Bootstrap logJVM
INFO : JVM Version:		1.8.0_181-b13
06 12, 2020 17:55:25 下午 cn.kayleh.diyTomcat.Bootstrap logJVM
INFO : JVM Vendor:		Oracle Corporation
06 12, 2020 17:55:25 下午 cn.kayleh.diyTomcat.catalina.Context <init>
INFO : Deploying web application directory D:\project\diyTomcat\webapps\a
06 12, 2020 17:55:25 下午 cn.kayleh.diyTomcat.catalina.Context <init>
INFO : Deployment of web application directory D:\project\diyTomcat\webapps\a has finished in 1 ms
06 12, 2020 17:55:25 下午 cn.kayleh.diyTomcat.catalina.Context <init>
INFO : Deploying web application directory D:\project\diyTomcat\webapps\root
06 12, 2020 17:55:25 下午 cn.kayleh.diyTomcat.catalina.Context <init>
INFO : Deployment of web application directory D:\project\diyTomcat\webapps\root has finished in 0 ms
06 12, 2020 17:57:33 下午 cn.kayleh.diyTomcat.Bootstrap logJVM
INFO : Server version:		Kayleh DiyTomcat/1.0.1
06 12, 2020 17:57:33 下午 cn.kayleh.diyTomcat.Bootstrap logJVM
INFO : Server built:		2020-06-11 15:55:01
06 12, 2020 17:57:33 下午 cn.kayleh.diyTomcat.Bootstrap logJVM
INFO : Server number:		1.0.1
06 12, 2020 17:57:33 下午 cn.kayleh.diyTomcat.Bootstrap logJVM
INFO : OS Name	:		Windows 10
06 12, 2020 17:57:33 下午 cn.kayleh.diyTomcat.Bootstrap logJVM
INFO : OS Version:		10.0
06 12, 2020 17:57:33 下午 cn.kayleh.diyTomcat.Bootstrap logJVM
INFO : Architecture:		amd64
06 12, 2020 17:57:33 下午 cn.kayleh.diyTomcat.Bootstrap logJVM
INFO : Java Home:		D:\jdk\jre
06 12, 2020 17:57:33 下午 cn.kayleh.diyTomcat.Bootstrap logJVM
INFO : JVM Version:		1.8.0_181-b13
06 12, 2020 17:57:33 下午 cn.kayleh.diyTomcat.Bootstrap logJVM
INFO : JVM Vendor:		Oracle Corporation
06 12, 2020 17:57:33 下午 cn.kayleh.diyTomcat.catalina.Context <init>
INFO : Deploying web application directory D:\project\diyTomcat\webapps\a
06 12, 2020 17:57:33 下午 cn.kayleh.diyTomcat.catalina.Context <init>
INFO : Deployment of web application directory D:\project\diyTomcat\webapps\a has finished in 1 ms
06 12, 2020 17:57:33 下午 cn.kayleh.diyTomcat.catalina.Context <init>
INFO : Deploying web application directory D:\project\diyTomcat\webapps\root
06 12, 2020 17:57:33 下午 cn.kayleh.diyTomcat.catalina.Context <init>
INFO : Deployment of web application directory D:\project\diyTomcat\webapps\root has finished in 1 ms
06 12, 2020 17:57:40 下午 cn.kayleh.diyTomcat.Bootstrap logJVM
INFO : Server version:		Kayleh DiyTomcat/1.0.1
06 12, 2020 17:57:40 下午 cn.kayleh.diyTomcat.Bootstrap logJVM
INFO : Server built:		2020-06-11 15:55:01
06 12, 2020 17:57:40 下午 cn.kayleh.diyTomcat.Bootstrap logJVM
INFO : Server number:		1.0.1
06 12, 2020 17:57:40 下午 cn.kayleh.diyTomcat.Bootstrap logJVM
INFO : OS Name	:		Windows 10
06 12, 2020 17:57:40 下午 cn.kayleh.diyTomcat.Bootstrap logJVM
INFO : OS Version:		10.0
06 12, 2020 17:57:40 下午 cn.kayleh.diyTomcat.Bootstrap logJVM
INFO : Architecture:		amd64
06 12, 2020 17:57:40 下午 cn.kayleh.diyTomcat.Bootstrap logJVM
INFO : Java Home:		D:\jdk\jre
06 12, 2020 17:57:40 下午 cn.kayleh.diyTomcat.Bootstrap logJVM
INFO : JVM Version:		1.8.0_181-b13
06 12, 2020 17:57:40 下午 cn.kayleh.diyTomcat.Bootstrap logJVM
INFO : JVM Vendor:		Oracle Corporation
06 12, 2020 17:57:40 下午 cn.kayleh.diyTomcat.catalina.Context <init>
INFO : Deploying web application directory D:\project\diyTomcat\webapps\a
06 12, 2020 17:57:40 下午 cn.kayleh.diyTomcat.catalina.Context <init>
INFO : Deployment of web application directory D:\project\diyTomcat\webapps\a has finished in 1 ms
06 12, 2020 17:57:40 下午 cn.kayleh.diyTomcat.catalina.Context <init>
INFO : Deploying web application directory D:\project\diyTomcat\webapps\root
06 12, 2020 17:57:40 下午 cn.kayleh.diyTomcat.catalina.Context <init>
INFO : Deployment of web application directory D:\project\diyTomcat\webapps\root has finished in 0 ms
